#-----------------------------------------------------------
# Vivado v2019.2 (64-bit)
# SW Build 2708876 on Wed Nov  6 21:40:23 MST 2019
# IP Build 2700528 on Thu Nov  7 00:09:20 MST 2019
# Start of session at: Sat Feb 24 11:50:32 2024
# Process ID: 17732
# Current directory: C:/Users/victo/Desktop/TFM/Zynq/TFM_ZYNQ_ETHERNET
# Command line: vivado.exe -gui_launcher_event rodinguilauncherevent18140 C:\Users\victo\Desktop\TFM\Zynq\TFM_ZYNQ_ETHERNET\TFM_ZYNQ_4.xpr
# Log file: C:/Users/victo/Desktop/TFM/Zynq/TFM_ZYNQ_ETHERNET/vivado.log
# Journal file: C:/Users/victo/Desktop/TFM/Zynq/TFM_ZYNQ_ETHERNET\vivado.jou
#-----------------------------------------------------------
start_gui
open_project C:/Users/victo/Desktop/TFM/Zynq/TFM_ZYNQ_ETHERNET/TFM_ZYNQ_4.xpr
Scanning sources...
Finished scanning sources
INFO: [IP_Flow 19-234] Refreshing IP repositories
INFO: [IP_Flow 19-1700] Loaded user IP repository 'c:/Users/victo/Desktop/TFM/Zynq/BeST_EMG_ads1298/example_dma_v0_5/ip_repo'.
INFO: [IP_Flow 19-2313] Loaded Vivado IP repository 'C:/Xilinx/Vivado/2019.2/data/ip'.
open_project: Time (s): cpu = 00:00:36 ; elapsed = 00:00:31 . Memory (MB): peak = 1140.152 ; gain = 516.855
update_compile_order -fileset sources_1
exit
INFO: [Common 17-206] Exiting Vivado at Sat Feb 24 11:51:47 2024...
