TRACE::2023-02-26.13:34:35::SCWBifWriter::Found the complete platform C:/Users/victo/Desktop/TFM/Zynq/TFM_ZINQ/zynq_swr/TFM_ZYNQ_wrapper/export/TFM_ZYNQ_wrapper/TFM_ZYNQ_wrapper.xpfm
TRACE::2023-02-26.13:34:35::SCWBifWriter::hardware databse : TFM_ZYNQ_wrapper_1
TRACE::2023-02-26.13:34:35::SCWBifWriter::bitstream found in the design
TRACE::2023-02-26.13:34:35::SCWBifWriter::Found a baremetal domain, proc: ps7_cortexa9_0
TRACE::2023-02-26.13:34:35::SCWBifWriter::proc type : 
TRACE::2023-02-26.13:34:35::SCWBifWriter::proc[0] : ps7_cortexa9_0
TRACE::2023-02-26.13:34:35::SCWBifWriter::Device type is : zynq
TRACE::2023-02-26.13:34:35::SCWBifWriter::Writing BIF to file : C:/Users/victo/Desktop/TFM/Zynq/TFM_ZINQ/zynq_swr/TFM_ZINQ_system/Debug/system.bif
TRACE::2023-02-26.13:34:35::SCWBifWriter::Writing the Zynq Baremetal bif 
TRACE::2023-02-26.13:37:32::SCWBifWriter::Found the complete platform C:/Users/victo/Desktop/TFM/Zynq/TFM_ZINQ/zynq_swr/TFM_ZYNQ_wrapper/export/TFM_ZYNQ_wrapper/TFM_ZYNQ_wrapper.xpfm
TRACE::2023-02-26.13:37:32::SCWBifWriter::hardware databse : TFM_ZYNQ_wrapper_2
TRACE::2023-02-26.13:37:32::SCWBifWriter::bitstream found in the design
TRACE::2023-02-26.13:37:32::SCWBifWriter::Found a baremetal domain, proc: ps7_cortexa9_0
TRACE::2023-02-26.13:37:32::SCWBifWriter::proc type : 
TRACE::2023-02-26.13:37:32::SCWBifWriter::proc[0] : ps7_cortexa9_0
TRACE::2023-02-26.13:37:32::SCWBifWriter::Device type is : zynq
TRACE::2023-02-26.13:37:32::SCWBifWriter::Writing BIF to file : C:/Users/victo/Desktop/TFM/Zynq/TFM_ZINQ/zynq_swr/TFM_ZINQ_system/Debug/system.bif
TRACE::2023-02-26.13:37:32::SCWBifWriter::Writing the Zynq Baremetal bif 
TRACE::2023-02-27.12:01:11::SCWBifWriter::Found the complete platform C:/Users/victo/Desktop/TFM/Zynq/TFM_ZINQ/zynq_swr/TFM_ZYNQ_wrapper/export/TFM_ZYNQ_wrapper/TFM_ZYNQ_wrapper.xpfm
TRACE::2023-02-27.12:01:11::SCWBifWriter::hardware databse : TFM_ZYNQ_wrapper
TRACE::2023-02-27.12:01:11::SCWBifWriter::bitstream found in the design
TRACE::2023-02-27.12:01:11::SCWBifWriter::Found a baremetal domain, proc: ps7_cortexa9_0
TRACE::2023-02-27.12:01:11::SCWBifWriter::proc type : 
TRACE::2023-02-27.12:01:11::SCWBifWriter::proc[0] : ps7_cortexa9_0
TRACE::2023-02-27.12:01:11::SCWBifWriter::Device type is : zynq
TRACE::2023-02-27.12:01:11::SCWBifWriter::Writing BIF to file : C:/Users/victo/Desktop/TFM/Zynq/TFM_ZINQ/zynq_swr/TFM_ZINQ_system/Debug/system.bif
TRACE::2023-02-27.12:01:11::SCWBifWriter::Writing the Zynq Baremetal bif 
TRACE::2023-02-27.12:21:14::SCWBifWriter::Found the complete platform C:/Users/victo/Desktop/TFM/Zynq/TFM_ZINQ/zynq_swr/TFM_ZYNQ_wrapper/export/TFM_ZYNQ_wrapper/TFM_ZYNQ_wrapper.xpfm
TRACE::2023-02-27.12:21:14::SCWBifWriter::hardware databse : TFM_ZYNQ_wrapper_1
TRACE::2023-02-27.12:21:14::SCWBifWriter::bitstream found in the design
TRACE::2023-02-27.12:21:14::SCWBifWriter::Found a baremetal domain, proc: ps7_cortexa9_0
TRACE::2023-02-27.12:21:14::SCWBifWriter::proc type : 
TRACE::2023-02-27.12:21:14::SCWBifWriter::proc[0] : ps7_cortexa9_0
TRACE::2023-02-27.12:21:14::SCWBifWriter::Device type is : zynq
TRACE::2023-02-27.12:21:14::SCWBifWriter::Writing BIF to file : C:/Users/victo/Desktop/TFM/Zynq/TFM_ZINQ/zynq_swr/TFM_ZINQ_system/Debug/system.bif
TRACE::2023-02-27.12:21:14::SCWBifWriter::Writing the Zynq Baremetal bif 
TRACE::2023-02-27.12:26:46::SCWBifWriter::Found the complete platform C:/Users/victo/Desktop/TFM/Zynq/TFM_ZINQ/zynq_swr/TFM_ZYNQ_wrapper/export/TFM_ZYNQ_wrapper/TFM_ZYNQ_wrapper.xpfm
TRACE::2023-02-27.12:26:46::SCWBifWriter::hardware databse : TFM_ZYNQ_wrapper_2
TRACE::2023-02-27.12:26:46::SCWBifWriter::bitstream found in the design
TRACE::2023-02-27.12:26:46::SCWBifWriter::Found a baremetal domain, proc: ps7_cortexa9_0
TRACE::2023-02-27.12:26:46::SCWBifWriter::proc type : 
TRACE::2023-02-27.12:26:46::SCWBifWriter::proc[0] : ps7_cortexa9_0
TRACE::2023-02-27.12:26:46::SCWBifWriter::Device type is : zynq
TRACE::2023-02-27.12:26:46::SCWBifWriter::Writing BIF to file : C:/Users/victo/Desktop/TFM/Zynq/TFM_ZINQ/zynq_swr/TFM_ZINQ_system/Debug/system.bif
TRACE::2023-02-27.12:26:46::SCWBifWriter::Writing the Zynq Baremetal bif 
TRACE::2023-02-27.12:29:52::SCWBifWriter::Found the complete platform C:/Users/victo/Desktop/TFM/Zynq/TFM_ZINQ/zynq_swr/TFM_ZYNQ_wrapper/export/TFM_ZYNQ_wrapper/TFM_ZYNQ_wrapper.xpfm
TRACE::2023-02-27.12:29:53::SCWBifWriter::hardware databse : TFM_ZYNQ_wrapper_5
TRACE::2023-02-27.12:29:53::SCWBifWriter::bitstream found in the design
TRACE::2023-02-27.12:29:53::SCWBifWriter::Found a baremetal domain, proc: ps7_cortexa9_0
TRACE::2023-02-27.12:29:53::SCWBifWriter::proc type : 
TRACE::2023-02-27.12:29:53::SCWBifWriter::proc[0] : ps7_cortexa9_0
TRACE::2023-02-27.12:29:53::SCWBifWriter::Device type is : zynq
TRACE::2023-02-27.12:29:53::SCWBifWriter::Writing BIF to file : C:/Users/victo/Desktop/TFM/Zynq/TFM_ZINQ/zynq_swr/TFM_ZINQ_system/Debug/system.bif
TRACE::2023-02-27.12:29:53::SCWBifWriter::Writing the Zynq Baremetal bif 
TRACE::2023-02-27.12:40:57::SCWBifWriter::Found the complete platform C:/Users/victo/Desktop/TFM/Zynq/TFM_ZINQ/zynq_swr/TFM_ZYNQ_wrapper/export/TFM_ZYNQ_wrapper/TFM_ZYNQ_wrapper.xpfm
TRACE::2023-02-27.12:40:57::SCWBifWriter::hardware databse : TFM_ZYNQ_wrapper_6
TRACE::2023-02-27.12:40:57::SCWBifWriter::bitstream found in the design
TRACE::2023-02-27.12:40:57::SCWBifWriter::Found a baremetal domain, proc: ps7_cortexa9_0
TRACE::2023-02-27.12:40:57::SCWBifWriter::proc type : 
TRACE::2023-02-27.12:40:57::SCWBifWriter::proc[0] : ps7_cortexa9_0
TRACE::2023-02-27.12:40:57::SCWBifWriter::Device type is : zynq
TRACE::2023-02-27.12:40:57::SCWBifWriter::Writing BIF to file : C:/Users/victo/Desktop/TFM/Zynq/TFM_ZINQ/zynq_swr/TFM_ZINQ_system/Debug/system.bif
TRACE::2023-02-27.12:40:57::SCWBifWriter::Writing the Zynq Baremetal bif 
TRACE::2023-02-27.13:13:36::SCWBifWriter::Found the complete platform C:/Users/victo/Desktop/TFM/Zynq/TFM_ZINQ/zynq_swr/TFM_ZYNQ_wrapper/export/TFM_ZYNQ_wrapper/TFM_ZYNQ_wrapper.xpfm
TRACE::2023-02-27.13:13:37::SCWBifWriter::hardware databse : TFM_ZYNQ_wrapper_7
TRACE::2023-02-27.13:13:37::SCWBifWriter::bitstream found in the design
TRACE::2023-02-27.13:13:37::SCWBifWriter::Found a baremetal domain, proc: ps7_cortexa9_0
TRACE::2023-02-27.13:13:37::SCWBifWriter::proc type : 
TRACE::2023-02-27.13:13:37::SCWBifWriter::proc[0] : ps7_cortexa9_0
TRACE::2023-02-27.13:13:37::SCWBifWriter::Device type is : zynq
TRACE::2023-02-27.13:13:37::SCWBifWriter::Writing BIF to file : C:/Users/victo/Desktop/TFM/Zynq/TFM_ZINQ/zynq_swr/TFM_ZINQ_system/Debug/system.bif
TRACE::2023-02-27.13:13:37::SCWBifWriter::Writing the Zynq Baremetal bif 
