TRACE::2024-02-16.20:53:26::SCWBifWriter::Found the complete platform C:/Users/victo/Desktop/TFM/Zynq/TFM_ZYNQ_ETHERNET/software_TFM/TFM_ZYNQ_4_wrapper/export/TFM_ZYNQ_4_wrapper/TFM_ZYNQ_4_wrapper.xpfm
TRACE::2024-02-16.20:53:26::SCWBifWriter::hardware databse : TFM_ZYNQ_4_wrapper_1
TRACE::2024-02-16.20:53:26::SCWBifWriter::bitstream found in the design
TRACE::2024-02-16.20:53:26::SCWBifWriter::Found a baremetal domain, proc: ps7_cortexa9_0
TRACE::2024-02-16.20:53:26::SCWBifWriter::proc type : 
TRACE::2024-02-16.20:53:26::SCWBifWriter::proc[0] : ps7_cortexa9_0
TRACE::2024-02-16.20:53:26::SCWBifWriter::Device type is : zynq
TRACE::2024-02-16.20:53:26::SCWBifWriter::Writing BIF to file : C:/Users/victo/Desktop/TFM/Zynq/TFM_ZYNQ_ETHERNET/software_TFM/software_TFM_system/Debug/system.bif
TRACE::2024-02-16.20:53:26::SCWBifWriter::Writing the Zynq Baremetal bif 
TRACE::2024-02-16.20:54:20::SCWBifWriter::Found the complete platform C:/Users/victo/Desktop/TFM/Zynq/TFM_ZYNQ_ETHERNET/software_TFM/TFM_ZYNQ_4_wrapper/export/TFM_ZYNQ_4_wrapper/TFM_ZYNQ_4_wrapper.xpfm
TRACE::2024-02-16.20:54:21::SCWBifWriter::hardware databse : TFM_ZYNQ_4_wrapper_1
TRACE::2024-02-16.20:54:21::SCWBifWriter::bitstream found in the design
TRACE::2024-02-16.20:54:21::SCWBifWriter::Found a baremetal domain, proc: ps7_cortexa9_0
TRACE::2024-02-16.20:54:21::SCWBifWriter::proc type : 
TRACE::2024-02-16.20:54:21::SCWBifWriter::proc[0] : ps7_cortexa9_0
TRACE::2024-02-16.20:54:21::SCWBifWriter::Device type is : zynq
TRACE::2024-02-16.20:54:21::SCWBifWriter::Writing BIF to file : C:/Users/victo/Desktop/TFM/Zynq/TFM_ZYNQ_ETHERNET/software_TFM/software_TFM_system/Debug/system.bif
TRACE::2024-02-16.20:54:21::SCWBifWriter::Writing the Zynq Baremetal bif 
TRACE::2024-02-16.22:10:22::SCWBifWriter::Found the complete platform C:/Users/victo/Desktop/TFM/Zynq/TFM_ZYNQ_ETHERNET/software_TFM/TFM_ZYNQ_4_wrapper/export/TFM_ZYNQ_4_wrapper/TFM_ZYNQ_4_wrapper.xpfm
TRACE::2024-02-16.22:10:23::SCWBifWriter::hardware databse : TFM_ZYNQ_4_wrapper_1
TRACE::2024-02-16.22:10:23::SCWBifWriter::bitstream found in the design
TRACE::2024-02-16.22:10:23::SCWBifWriter::Found a baremetal domain, proc: ps7_cortexa9_0
TRACE::2024-02-16.22:10:23::SCWBifWriter::proc type : 
TRACE::2024-02-16.22:10:23::SCWBifWriter::proc[0] : ps7_cortexa9_0
TRACE::2024-02-16.22:10:23::SCWBifWriter::Device type is : zynq
TRACE::2024-02-16.22:10:23::SCWBifWriter::Writing BIF to file : C:/Users/victo/Desktop/TFM/Zynq/TFM_ZYNQ_ETHERNET/software_TFM/software_TFM_system/Debug/system.bif
TRACE::2024-02-16.22:10:23::SCWBifWriter::Writing the Zynq Baremetal bif 
TRACE::2024-02-16.22:10:41::SCWBifWriter::Found the complete platform C:/Users/victo/Desktop/TFM/Zynq/TFM_ZYNQ_ETHERNET/software_TFM/TFM_ZYNQ_4_wrapper/export/TFM_ZYNQ_4_wrapper/TFM_ZYNQ_4_wrapper.xpfm
TRACE::2024-02-16.22:10:41::SCWBifWriter::hardware databse : TFM_ZYNQ_4_wrapper_1
TRACE::2024-02-16.22:10:41::SCWBifWriter::bitstream found in the design
TRACE::2024-02-16.22:10:41::SCWBifWriter::Found a baremetal domain, proc: ps7_cortexa9_0
TRACE::2024-02-16.22:10:41::SCWBifWriter::proc type : 
TRACE::2024-02-16.22:10:41::SCWBifWriter::proc[0] : ps7_cortexa9_0
TRACE::2024-02-16.22:10:41::SCWBifWriter::Device type is : zynq
TRACE::2024-02-16.22:10:41::SCWBifWriter::Writing BIF to file : C:/Users/victo/Desktop/TFM/Zynq/TFM_ZYNQ_ETHERNET/software_TFM/software_TFM_system/Debug/system.bif
TRACE::2024-02-16.22:10:41::SCWBifWriter::Writing the Zynq Baremetal bif 
TRACE::2024-02-16.22:14:00::SCWBifWriter::Found the complete platform C:/Users/victo/Desktop/TFM/Zynq/TFM_ZYNQ_ETHERNET/software_TFM/TFM_ZYNQ_4_wrapper/export/TFM_ZYNQ_4_wrapper/TFM_ZYNQ_4_wrapper.xpfm
TRACE::2024-02-16.22:14:00::SCWBifWriter::hardware databse : TFM_ZYNQ_4_wrapper_1
TRACE::2024-02-16.22:14:00::SCWBifWriter::bitstream found in the design
TRACE::2024-02-16.22:14:00::SCWBifWriter::Found a baremetal domain, proc: ps7_cortexa9_0
TRACE::2024-02-16.22:14:00::SCWBifWriter::proc type : 
TRACE::2024-02-16.22:14:00::SCWBifWriter::proc[0] : ps7_cortexa9_0
TRACE::2024-02-16.22:14:00::SCWBifWriter::Device type is : zynq
TRACE::2024-02-16.22:14:00::SCWBifWriter::Writing BIF to file : C:/Users/victo/Desktop/TFM/Zynq/TFM_ZYNQ_ETHERNET/software_TFM/software_TFM_system/Debug/system.bif
TRACE::2024-02-16.22:14:00::SCWBifWriter::Writing the Zynq Baremetal bif 
TRACE::2024-02-16.22:29:27::SCWBifWriter::Found the complete platform C:/Users/victo/Desktop/TFM/Zynq/TFM_ZYNQ_ETHERNET/software_TFM/TFM_ZYNQ_4_wrapper/export/TFM_ZYNQ_4_wrapper/TFM_ZYNQ_4_wrapper.xpfm
TRACE::2024-02-16.22:29:27::SCWBifWriter::hardware databse : TFM_ZYNQ_4_wrapper_1
TRACE::2024-02-16.22:29:27::SCWBifWriter::bitstream found in the design
TRACE::2024-02-16.22:29:27::SCWBifWriter::Found a baremetal domain, proc: ps7_cortexa9_0
TRACE::2024-02-16.22:29:27::SCWBifWriter::proc type : 
TRACE::2024-02-16.22:29:27::SCWBifWriter::proc[0] : ps7_cortexa9_0
TRACE::2024-02-16.22:29:27::SCWBifWriter::Device type is : zynq
TRACE::2024-02-16.22:29:27::SCWBifWriter::Writing BIF to file : C:/Users/victo/Desktop/TFM/Zynq/TFM_ZYNQ_ETHERNET/software_TFM/software_TFM_system/Debug/system.bif
TRACE::2024-02-16.22:29:27::SCWBifWriter::Writing the Zynq Baremetal bif 
TRACE::2024-02-16.22:33:24::SCWBifWriter::Found the complete platform C:/Users/victo/Desktop/TFM/Zynq/TFM_ZYNQ_ETHERNET/software_TFM/TFM_ZYNQ_4_wrapper/export/TFM_ZYNQ_4_wrapper/TFM_ZYNQ_4_wrapper.xpfm
TRACE::2024-02-16.22:33:24::SCWBifWriter::hardware databse : TFM_ZYNQ_4_wrapper_1
TRACE::2024-02-16.22:33:24::SCWBifWriter::bitstream found in the design
TRACE::2024-02-16.22:33:24::SCWBifWriter::Found a baremetal domain, proc: ps7_cortexa9_0
TRACE::2024-02-16.22:33:24::SCWBifWriter::proc type : 
TRACE::2024-02-16.22:33:24::SCWBifWriter::proc[0] : ps7_cortexa9_0
TRACE::2024-02-16.22:33:24::SCWBifWriter::Device type is : zynq
TRACE::2024-02-16.22:33:24::SCWBifWriter::Writing BIF to file : C:/Users/victo/Desktop/TFM/Zynq/TFM_ZYNQ_ETHERNET/software_TFM/software_TFM_system/Debug/system.bif
TRACE::2024-02-16.22:33:24::SCWBifWriter::Writing the Zynq Baremetal bif 
TRACE::2024-02-17.15:28:21::SCWBifWriter::Found the complete platform C:/Users/victo/Desktop/TFM/Zynq/TFM_ZYNQ_ETHERNET/software_TFM/TFM_ZYNQ_4_wrapper/export/TFM_ZYNQ_4_wrapper/TFM_ZYNQ_4_wrapper.xpfm
TRACE::2024-02-17.15:28:21::SCWBifWriter::hardware databse : TFM_ZYNQ_4_wrapper
TRACE::2024-02-17.15:28:21::SCWBifWriter::bitstream found in the design
TRACE::2024-02-17.15:28:21::SCWBifWriter::Found a baremetal domain, proc: ps7_cortexa9_0
TRACE::2024-02-17.15:28:21::SCWBifWriter::proc type : 
TRACE::2024-02-17.15:28:21::SCWBifWriter::proc[0] : ps7_cortexa9_0
TRACE::2024-02-17.15:28:21::SCWBifWriter::Device type is : zynq
TRACE::2024-02-17.15:28:21::SCWBifWriter::Writing BIF to file : C:/Users/victo/Desktop/TFM/Zynq/TFM_ZYNQ_ETHERNET/software_TFM/software_TFM_system/Debug/system.bif
TRACE::2024-02-17.15:28:21::SCWBifWriter::Writing the Zynq Baremetal bif 
TRACE::2024-02-17.17:17:35::SCWBifWriter::Found the complete platform C:/Users/victo/Desktop/TFM/Zynq/TFM_ZYNQ_ETHERNET/software_TFM/TFM_ZYNQ_4_wrapper/export/TFM_ZYNQ_4_wrapper/TFM_ZYNQ_4_wrapper.xpfm
TRACE::2024-02-17.17:17:35::SCWBifWriter::hardware databse : TFM_ZYNQ_4_wrapper_0
TRACE::2024-02-17.17:17:35::SCWBifWriter::bitstream found in the design
TRACE::2024-02-17.17:17:35::SCWBifWriter::Found a baremetal domain, proc: ps7_cortexa9_0
TRACE::2024-02-17.17:17:35::SCWBifWriter::proc type : 
TRACE::2024-02-17.17:17:35::SCWBifWriter::proc[0] : ps7_cortexa9_0
TRACE::2024-02-17.17:17:35::SCWBifWriter::Device type is : zynq
TRACE::2024-02-17.17:17:35::SCWBifWriter::Writing BIF to file : C:/Users/victo/Desktop/TFM/Zynq/TFM_ZYNQ_ETHERNET/software_TFM/software_TFM_system/Debug/system.bif
TRACE::2024-02-17.17:17:35::SCWBifWriter::Writing the Zynq Baremetal bif 
TRACE::2024-02-17.17:26:39::SCWBifWriter::Found the complete platform C:/Users/victo/Desktop/TFM/Zynq/TFM_ZYNQ_ETHERNET/software_TFM/TFM_ZYNQ_4_wrapper/export/TFM_ZYNQ_4_wrapper/TFM_ZYNQ_4_wrapper.xpfm
TRACE::2024-02-17.17:26:39::SCWBifWriter::hardware databse : TFM_ZYNQ_4_wrapper_0
TRACE::2024-02-17.17:26:39::SCWBifWriter::bitstream found in the design
TRACE::2024-02-17.17:26:39::SCWBifWriter::Found a baremetal domain, proc: ps7_cortexa9_0
TRACE::2024-02-17.17:26:39::SCWBifWriter::proc type : 
TRACE::2024-02-17.17:26:39::SCWBifWriter::proc[0] : ps7_cortexa9_0
TRACE::2024-02-17.17:26:39::SCWBifWriter::Device type is : zynq
TRACE::2024-02-17.17:26:39::SCWBifWriter::Writing BIF to file : C:/Users/victo/Desktop/TFM/Zynq/TFM_ZYNQ_ETHERNET/software_TFM/software_TFM_system/Debug/system.bif
TRACE::2024-02-17.17:26:39::SCWBifWriter::Writing the Zynq Baremetal bif 
TRACE::2024-02-17.17:37:54::SCWBifWriter::Found the complete platform C:/Users/victo/Desktop/TFM/Zynq/TFM_ZYNQ_ETHERNET/software_TFM/TFM_ZYNQ_4_wrapper/export/TFM_ZYNQ_4_wrapper/TFM_ZYNQ_4_wrapper.xpfm
TRACE::2024-02-17.17:37:55::SCWBifWriter::hardware databse : TFM_ZYNQ_4_wrapper_1
TRACE::2024-02-17.17:37:55::SCWBifWriter::bitstream found in the design
TRACE::2024-02-17.17:37:55::SCWBifWriter::Found a baremetal domain, proc: ps7_cortexa9_0
TRACE::2024-02-17.17:37:55::SCWBifWriter::proc type : 
TRACE::2024-02-17.17:37:55::SCWBifWriter::proc[0] : ps7_cortexa9_0
TRACE::2024-02-17.17:37:55::SCWBifWriter::Device type is : zynq
TRACE::2024-02-17.17:37:55::SCWBifWriter::Writing BIF to file : C:/Users/victo/Desktop/TFM/Zynq/TFM_ZYNQ_ETHERNET/software_TFM/software_TFM_system/Debug/system.bif
TRACE::2024-02-17.17:37:55::SCWBifWriter::Writing the Zynq Baremetal bif 
TRACE::2024-02-23.17:54:14::SCWBifWriter::Found the complete platform C:/Users/victo/Desktop/TFM/Zynq/TFM_ZYNQ_ETHERNET/software_TFM/TFM_ZYNQ_4_wrapper/export/TFM_ZYNQ_4_wrapper/TFM_ZYNQ_4_wrapper.xpfm
TRACE::2024-02-23.17:54:15::SCWBifWriter::hardware databse : TFM_ZYNQ_4_wrapper
TRACE::2024-02-23.17:54:15::SCWBifWriter::bitstream found in the design
TRACE::2024-02-23.17:54:15::SCWBifWriter::Found a baremetal domain, proc: ps7_cortexa9_0
TRACE::2024-02-23.17:54:15::SCWBifWriter::proc type : 
TRACE::2024-02-23.17:54:15::SCWBifWriter::proc[0] : ps7_cortexa9_0
TRACE::2024-02-23.17:54:15::SCWBifWriter::Device type is : zynq
TRACE::2024-02-23.17:54:15::SCWBifWriter::Writing BIF to file : C:/Users/victo/Desktop/TFM/Zynq/TFM_ZYNQ_ETHERNET/software_TFM/software_TFM_system/Debug/system.bif
TRACE::2024-02-23.17:54:15::SCWBifWriter::Writing the Zynq Baremetal bif 
TRACE::2024-02-23.18:24:54::SCWBifWriter::Found the complete platform C:/Users/victo/Desktop/TFM/Zynq/TFM_ZYNQ_ETHERNET/software_TFM/TFM_ZYNQ_4_wrapper/export/TFM_ZYNQ_4_wrapper/TFM_ZYNQ_4_wrapper.xpfm
TRACE::2024-02-23.18:24:54::SCWBifWriter::hardware databse : TFM_ZYNQ_4_wrapper_0
TRACE::2024-02-23.18:24:54::SCWBifWriter::bitstream found in the design
TRACE::2024-02-23.18:24:54::SCWBifWriter::Found a baremetal domain, proc: ps7_cortexa9_0
TRACE::2024-02-23.18:24:54::SCWBifWriter::proc type : 
TRACE::2024-02-23.18:24:54::SCWBifWriter::proc[0] : ps7_cortexa9_0
TRACE::2024-02-23.18:24:54::SCWBifWriter::Device type is : zynq
TRACE::2024-02-23.18:24:54::SCWBifWriter::Writing BIF to file : C:/Users/victo/Desktop/TFM/Zynq/TFM_ZYNQ_ETHERNET/software_TFM/software_TFM_system/Debug/system.bif
TRACE::2024-02-23.18:24:54::SCWBifWriter::Writing the Zynq Baremetal bif 
TRACE::2024-02-25.17:29:33::SCWBifWriter::Found the complete platform C:/Users/victo/Desktop/TFM/Zynq/TFM_ZYNQ_ETHERNET/software_TFM/TFM_ZYNQ_4_wrapper/export/TFM_ZYNQ_4_wrapper/TFM_ZYNQ_4_wrapper.xpfm
TRACE::2024-02-25.17:29:33::SCWBifWriter::hardware databse : TFM_ZYNQ_4_wrapper_0
TRACE::2024-02-25.17:29:33::SCWBifWriter::bitstream found in the design
TRACE::2024-02-25.17:29:33::SCWBifWriter::Found a baremetal domain, proc: ps7_cortexa9_0
TRACE::2024-02-25.17:29:33::SCWBifWriter::proc type : 
TRACE::2024-02-25.17:29:33::SCWBifWriter::proc[0] : ps7_cortexa9_0
TRACE::2024-02-25.17:29:33::SCWBifWriter::Device type is : zynq
TRACE::2024-02-25.17:29:33::SCWBifWriter::Writing BIF to file : C:/Users/victo/Desktop/TFM/Zynq/TFM_ZYNQ_ETHERNET/software_TFM/software_TFM_system/Debug/system.bif
TRACE::2024-02-25.17:29:33::SCWBifWriter::Writing the Zynq Baremetal bif 
TRACE::2024-02-25.17:56:11::SCWBifWriter::Found the complete platform C:/Users/victo/Desktop/TFM/Zynq/TFM_ZYNQ_ETHERNET/software_TFM/TFM_ZYNQ_4_wrapper/export/TFM_ZYNQ_4_wrapper/TFM_ZYNQ_4_wrapper.xpfm
TRACE::2024-02-25.17:56:11::SCWBifWriter::hardware databse : TFM_ZYNQ_4_wrapper_0
TRACE::2024-02-25.17:56:11::SCWBifWriter::bitstream found in the design
TRACE::2024-02-25.17:56:11::SCWBifWriter::Found a baremetal domain, proc: ps7_cortexa9_0
TRACE::2024-02-25.17:56:11::SCWBifWriter::proc type : 
TRACE::2024-02-25.17:56:11::SCWBifWriter::proc[0] : ps7_cortexa9_0
TRACE::2024-02-25.17:56:11::SCWBifWriter::Device type is : zynq
TRACE::2024-02-25.17:56:11::SCWBifWriter::Writing BIF to file : C:/Users/victo/Desktop/TFM/Zynq/TFM_ZYNQ_ETHERNET/software_TFM/software_TFM_system/Debug/system.bif
TRACE::2024-02-25.17:56:11::SCWBifWriter::Writing the Zynq Baremetal bif 
TRACE::2024-02-25.18:04:07::SCWBifWriter::Found the complete platform C:/Users/victo/Desktop/TFM/Zynq/TFM_ZYNQ_ETHERNET/software_TFM/TFM_ZYNQ_4_wrapper/export/TFM_ZYNQ_4_wrapper/TFM_ZYNQ_4_wrapper.xpfm
TRACE::2024-02-25.18:04:07::SCWBifWriter::hardware databse : TFM_ZYNQ_4_wrapper_0
TRACE::2024-02-25.18:04:07::SCWBifWriter::bitstream found in the design
TRACE::2024-02-25.18:04:07::SCWBifWriter::Found a baremetal domain, proc: ps7_cortexa9_0
TRACE::2024-02-25.18:04:07::SCWBifWriter::proc type : 
TRACE::2024-02-25.18:04:07::SCWBifWriter::proc[0] : ps7_cortexa9_0
TRACE::2024-02-25.18:04:07::SCWBifWriter::Device type is : zynq
TRACE::2024-02-25.18:04:07::SCWBifWriter::Writing BIF to file : C:/Users/victo/Desktop/TFM/Zynq/TFM_ZYNQ_ETHERNET/software_TFM/software_TFM_system/Debug/system.bif
TRACE::2024-02-25.18:04:07::SCWBifWriter::Writing the Zynq Baremetal bif 
TRACE::2024-02-25.18:18:27::SCWBifWriter::Found the complete platform C:/Users/victo/Desktop/TFM/Zynq/TFM_ZYNQ_ETHERNET/software_TFM/TFM_ZYNQ_4_wrapper/export/TFM_ZYNQ_4_wrapper/TFM_ZYNQ_4_wrapper.xpfm
TRACE::2024-02-25.18:18:27::SCWBifWriter::hardware databse : TFM_ZYNQ_4_wrapper_0
TRACE::2024-02-25.18:18:27::SCWBifWriter::bitstream found in the design
TRACE::2024-02-25.18:18:27::SCWBifWriter::Found a baremetal domain, proc: ps7_cortexa9_0
TRACE::2024-02-25.18:18:27::SCWBifWriter::proc type : 
TRACE::2024-02-25.18:18:27::SCWBifWriter::proc[0] : ps7_cortexa9_0
TRACE::2024-02-25.18:18:27::SCWBifWriter::Device type is : zynq
TRACE::2024-02-25.18:18:27::SCWBifWriter::Writing BIF to file : C:/Users/victo/Desktop/TFM/Zynq/TFM_ZYNQ_ETHERNET/software_TFM/software_TFM_system/Debug/system.bif
TRACE::2024-02-25.18:18:27::SCWBifWriter::Writing the Zynq Baremetal bif 
TRACE::2024-02-25.18:37:09::SCWBifWriter::Found the complete platform C:/Users/victo/Desktop/TFM/Zynq/TFM_ZYNQ_ETHERNET/software_TFM/TFM_ZYNQ_4_wrapper/export/TFM_ZYNQ_4_wrapper/TFM_ZYNQ_4_wrapper.xpfm
TRACE::2024-02-25.18:37:09::SCWBifWriter::hardware databse : TFM_ZYNQ_4_wrapper_0
TRACE::2024-02-25.18:37:09::SCWBifWriter::bitstream found in the design
TRACE::2024-02-25.18:37:09::SCWBifWriter::Found a baremetal domain, proc: ps7_cortexa9_0
TRACE::2024-02-25.18:37:09::SCWBifWriter::proc type : 
TRACE::2024-02-25.18:37:09::SCWBifWriter::proc[0] : ps7_cortexa9_0
TRACE::2024-02-25.18:37:09::SCWBifWriter::Device type is : zynq
TRACE::2024-02-25.18:37:09::SCWBifWriter::Writing BIF to file : C:/Users/victo/Desktop/TFM/Zynq/TFM_ZYNQ_ETHERNET/software_TFM/software_TFM_system/Debug/system.bif
TRACE::2024-02-25.18:37:09::SCWBifWriter::Writing the Zynq Baremetal bif 
TRACE::2024-02-25.18:37:55::SCWBifWriter::Found the complete platform C:/Users/victo/Desktop/TFM/Zynq/TFM_ZYNQ_ETHERNET/software_TFM/TFM_ZYNQ_4_wrapper/export/TFM_ZYNQ_4_wrapper/TFM_ZYNQ_4_wrapper.xpfm
TRACE::2024-02-25.18:37:56::SCWBifWriter::hardware databse : TFM_ZYNQ_4_wrapper_0
TRACE::2024-02-25.18:37:56::SCWBifWriter::bitstream found in the design
TRACE::2024-02-25.18:37:56::SCWBifWriter::Found a baremetal domain, proc: ps7_cortexa9_0
TRACE::2024-02-25.18:37:56::SCWBifWriter::proc type : 
TRACE::2024-02-25.18:37:56::SCWBifWriter::proc[0] : ps7_cortexa9_0
TRACE::2024-02-25.18:37:56::SCWBifWriter::Device type is : zynq
TRACE::2024-02-25.18:37:56::SCWBifWriter::Writing BIF to file : C:/Users/victo/Desktop/TFM/Zynq/TFM_ZYNQ_ETHERNET/software_TFM/software_TFM_system/Debug/system.bif
TRACE::2024-02-25.18:37:56::SCWBifWriter::Writing the Zynq Baremetal bif 
TRACE::2024-02-25.18:41:53::SCWBifWriter::Found the complete platform C:/Users/victo/Desktop/TFM/Zynq/TFM_ZYNQ_ETHERNET/software_TFM/TFM_ZYNQ_4_wrapper/export/TFM_ZYNQ_4_wrapper/TFM_ZYNQ_4_wrapper.xpfm
TRACE::2024-02-25.18:41:53::SCWBifWriter::hardware databse : TFM_ZYNQ_4_wrapper_0
TRACE::2024-02-25.18:41:53::SCWBifWriter::bitstream found in the design
TRACE::2024-02-25.18:41:53::SCWBifWriter::Found a baremetal domain, proc: ps7_cortexa9_0
TRACE::2024-02-25.18:41:53::SCWBifWriter::proc type : 
TRACE::2024-02-25.18:41:53::SCWBifWriter::proc[0] : ps7_cortexa9_0
TRACE::2024-02-25.18:41:53::SCWBifWriter::Device type is : zynq
TRACE::2024-02-25.18:41:53::SCWBifWriter::Writing BIF to file : C:/Users/victo/Desktop/TFM/Zynq/TFM_ZYNQ_ETHERNET/software_TFM/software_TFM_system/Debug/system.bif
TRACE::2024-02-25.18:41:53::SCWBifWriter::Writing the Zynq Baremetal bif 
TRACE::2024-02-25.18:45:32::SCWBifWriter::Found the complete platform C:/Users/victo/Desktop/TFM/Zynq/TFM_ZYNQ_ETHERNET/software_TFM/TFM_ZYNQ_4_wrapper/export/TFM_ZYNQ_4_wrapper/TFM_ZYNQ_4_wrapper.xpfm
TRACE::2024-02-25.18:45:32::SCWBifWriter::hardware databse : TFM_ZYNQ_4_wrapper_0
TRACE::2024-02-25.18:45:32::SCWBifWriter::bitstream found in the design
TRACE::2024-02-25.18:45:32::SCWBifWriter::Found a baremetal domain, proc: ps7_cortexa9_0
TRACE::2024-02-25.18:45:32::SCWBifWriter::proc type : 
TRACE::2024-02-25.18:45:32::SCWBifWriter::proc[0] : ps7_cortexa9_0
TRACE::2024-02-25.18:45:32::SCWBifWriter::Device type is : zynq
TRACE::2024-02-25.18:45:32::SCWBifWriter::Writing BIF to file : C:/Users/victo/Desktop/TFM/Zynq/TFM_ZYNQ_ETHERNET/software_TFM/software_TFM_system/Debug/system.bif
TRACE::2024-02-25.18:45:32::SCWBifWriter::Writing the Zynq Baremetal bif 
TRACE::2024-02-25.18:53:31::SCWBifWriter::Found the complete platform C:/Users/victo/Desktop/TFM/Zynq/TFM_ZYNQ_ETHERNET/software_TFM/TFM_ZYNQ_4_wrapper/export/TFM_ZYNQ_4_wrapper/TFM_ZYNQ_4_wrapper.xpfm
TRACE::2024-02-25.18:53:31::SCWBifWriter::hardware databse : TFM_ZYNQ_4_wrapper_0
TRACE::2024-02-25.18:53:31::SCWBifWriter::bitstream found in the design
TRACE::2024-02-25.18:53:31::SCWBifWriter::Found a baremetal domain, proc: ps7_cortexa9_0
TRACE::2024-02-25.18:53:31::SCWBifWriter::proc type : 
TRACE::2024-02-25.18:53:31::SCWBifWriter::proc[0] : ps7_cortexa9_0
TRACE::2024-02-25.18:53:31::SCWBifWriter::Device type is : zynq
TRACE::2024-02-25.18:53:31::SCWBifWriter::Writing BIF to file : C:/Users/victo/Desktop/TFM/Zynq/TFM_ZYNQ_ETHERNET/software_TFM/software_TFM_system/Debug/system.bif
TRACE::2024-02-25.18:53:31::SCWBifWriter::Writing the Zynq Baremetal bif 
TRACE::2024-02-25.18:57:35::SCWBifWriter::Found the complete platform C:/Users/victo/Desktop/TFM/Zynq/TFM_ZYNQ_ETHERNET/software_TFM/TFM_ZYNQ_4_wrapper/export/TFM_ZYNQ_4_wrapper/TFM_ZYNQ_4_wrapper.xpfm
TRACE::2024-02-25.18:57:35::SCWBifWriter::hardware databse : TFM_ZYNQ_4_wrapper_0
TRACE::2024-02-25.18:57:35::SCWBifWriter::bitstream found in the design
TRACE::2024-02-25.18:57:35::SCWBifWriter::Found a baremetal domain, proc: ps7_cortexa9_0
TRACE::2024-02-25.18:57:35::SCWBifWriter::proc type : 
TRACE::2024-02-25.18:57:35::SCWBifWriter::proc[0] : ps7_cortexa9_0
TRACE::2024-02-25.18:57:35::SCWBifWriter::Device type is : zynq
TRACE::2024-02-25.18:57:35::SCWBifWriter::Writing BIF to file : C:/Users/victo/Desktop/TFM/Zynq/TFM_ZYNQ_ETHERNET/software_TFM/software_TFM_system/Debug/system.bif
TRACE::2024-02-25.18:57:35::SCWBifWriter::Writing the Zynq Baremetal bif 
TRACE::2024-02-25.19:02:01::SCWBifWriter::Found the complete platform C:/Users/victo/Desktop/TFM/Zynq/TFM_ZYNQ_ETHERNET/software_TFM/TFM_ZYNQ_4_wrapper/export/TFM_ZYNQ_4_wrapper/TFM_ZYNQ_4_wrapper.xpfm
TRACE::2024-02-25.19:02:01::SCWBifWriter::hardware databse : TFM_ZYNQ_4_wrapper_0
TRACE::2024-02-25.19:02:01::SCWBifWriter::bitstream found in the design
TRACE::2024-02-25.19:02:01::SCWBifWriter::Found a baremetal domain, proc: ps7_cortexa9_0
TRACE::2024-02-25.19:02:01::SCWBifWriter::proc type : 
TRACE::2024-02-25.19:02:01::SCWBifWriter::proc[0] : ps7_cortexa9_0
TRACE::2024-02-25.19:02:01::SCWBifWriter::Device type is : zynq
TRACE::2024-02-25.19:02:01::SCWBifWriter::Writing BIF to file : C:/Users/victo/Desktop/TFM/Zynq/TFM_ZYNQ_ETHERNET/software_TFM/software_TFM_system/Debug/system.bif
TRACE::2024-02-25.19:02:01::SCWBifWriter::Writing the Zynq Baremetal bif 
TRACE::2024-02-25.19:06:54::SCWBifWriter::Found the complete platform C:/Users/victo/Desktop/TFM/Zynq/TFM_ZYNQ_ETHERNET/software_TFM/TFM_ZYNQ_4_wrapper/export/TFM_ZYNQ_4_wrapper/TFM_ZYNQ_4_wrapper.xpfm
TRACE::2024-02-25.19:06:54::SCWBifWriter::hardware databse : TFM_ZYNQ_4_wrapper_0
TRACE::2024-02-25.19:06:54::SCWBifWriter::bitstream found in the design
TRACE::2024-02-25.19:06:54::SCWBifWriter::Found a baremetal domain, proc: ps7_cortexa9_0
TRACE::2024-02-25.19:06:54::SCWBifWriter::proc type : 
TRACE::2024-02-25.19:06:54::SCWBifWriter::proc[0] : ps7_cortexa9_0
TRACE::2024-02-25.19:06:54::SCWBifWriter::Device type is : zynq
TRACE::2024-02-25.19:06:54::SCWBifWriter::Writing BIF to file : C:/Users/victo/Desktop/TFM/Zynq/TFM_ZYNQ_ETHERNET/software_TFM/software_TFM_system/Debug/system.bif
TRACE::2024-02-25.19:06:54::SCWBifWriter::Writing the Zynq Baremetal bif 
TRACE::2024-02-25.19:09:45::SCWBifWriter::Found the complete platform C:/Users/victo/Desktop/TFM/Zynq/TFM_ZYNQ_ETHERNET/software_TFM/TFM_ZYNQ_4_wrapper/export/TFM_ZYNQ_4_wrapper/TFM_ZYNQ_4_wrapper.xpfm
TRACE::2024-02-25.19:09:45::SCWBifWriter::hardware databse : TFM_ZYNQ_4_wrapper_0
TRACE::2024-02-25.19:09:45::SCWBifWriter::bitstream found in the design
TRACE::2024-02-25.19:09:45::SCWBifWriter::Found a baremetal domain, proc: ps7_cortexa9_0
TRACE::2024-02-25.19:09:45::SCWBifWriter::proc type : 
TRACE::2024-02-25.19:09:45::SCWBifWriter::proc[0] : ps7_cortexa9_0
TRACE::2024-02-25.19:09:45::SCWBifWriter::Device type is : zynq
TRACE::2024-02-25.19:09:45::SCWBifWriter::Writing BIF to file : C:/Users/victo/Desktop/TFM/Zynq/TFM_ZYNQ_ETHERNET/software_TFM/software_TFM_system/Debug/system.bif
TRACE::2024-02-25.19:09:45::SCWBifWriter::Writing the Zynq Baremetal bif 
TRACE::2024-02-25.19:12:37::SCWBifWriter::Found the complete platform C:/Users/victo/Desktop/TFM/Zynq/TFM_ZYNQ_ETHERNET/software_TFM/TFM_ZYNQ_4_wrapper/export/TFM_ZYNQ_4_wrapper/TFM_ZYNQ_4_wrapper.xpfm
TRACE::2024-02-25.19:12:37::SCWBifWriter::hardware databse : TFM_ZYNQ_4_wrapper_0
TRACE::2024-02-25.19:12:37::SCWBifWriter::bitstream found in the design
TRACE::2024-02-25.19:12:37::SCWBifWriter::Found a baremetal domain, proc: ps7_cortexa9_0
TRACE::2024-02-25.19:12:37::SCWBifWriter::proc type : 
TRACE::2024-02-25.19:12:37::SCWBifWriter::proc[0] : ps7_cortexa9_0
TRACE::2024-02-25.19:12:37::SCWBifWriter::Device type is : zynq
TRACE::2024-02-25.19:12:37::SCWBifWriter::Writing BIF to file : C:/Users/victo/Desktop/TFM/Zynq/TFM_ZYNQ_ETHERNET/software_TFM/software_TFM_system/Debug/system.bif
TRACE::2024-02-25.19:12:37::SCWBifWriter::Writing the Zynq Baremetal bif 
TRACE::2024-02-25.19:12:51::SCWBifWriter::Found the complete platform C:/Users/victo/Desktop/TFM/Zynq/TFM_ZYNQ_ETHERNET/software_TFM/TFM_ZYNQ_4_wrapper/export/TFM_ZYNQ_4_wrapper/TFM_ZYNQ_4_wrapper.xpfm
TRACE::2024-02-25.19:12:51::SCWBifWriter::hardware databse : TFM_ZYNQ_4_wrapper_0
TRACE::2024-02-25.19:12:51::SCWBifWriter::bitstream found in the design
TRACE::2024-02-25.19:12:51::SCWBifWriter::Found a baremetal domain, proc: ps7_cortexa9_0
TRACE::2024-02-25.19:12:51::SCWBifWriter::proc type : 
TRACE::2024-02-25.19:12:51::SCWBifWriter::proc[0] : ps7_cortexa9_0
TRACE::2024-02-25.19:12:51::SCWBifWriter::Device type is : zynq
TRACE::2024-02-25.19:12:51::SCWBifWriter::Writing BIF to file : C:/Users/victo/Desktop/TFM/Zynq/TFM_ZYNQ_ETHERNET/software_TFM/software_TFM_system/Debug/system.bif
TRACE::2024-02-25.19:12:51::SCWBifWriter::Writing the Zynq Baremetal bif 
TRACE::2024-02-25.19:16:45::SCWBifWriter::Found the complete platform C:/Users/victo/Desktop/TFM/Zynq/TFM_ZYNQ_ETHERNET/software_TFM/TFM_ZYNQ_4_wrapper/export/TFM_ZYNQ_4_wrapper/TFM_ZYNQ_4_wrapper.xpfm
TRACE::2024-02-25.19:16:45::SCWBifWriter::hardware databse : TFM_ZYNQ_4_wrapper_0
TRACE::2024-02-25.19:16:45::SCWBifWriter::bitstream found in the design
TRACE::2024-02-25.19:16:45::SCWBifWriter::Found a baremetal domain, proc: ps7_cortexa9_0
TRACE::2024-02-25.19:16:45::SCWBifWriter::proc type : 
TRACE::2024-02-25.19:16:45::SCWBifWriter::proc[0] : ps7_cortexa9_0
TRACE::2024-02-25.19:16:45::SCWBifWriter::Device type is : zynq
TRACE::2024-02-25.19:16:45::SCWBifWriter::Writing BIF to file : C:/Users/victo/Desktop/TFM/Zynq/TFM_ZYNQ_ETHERNET/software_TFM/software_TFM_system/Debug/system.bif
TRACE::2024-02-25.19:16:45::SCWBifWriter::Writing the Zynq Baremetal bif 
TRACE::2024-02-25.19:19:19::SCWBifWriter::Found the complete platform C:/Users/victo/Desktop/TFM/Zynq/TFM_ZYNQ_ETHERNET/software_TFM/TFM_ZYNQ_4_wrapper/export/TFM_ZYNQ_4_wrapper/TFM_ZYNQ_4_wrapper.xpfm
TRACE::2024-02-25.19:19:19::SCWBifWriter::hardware databse : TFM_ZYNQ_4_wrapper_0
TRACE::2024-02-25.19:19:19::SCWBifWriter::bitstream found in the design
TRACE::2024-02-25.19:19:19::SCWBifWriter::Found a baremetal domain, proc: ps7_cortexa9_0
TRACE::2024-02-25.19:19:19::SCWBifWriter::proc type : 
TRACE::2024-02-25.19:19:19::SCWBifWriter::proc[0] : ps7_cortexa9_0
TRACE::2024-02-25.19:19:19::SCWBifWriter::Device type is : zynq
TRACE::2024-02-25.19:19:19::SCWBifWriter::Writing BIF to file : C:/Users/victo/Desktop/TFM/Zynq/TFM_ZYNQ_ETHERNET/software_TFM/software_TFM_system/Debug/system.bif
TRACE::2024-02-25.19:19:19::SCWBifWriter::Writing the Zynq Baremetal bif 
TRACE::2024-02-25.19:20:48::SCWBifWriter::Found the complete platform C:/Users/victo/Desktop/TFM/Zynq/TFM_ZYNQ_ETHERNET/software_TFM/TFM_ZYNQ_4_wrapper/export/TFM_ZYNQ_4_wrapper/TFM_ZYNQ_4_wrapper.xpfm
TRACE::2024-02-25.19:20:48::SCWBifWriter::hardware databse : TFM_ZYNQ_4_wrapper_0
TRACE::2024-02-25.19:20:48::SCWBifWriter::bitstream found in the design
TRACE::2024-02-25.19:20:48::SCWBifWriter::Found a baremetal domain, proc: ps7_cortexa9_0
TRACE::2024-02-25.19:20:48::SCWBifWriter::proc type : 
TRACE::2024-02-25.19:20:48::SCWBifWriter::proc[0] : ps7_cortexa9_0
TRACE::2024-02-25.19:20:48::SCWBifWriter::Device type is : zynq
TRACE::2024-02-25.19:20:48::SCWBifWriter::Writing BIF to file : C:/Users/victo/Desktop/TFM/Zynq/TFM_ZYNQ_ETHERNET/software_TFM/software_TFM_system/Debug/system.bif
TRACE::2024-02-25.19:20:48::SCWBifWriter::Writing the Zynq Baremetal bif 
TRACE::2024-02-25.19:25:53::SCWBifWriter::Found the complete platform C:/Users/victo/Desktop/TFM/Zynq/TFM_ZYNQ_ETHERNET/software_TFM/TFM_ZYNQ_4_wrapper/export/TFM_ZYNQ_4_wrapper/TFM_ZYNQ_4_wrapper.xpfm
TRACE::2024-02-25.19:25:53::SCWBifWriter::hardware databse : TFM_ZYNQ_4_wrapper_0
TRACE::2024-02-25.19:25:53::SCWBifWriter::bitstream found in the design
TRACE::2024-02-25.19:25:53::SCWBifWriter::Found a baremetal domain, proc: ps7_cortexa9_0
TRACE::2024-02-25.19:25:53::SCWBifWriter::proc type : 
TRACE::2024-02-25.19:25:53::SCWBifWriter::proc[0] : ps7_cortexa9_0
TRACE::2024-02-25.19:25:53::SCWBifWriter::Device type is : zynq
TRACE::2024-02-25.19:25:53::SCWBifWriter::Writing BIF to file : C:/Users/victo/Desktop/TFM/Zynq/TFM_ZYNQ_ETHERNET/software_TFM/software_TFM_system/Debug/system.bif
TRACE::2024-02-25.19:25:53::SCWBifWriter::Writing the Zynq Baremetal bif 
TRACE::2024-02-25.19:29:54::SCWBifWriter::Found the complete platform C:/Users/victo/Desktop/TFM/Zynq/TFM_ZYNQ_ETHERNET/software_TFM/TFM_ZYNQ_4_wrapper/export/TFM_ZYNQ_4_wrapper/TFM_ZYNQ_4_wrapper.xpfm
TRACE::2024-02-25.19:29:54::SCWBifWriter::hardware databse : TFM_ZYNQ_4_wrapper_0
TRACE::2024-02-25.19:29:54::SCWBifWriter::bitstream found in the design
TRACE::2024-02-25.19:29:54::SCWBifWriter::Found a baremetal domain, proc: ps7_cortexa9_0
TRACE::2024-02-25.19:29:54::SCWBifWriter::proc type : 
TRACE::2024-02-25.19:29:54::SCWBifWriter::proc[0] : ps7_cortexa9_0
TRACE::2024-02-25.19:29:54::SCWBifWriter::Device type is : zynq
TRACE::2024-02-25.19:29:54::SCWBifWriter::Writing BIF to file : C:/Users/victo/Desktop/TFM/Zynq/TFM_ZYNQ_ETHERNET/software_TFM/software_TFM_system/Debug/system.bif
TRACE::2024-02-25.19:29:54::SCWBifWriter::Writing the Zynq Baremetal bif 
TRACE::2024-02-25.20:05:03::SCWBifWriter::Found the complete platform C:/Users/victo/Desktop/TFM/Zynq/TFM_ZYNQ_ETHERNET/software_TFM/TFM_ZYNQ_4_wrapper/export/TFM_ZYNQ_4_wrapper/TFM_ZYNQ_4_wrapper.xpfm
TRACE::2024-02-25.20:05:03::SCWBifWriter::hardware databse : TFM_ZYNQ_4_wrapper_0
TRACE::2024-02-25.20:05:03::SCWBifWriter::bitstream found in the design
TRACE::2024-02-25.20:05:03::SCWBifWriter::Found a baremetal domain, proc: ps7_cortexa9_0
TRACE::2024-02-25.20:05:03::SCWBifWriter::proc type : 
TRACE::2024-02-25.20:05:03::SCWBifWriter::proc[0] : ps7_cortexa9_0
TRACE::2024-02-25.20:05:03::SCWBifWriter::Device type is : zynq
TRACE::2024-02-25.20:05:03::SCWBifWriter::Writing BIF to file : C:/Users/victo/Desktop/TFM/Zynq/TFM_ZYNQ_ETHERNET/software_TFM/software_TFM_system/Debug/system.bif
TRACE::2024-02-25.20:05:03::SCWBifWriter::Writing the Zynq Baremetal bif 
TRACE::2024-02-25.20:41:54::SCWBifWriter::Found the complete platform C:/Users/victo/Desktop/TFM/Zynq/TFM_ZYNQ_ETHERNET/software_TFM/TFM_ZYNQ_4_wrapper/export/TFM_ZYNQ_4_wrapper/TFM_ZYNQ_4_wrapper.xpfm
TRACE::2024-02-25.20:41:55::SCWBifWriter::hardware databse : TFM_ZYNQ_4_wrapper_0
TRACE::2024-02-25.20:41:55::SCWBifWriter::bitstream found in the design
TRACE::2024-02-25.20:41:55::SCWBifWriter::Found a baremetal domain, proc: ps7_cortexa9_0
TRACE::2024-02-25.20:41:55::SCWBifWriter::proc type : 
TRACE::2024-02-25.20:41:55::SCWBifWriter::proc[0] : ps7_cortexa9_0
TRACE::2024-02-25.20:41:55::SCWBifWriter::Device type is : zynq
TRACE::2024-02-25.20:41:55::SCWBifWriter::Writing BIF to file : C:/Users/victo/Desktop/TFM/Zynq/TFM_ZYNQ_ETHERNET/software_TFM/software_TFM_system/Debug/system.bif
TRACE::2024-02-25.20:41:55::SCWBifWriter::Writing the Zynq Baremetal bif 
TRACE::2024-02-25.20:43:13::SCWBifWriter::Found the complete platform C:/Users/victo/Desktop/TFM/Zynq/TFM_ZYNQ_ETHERNET/software_TFM/TFM_ZYNQ_4_wrapper/export/TFM_ZYNQ_4_wrapper/TFM_ZYNQ_4_wrapper.xpfm
TRACE::2024-02-25.20:43:13::SCWBifWriter::hardware databse : TFM_ZYNQ_4_wrapper_0
TRACE::2024-02-25.20:43:13::SCWBifWriter::bitstream found in the design
TRACE::2024-02-25.20:43:13::SCWBifWriter::Found a baremetal domain, proc: ps7_cortexa9_0
TRACE::2024-02-25.20:43:13::SCWBifWriter::proc type : 
TRACE::2024-02-25.20:43:13::SCWBifWriter::proc[0] : ps7_cortexa9_0
TRACE::2024-02-25.20:43:13::SCWBifWriter::Device type is : zynq
TRACE::2024-02-25.20:43:13::SCWBifWriter::Writing BIF to file : C:/Users/victo/Desktop/TFM/Zynq/TFM_ZYNQ_ETHERNET/software_TFM/software_TFM_system/Debug/system.bif
TRACE::2024-02-25.20:43:13::SCWBifWriter::Writing the Zynq Baremetal bif 
TRACE::2024-03-03.10:00:26::SCWBifWriter::Found the complete platform C:/Users/victo/Desktop/TFM/Zynq/TFM_ZYNQ_ETHERNET/software_TFM/TFM_ZYNQ_4_wrapper/export/TFM_ZYNQ_4_wrapper/TFM_ZYNQ_4_wrapper.xpfm
TRACE::2024-03-03.10:00:27::SCWBifWriter::hardware databse : TFM_ZYNQ_4_wrapper_1
TRACE::2024-03-03.10:00:27::SCWBifWriter::bitstream found in the design
TRACE::2024-03-03.10:00:27::SCWBifWriter::Found a baremetal domain, proc: ps7_cortexa9_0
TRACE::2024-03-03.10:00:27::SCWBifWriter::proc type : 
TRACE::2024-03-03.10:00:27::SCWBifWriter::proc[0] : ps7_cortexa9_0
TRACE::2024-03-03.10:00:27::SCWBifWriter::Device type is : zynq
TRACE::2024-03-03.10:00:27::SCWBifWriter::Writing BIF to file : C:/Users/victo/Desktop/TFM/Zynq/TFM_ZYNQ_ETHERNET/software_TFM/software_TFM_system/Debug/system.bif
TRACE::2024-03-03.10:00:27::SCWBifWriter::Writing the Zynq Baremetal bif 
TRACE::2024-03-03.10:04:08::SCWBifWriter::Found the complete platform C:/Users/victo/Desktop/TFM/Zynq/TFM_ZYNQ_ETHERNET/software_TFM/TFM_ZYNQ_4_wrapper/export/TFM_ZYNQ_4_wrapper/TFM_ZYNQ_4_wrapper.xpfm
TRACE::2024-03-03.10:04:08::SCWBifWriter::hardware databse : TFM_ZYNQ_4_wrapper_3
TRACE::2024-03-03.10:04:08::SCWBifWriter::bitstream found in the design
TRACE::2024-03-03.10:04:08::SCWBifWriter::Found a baremetal domain, proc: ps7_cortexa9_0
TRACE::2024-03-03.10:04:08::SCWBifWriter::proc type : 
TRACE::2024-03-03.10:04:08::SCWBifWriter::proc[0] : ps7_cortexa9_0
TRACE::2024-03-03.10:04:08::SCWBifWriter::Device type is : zynq
TRACE::2024-03-03.10:04:08::SCWBifWriter::Writing BIF to file : C:/Users/victo/Desktop/TFM/Zynq/TFM_ZYNQ_ETHERNET/software_TFM/software_TFM_system/Debug/system.bif
TRACE::2024-03-03.10:04:08::SCWBifWriter::Writing the Zynq Baremetal bif 
TRACE::2024-03-03.10:05:48::SCWBifWriter::Found the complete platform C:/Users/victo/Desktop/TFM/Zynq/TFM_ZYNQ_ETHERNET/software_TFM/TFM_ZYNQ_4_wrapper/export/TFM_ZYNQ_4_wrapper/TFM_ZYNQ_4_wrapper.xpfm
TRACE::2024-03-03.10:05:49::SCWBifWriter::hardware databse : TFM_ZYNQ_4_wrapper_3
TRACE::2024-03-03.10:05:49::SCWBifWriter::bitstream found in the design
TRACE::2024-03-03.10:05:49::SCWBifWriter::Found a baremetal domain, proc: ps7_cortexa9_0
TRACE::2024-03-03.10:05:49::SCWBifWriter::proc type : 
TRACE::2024-03-03.10:05:49::SCWBifWriter::proc[0] : ps7_cortexa9_0
TRACE::2024-03-03.10:05:49::SCWBifWriter::Device type is : zynq
TRACE::2024-03-03.10:05:49::SCWBifWriter::Writing BIF to file : C:/Users/victo/Desktop/TFM/Zynq/TFM_ZYNQ_ETHERNET/software_TFM/software_TFM_system/Debug/system.bif
TRACE::2024-03-03.10:05:49::SCWBifWriter::Writing the Zynq Baremetal bif 
TRACE::2024-03-03.10:12:55::SCWBifWriter::Found the complete platform C:/Users/victo/Desktop/TFM/Zynq/TFM_ZYNQ_ETHERNET/software_TFM/TFM_ZYNQ_4_wrapper/export/TFM_ZYNQ_4_wrapper/TFM_ZYNQ_4_wrapper.xpfm
TRACE::2024-03-03.10:12:55::SCWBifWriter::hardware databse : TFM_ZYNQ_4_wrapper_3
TRACE::2024-03-03.10:12:55::SCWBifWriter::bitstream found in the design
TRACE::2024-03-03.10:12:55::SCWBifWriter::Found a baremetal domain, proc: ps7_cortexa9_0
TRACE::2024-03-03.10:12:55::SCWBifWriter::proc type : 
TRACE::2024-03-03.10:12:55::SCWBifWriter::proc[0] : ps7_cortexa9_0
TRACE::2024-03-03.10:12:55::SCWBifWriter::Device type is : zynq
TRACE::2024-03-03.10:12:55::SCWBifWriter::Writing BIF to file : C:/Users/victo/Desktop/TFM/Zynq/TFM_ZYNQ_ETHERNET/software_TFM/software_TFM_system/Debug/system.bif
TRACE::2024-03-03.10:12:55::SCWBifWriter::Writing the Zynq Baremetal bif 
TRACE::2024-03-03.10:14:55::SCWBifWriter::Found the complete platform C:/Users/victo/Desktop/TFM/Zynq/TFM_ZYNQ_ETHERNET/software_TFM/TFM_ZYNQ_4_wrapper/export/TFM_ZYNQ_4_wrapper/TFM_ZYNQ_4_wrapper.xpfm
TRACE::2024-03-03.10:14:55::SCWBifWriter::hardware databse : TFM_ZYNQ_4_wrapper_3
TRACE::2024-03-03.10:14:55::SCWBifWriter::bitstream found in the design
TRACE::2024-03-03.10:14:55::SCWBifWriter::Found a baremetal domain, proc: ps7_cortexa9_0
TRACE::2024-03-03.10:14:55::SCWBifWriter::proc type : 
TRACE::2024-03-03.10:14:55::SCWBifWriter::proc[0] : ps7_cortexa9_0
TRACE::2024-03-03.10:14:55::SCWBifWriter::Device type is : zynq
TRACE::2024-03-03.10:14:55::SCWBifWriter::Writing BIF to file : C:/Users/victo/Desktop/TFM/Zynq/TFM_ZYNQ_ETHERNET/software_TFM/software_TFM_system/Debug/system.bif
TRACE::2024-03-03.10:14:55::SCWBifWriter::Writing the Zynq Baremetal bif 
TRACE::2024-03-03.10:16:30::SCWBifWriter::Found the complete platform C:/Users/victo/Desktop/TFM/Zynq/TFM_ZYNQ_ETHERNET/software_TFM/TFM_ZYNQ_4_wrapper/export/TFM_ZYNQ_4_wrapper/TFM_ZYNQ_4_wrapper.xpfm
TRACE::2024-03-03.10:16:30::SCWBifWriter::hardware databse : TFM_ZYNQ_4_wrapper_3
TRACE::2024-03-03.10:16:30::SCWBifWriter::bitstream found in the design
TRACE::2024-03-03.10:16:30::SCWBifWriter::Found a baremetal domain, proc: ps7_cortexa9_0
TRACE::2024-03-03.10:16:30::SCWBifWriter::proc type : 
TRACE::2024-03-03.10:16:30::SCWBifWriter::proc[0] : ps7_cortexa9_0
TRACE::2024-03-03.10:16:30::SCWBifWriter::Device type is : zynq
TRACE::2024-03-03.10:16:30::SCWBifWriter::Writing BIF to file : C:/Users/victo/Desktop/TFM/Zynq/TFM_ZYNQ_ETHERNET/software_TFM/software_TFM_system/Debug/system.bif
TRACE::2024-03-03.10:16:30::SCWBifWriter::Writing the Zynq Baremetal bif 
TRACE::2024-03-03.10:49:08::SCWBifWriter::Found the complete platform C:/Users/victo/Desktop/TFM/Zynq/TFM_ZYNQ_ETHERNET/software_TFM/TFM_ZYNQ_4_wrapper/export/TFM_ZYNQ_4_wrapper/TFM_ZYNQ_4_wrapper.xpfm
TRACE::2024-03-03.10:49:08::SCWBifWriter::hardware databse : TFM_ZYNQ_4_wrapper_3
TRACE::2024-03-03.10:49:08::SCWBifWriter::bitstream found in the design
TRACE::2024-03-03.10:49:08::SCWBifWriter::Found a baremetal domain, proc: ps7_cortexa9_0
TRACE::2024-03-03.10:49:08::SCWBifWriter::proc type : 
TRACE::2024-03-03.10:49:08::SCWBifWriter::proc[0] : ps7_cortexa9_0
TRACE::2024-03-03.10:49:08::SCWBifWriter::Device type is : zynq
TRACE::2024-03-03.10:49:08::SCWBifWriter::Writing BIF to file : C:/Users/victo/Desktop/TFM/Zynq/TFM_ZYNQ_ETHERNET/software_TFM/software_TFM_system/Debug/system.bif
TRACE::2024-03-03.10:49:08::SCWBifWriter::Writing the Zynq Baremetal bif 
TRACE::2024-03-03.10:53:05::SCWBifWriter::Found the complete platform C:/Users/victo/Desktop/TFM/Zynq/TFM_ZYNQ_ETHERNET/software_TFM/TFM_ZYNQ_4_wrapper/export/TFM_ZYNQ_4_wrapper/TFM_ZYNQ_4_wrapper.xpfm
TRACE::2024-03-03.10:53:06::SCWBifWriter::hardware databse : TFM_ZYNQ_4_wrapper_3
TRACE::2024-03-03.10:53:06::SCWBifWriter::bitstream found in the design
TRACE::2024-03-03.10:53:06::SCWBifWriter::Found a baremetal domain, proc: ps7_cortexa9_0
TRACE::2024-03-03.10:53:06::SCWBifWriter::proc type : 
TRACE::2024-03-03.10:53:06::SCWBifWriter::proc[0] : ps7_cortexa9_0
TRACE::2024-03-03.10:53:06::SCWBifWriter::Device type is : zynq
TRACE::2024-03-03.10:53:06::SCWBifWriter::Writing BIF to file : C:/Users/victo/Desktop/TFM/Zynq/TFM_ZYNQ_ETHERNET/software_TFM/software_TFM_system/Debug/system.bif
TRACE::2024-03-03.10:53:06::SCWBifWriter::Writing the Zynq Baremetal bif 
TRACE::2024-03-03.18:14:50::SCWBifWriter::Found the complete platform C:/Users/victo/Desktop/TFM/Zynq/TFM_ZYNQ_ETHERNET/software_TFM/TFM_ZYNQ_4_wrapper/export/TFM_ZYNQ_4_wrapper/TFM_ZYNQ_4_wrapper.xpfm
TRACE::2024-03-03.18:14:50::SCWBifWriter::hardware databse : TFM_ZYNQ_4_wrapper_12
TRACE::2024-03-03.18:14:50::SCWBifWriter::bitstream found in the design
TRACE::2024-03-03.18:14:50::SCWBifWriter::Found a baremetal domain, proc: ps7_cortexa9_0
TRACE::2024-03-03.18:14:50::SCWBifWriter::proc type : 
TRACE::2024-03-03.18:14:50::SCWBifWriter::proc[0] : ps7_cortexa9_0
TRACE::2024-03-03.18:14:50::SCWBifWriter::Device type is : zynq
TRACE::2024-03-03.18:14:50::SCWBifWriter::Writing BIF to file : C:/Users/victo/Desktop/TFM/Zynq/TFM_ZYNQ_ETHERNET/software_TFM/software_TFM_system/Debug/system.bif
TRACE::2024-03-03.18:14:50::SCWBifWriter::Writing the Zynq Baremetal bif 
TRACE::2024-03-03.18:17:52::SCWBifWriter::Found the complete platform C:/Users/victo/Desktop/TFM/Zynq/TFM_ZYNQ_ETHERNET/software_TFM/TFM_ZYNQ_4_wrapper/export/TFM_ZYNQ_4_wrapper/TFM_ZYNQ_4_wrapper.xpfm
TRACE::2024-03-03.18:17:53::SCWBifWriter::hardware databse : TFM_ZYNQ_4_wrapper_14
TRACE::2024-03-03.18:17:53::SCWBifWriter::bitstream found in the design
TRACE::2024-03-03.18:17:53::SCWBifWriter::Found a baremetal domain, proc: ps7_cortexa9_0
TRACE::2024-03-03.18:17:53::SCWBifWriter::proc type : 
TRACE::2024-03-03.18:17:53::SCWBifWriter::proc[0] : ps7_cortexa9_0
TRACE::2024-03-03.18:17:53::SCWBifWriter::Device type is : zynq
TRACE::2024-03-03.18:17:53::SCWBifWriter::Writing BIF to file : C:/Users/victo/Desktop/TFM/Zynq/TFM_ZYNQ_ETHERNET/software_TFM/software_TFM_system/Debug/system.bif
TRACE::2024-03-03.18:17:53::SCWBifWriter::Writing the Zynq Baremetal bif 
TRACE::2024-03-03.18:21:45::SCWBifWriter::Found the complete platform C:/Users/victo/Desktop/TFM/Zynq/TFM_ZYNQ_ETHERNET/software_TFM/TFM_ZYNQ_4_wrapper/export/TFM_ZYNQ_4_wrapper/TFM_ZYNQ_4_wrapper.xpfm
TRACE::2024-03-03.18:21:45::SCWBifWriter::hardware databse : TFM_ZYNQ_4_wrapper_14
TRACE::2024-03-03.18:21:45::SCWBifWriter::bitstream found in the design
TRACE::2024-03-03.18:21:45::SCWBifWriter::Found a baremetal domain, proc: ps7_cortexa9_0
TRACE::2024-03-03.18:21:45::SCWBifWriter::proc type : 
TRACE::2024-03-03.18:21:45::SCWBifWriter::proc[0] : ps7_cortexa9_0
TRACE::2024-03-03.18:21:45::SCWBifWriter::Device type is : zynq
TRACE::2024-03-03.18:21:45::SCWBifWriter::Writing BIF to file : C:/Users/victo/Desktop/TFM/Zynq/TFM_ZYNQ_ETHERNET/software_TFM/software_TFM_system/Debug/system.bif
TRACE::2024-03-03.18:21:45::SCWBifWriter::Writing the Zynq Baremetal bif 
TRACE::2024-03-03.18:24:26::SCWBifWriter::Found the complete platform C:/Users/victo/Desktop/TFM/Zynq/TFM_ZYNQ_ETHERNET/software_TFM/TFM_ZYNQ_4_wrapper/export/TFM_ZYNQ_4_wrapper/TFM_ZYNQ_4_wrapper.xpfm
TRACE::2024-03-03.18:24:26::SCWBifWriter::hardware databse : TFM_ZYNQ_4_wrapper_14
TRACE::2024-03-03.18:24:26::SCWBifWriter::bitstream found in the design
TRACE::2024-03-03.18:24:26::SCWBifWriter::Found a baremetal domain, proc: ps7_cortexa9_0
TRACE::2024-03-03.18:24:26::SCWBifWriter::proc type : 
TRACE::2024-03-03.18:24:26::SCWBifWriter::proc[0] : ps7_cortexa9_0
TRACE::2024-03-03.18:24:26::SCWBifWriter::Device type is : zynq
TRACE::2024-03-03.18:24:26::SCWBifWriter::Writing BIF to file : C:/Users/victo/Desktop/TFM/Zynq/TFM_ZYNQ_ETHERNET/software_TFM/software_TFM_system/Debug/system.bif
TRACE::2024-03-03.18:24:26::SCWBifWriter::Writing the Zynq Baremetal bif 
TRACE::2024-03-03.18:26:37::SCWBifWriter::Found the complete platform C:/Users/victo/Desktop/TFM/Zynq/TFM_ZYNQ_ETHERNET/software_TFM/TFM_ZYNQ_4_wrapper/export/TFM_ZYNQ_4_wrapper/TFM_ZYNQ_4_wrapper.xpfm
TRACE::2024-03-03.18:26:37::SCWBifWriter::hardware databse : TFM_ZYNQ_4_wrapper_14
TRACE::2024-03-03.18:26:37::SCWBifWriter::bitstream found in the design
TRACE::2024-03-03.18:26:37::SCWBifWriter::Found a baremetal domain, proc: ps7_cortexa9_0
TRACE::2024-03-03.18:26:37::SCWBifWriter::proc type : 
TRACE::2024-03-03.18:26:37::SCWBifWriter::proc[0] : ps7_cortexa9_0
TRACE::2024-03-03.18:26:37::SCWBifWriter::Device type is : zynq
TRACE::2024-03-03.18:26:37::SCWBifWriter::Writing BIF to file : C:/Users/victo/Desktop/TFM/Zynq/TFM_ZYNQ_ETHERNET/software_TFM/software_TFM_system/Debug/system.bif
TRACE::2024-03-03.18:26:37::SCWBifWriter::Writing the Zynq Baremetal bif 
TRACE::2024-03-03.18:28:59::SCWBifWriter::Found the complete platform C:/Users/victo/Desktop/TFM/Zynq/TFM_ZYNQ_ETHERNET/software_TFM/TFM_ZYNQ_4_wrapper/export/TFM_ZYNQ_4_wrapper/TFM_ZYNQ_4_wrapper.xpfm
TRACE::2024-03-03.18:28:59::SCWBifWriter::hardware databse : TFM_ZYNQ_4_wrapper_14
TRACE::2024-03-03.18:28:59::SCWBifWriter::bitstream found in the design
TRACE::2024-03-03.18:28:59::SCWBifWriter::Found a baremetal domain, proc: ps7_cortexa9_0
TRACE::2024-03-03.18:28:59::SCWBifWriter::proc type : 
TRACE::2024-03-03.18:28:59::SCWBifWriter::proc[0] : ps7_cortexa9_0
TRACE::2024-03-03.18:28:59::SCWBifWriter::Device type is : zynq
TRACE::2024-03-03.18:28:59::SCWBifWriter::Writing BIF to file : C:/Users/victo/Desktop/TFM/Zynq/TFM_ZYNQ_ETHERNET/software_TFM/software_TFM_system/Debug/system.bif
TRACE::2024-03-03.18:28:59::SCWBifWriter::Writing the Zynq Baremetal bif 
TRACE::2024-03-11.11:41:10::SCWBifWriter::Found the complete platform C:/Users/victo/Desktop/TFM/Zynq/TFM_ZYNQ_ETHERNET/software_TFM/TFM_ZYNQ_4_wrapper/export/TFM_ZYNQ_4_wrapper/TFM_ZYNQ_4_wrapper.xpfm
TRACE::2024-03-11.11:41:11::SCWBifWriter::hardware databse : TFM_ZYNQ_4_wrapper
TRACE::2024-03-11.11:41:11::SCWBifWriter::bitstream found in the design
TRACE::2024-03-11.11:41:11::SCWBifWriter::Found a baremetal domain, proc: ps7_cortexa9_0
TRACE::2024-03-11.11:41:11::SCWBifWriter::proc type : 
TRACE::2024-03-11.11:41:11::SCWBifWriter::proc[0] : ps7_cortexa9_0
TRACE::2024-03-11.11:41:11::SCWBifWriter::Device type is : zynq
TRACE::2024-03-11.11:41:11::SCWBifWriter::Writing BIF to file : C:/Users/victo/Desktop/TFM/Zynq/TFM_ZYNQ_ETHERNET/software_TFM/software_TFM_system/Debug/system.bif
TRACE::2024-03-11.11:41:11::SCWBifWriter::Writing the Zynq Baremetal bif 
TRACE::2024-03-11.16:28:14::SCWBifWriter::Found the complete platform C:/Users/victo/Desktop/TFM/Zynq/TFM_ZYNQ_ETHERNET/software_TFM/TFM_ZYNQ_4_wrapper/export/TFM_ZYNQ_4_wrapper/TFM_ZYNQ_4_wrapper.xpfm
TRACE::2024-03-11.16:28:14::SCWBifWriter::hardware databse : TFM_ZYNQ_4_wrapper_30
TRACE::2024-03-11.16:28:14::SCWBifWriter::bitstream found in the design
TRACE::2024-03-11.16:28:14::SCWBifWriter::Found a baremetal domain, proc: ps7_cortexa9_0
TRACE::2024-03-11.16:28:14::SCWBifWriter::proc type : 
TRACE::2024-03-11.16:28:14::SCWBifWriter::proc[0] : ps7_cortexa9_0
TRACE::2024-03-11.16:28:14::SCWBifWriter::Device type is : zynq
TRACE::2024-03-11.16:28:14::SCWBifWriter::Writing BIF to file : C:/Users/victo/Desktop/TFM/Zynq/TFM_ZYNQ_ETHERNET/software_TFM/software_TFM_system/Debug/system.bif
TRACE::2024-03-11.16:28:14::SCWBifWriter::Writing the Zynq Baremetal bif 
TRACE::2024-03-20.19:05:30::SCWBifWriter::Found the complete platform C:/Users/victo/Desktop/TFM/Zynq/TFM_ZYNQ_ETHERNET/software_TFM/TFM_ZYNQ_4_wrapper/export/TFM_ZYNQ_4_wrapper/TFM_ZYNQ_4_wrapper.xpfm
TRACE::2024-03-20.19:05:30::SCWBifWriter::hardware databse : TFM_ZYNQ_4_wrapper_0
TRACE::2024-03-20.19:05:30::SCWBifWriter::bitstream found in the design
TRACE::2024-03-20.19:05:30::SCWBifWriter::Found a baremetal domain, proc: ps7_cortexa9_0
TRACE::2024-03-20.19:05:30::SCWBifWriter::proc type : 
TRACE::2024-03-20.19:05:30::SCWBifWriter::proc[0] : ps7_cortexa9_0
TRACE::2024-03-20.19:05:30::SCWBifWriter::Device type is : zynq
TRACE::2024-03-20.19:05:30::SCWBifWriter::Writing BIF to file : C:/Users/victo/Desktop/TFM/Zynq/TFM_ZYNQ_ETHERNET/software_TFM/software_TFM_system/Debug/system.bif
TRACE::2024-03-20.19:05:30::SCWBifWriter::Writing the Zynq Baremetal bif 
TRACE::2024-03-20.19:56:29::SCWBifWriter::Found the complete platform C:/Users/victo/Desktop/TFM/Zynq/TFM_ZYNQ_ETHERNET/software_TFM/TFM_ZYNQ_4_wrapper/export/TFM_ZYNQ_4_wrapper/TFM_ZYNQ_4_wrapper.xpfm
TRACE::2024-03-20.19:56:29::SCWBifWriter::hardware databse : TFM_ZYNQ_4_wrapper_7
TRACE::2024-03-20.19:56:29::SCWBifWriter::bitstream found in the design
TRACE::2024-03-20.19:56:29::SCWBifWriter::Found a baremetal domain, proc: ps7_cortexa9_0
TRACE::2024-03-20.19:56:29::SCWBifWriter::proc type : 
TRACE::2024-03-20.19:56:29::SCWBifWriter::proc[0] : ps7_cortexa9_0
TRACE::2024-03-20.19:56:29::SCWBifWriter::Device type is : zynq
TRACE::2024-03-20.19:56:29::SCWBifWriter::Writing BIF to file : C:/Users/victo/Desktop/TFM/Zynq/TFM_ZYNQ_ETHERNET/software_TFM/software_TFM_system/Debug/system.bif
TRACE::2024-03-20.19:56:29::SCWBifWriter::Writing the Zynq Baremetal bif 
