20:43:07 INFO  : Launching XSCT server: xsct.bat -n  -interactive C:\Users\victo\Desktop\TFM\Zynq\TFM_ZYNQ_ETHERNET\software_TFM\temp_xsdb_launch_script.tcl
20:43:16 INFO  : XSCT server has started successfully.
20:43:16 INFO  : plnx-install-location is set to ''
20:43:18 INFO  : Registering command handlers for Vitis TCF services
20:43:27 INFO  : Successfully done setting XSCT server connection channel  
20:43:27 INFO  : Successfully done query RDI_DATADIR 
20:43:27 INFO  : Successfully done setting workspace for the tool. 
20:47:12 INFO  : Successfully done sdx_reload_mss "C:/Users/victo/Desktop/TFM/Zynq/TFM_ZYNQ_ETHERNET/software_TFM/TFM_ZYNQ_4_wrapper/zynq_fsbl/zynq_fsbl_bsp/system.mss"
20:47:13 INFO  : Successfully done sdx_reload_mss "C:/Users/victo/Desktop/TFM/Zynq/TFM_ZYNQ_ETHERNET/software_TFM/TFM_ZYNQ_4_wrapper/ps7_cortexa9_0/standalone_domain/bsp/system.mss"
20:47:20 INFO  : (SwPlatform)  Successfully done add_library 
20:47:23 INFO  : (SwPlatform) Successfully done update_mss 
20:47:24 INFO  : Successfully done sdx_reload_mss "C:/Users/victo/Desktop/TFM/Zynq/TFM_ZYNQ_ETHERNET/software_TFM/TFM_ZYNQ_4_wrapper/zynq_fsbl/zynq_fsbl_bsp/system.mss"
20:47:44 ERROR : (XSDB Server)rm: no se puede efectuar `lstat' sobre «*.o»: Invalid argument

20:47:44 ERROR : (XSDB Server)make: *** [Makefile:41: clean] Error 1

20:48:06 INFO  : (SwPlatform)  Successfully done add_library 
20:48:08 INFO  : (SwPlatform)  Successfully done add_library 
20:48:10 INFO  : (SwPlatform) Successfully done update_mss 
20:48:10 INFO  : Successfully done sdx_reload_mss "C:/Users/victo/Desktop/TFM/Zynq/TFM_ZYNQ_ETHERNET/software_TFM/TFM_ZYNQ_4_wrapper/ps7_cortexa9_0/standalone_domain/bsp/system.mss"
20:53:00 INFO  : Checking for BSP changes to sync application flags for project 'software_TFM'...
20:53:00 INFO  : Updating application flags with new BSP settings...
20:53:02 INFO  : Successfully updated application flags for project software_TFM.
20:54:14 INFO  : Checking for BSP changes to sync application flags for project 'software_TFM'...
21:11:04 INFO  : Connected to target on host '127.0.0.1' and port '3121'.
21:11:05 INFO  : Jtag cable 'Digilent Zybo Z7 210351B0FE1AA' is selected.
21:11:05 INFO  : 'jtag frequency' command is executed.
21:11:05 INFO  : Context for 'APU' is selected.
21:11:05 INFO  : System reset is completed.
21:11:08 INFO  : 'after 3000' command is executed.
21:11:08 INFO  : 'targets -set -filter {jtag_cable_name =~ "Digilent Zybo Z7 210351B0FE1AA" && level==0} -index 1' command is executed.
21:11:10 INFO  : FPGA configured successfully with bitstream "C:/Users/victo/Desktop/TFM/Zynq/TFM_ZYNQ_ETHERNET/software_TFM/software_TFM/_ide/bitstream/TFM_ZYNQ_4_wrapper.bit"
21:11:10 INFO  : Context for 'APU' is selected.
21:11:10 INFO  : Hardware design information is loaded from 'C:/Users/victo/Desktop/TFM/Zynq/TFM_ZYNQ_ETHERNET/software_TFM/TFM_ZYNQ_4_wrapper/export/TFM_ZYNQ_4_wrapper/hw/TFM_ZYNQ_4_wrapper.xsa'.
21:11:10 INFO  : 'configparams force-mem-access 1' command is executed.
21:11:10 INFO  : Context for 'APU' is selected.
21:11:10 INFO  : Sourcing of 'C:/Users/victo/Desktop/TFM/Zynq/TFM_ZYNQ_ETHERNET/software_TFM/software_TFM/_ide/psinit/ps7_init.tcl' is done.
21:11:10 INFO  : 'ps7_init' command is executed.
21:11:10 INFO  : 'ps7_post_config' command is executed.
21:11:10 INFO  : Context for processor 'ps7_cortexa9_0' is selected.
21:11:11 INFO  : The application 'C:/Users/victo/Desktop/TFM/Zynq/TFM_ZYNQ_ETHERNET/software_TFM/software_TFM/Debug/software_TFM.elf' is downloaded to processor 'ps7_cortexa9_0'.
21:11:11 INFO  : 'configparams force-mem-access 0' command is executed.
21:11:11 INFO  : ----------------XSDB Script----------------
connect -url tcp:127.0.0.1:3121
targets -set -nocase -filter {name =~"APU*"}
rst -system
after 3000
targets -set -filter {jtag_cable_name =~ "Digilent Zybo Z7 210351B0FE1AA" && level==0} -index 1
fpga -file C:/Users/victo/Desktop/TFM/Zynq/TFM_ZYNQ_ETHERNET/software_TFM/software_TFM/_ide/bitstream/TFM_ZYNQ_4_wrapper.bit
targets -set -nocase -filter {name =~"APU*"}
loadhw -hw C:/Users/victo/Desktop/TFM/Zynq/TFM_ZYNQ_ETHERNET/software_TFM/TFM_ZYNQ_4_wrapper/export/TFM_ZYNQ_4_wrapper/hw/TFM_ZYNQ_4_wrapper.xsa -mem-ranges [list {0x40000000 0xbfffffff}]
configparams force-mem-access 1
targets -set -nocase -filter {name =~"APU*"}
source C:/Users/victo/Desktop/TFM/Zynq/TFM_ZYNQ_ETHERNET/software_TFM/software_TFM/_ide/psinit/ps7_init.tcl
ps7_init
ps7_post_config
targets -set -nocase -filter {name =~ "*A9*#0"}
dow C:/Users/victo/Desktop/TFM/Zynq/TFM_ZYNQ_ETHERNET/software_TFM/software_TFM/Debug/software_TFM.elf
configparams force-mem-access 0
----------------End of Script----------------

21:11:11 INFO  : Memory regions updated for context APU
21:11:11 INFO  : Context for processor 'ps7_cortexa9_0' is selected.
21:11:11 INFO  : 'con' command is executed.
21:11:11 INFO  : ----------------XSDB Script (After Launch)----------------
targets -set -nocase -filter {name =~ "*A9*#0"}
con
----------------End of Script----------------

21:11:11 INFO  : Launch script is exported to file 'C:\Users\victo\Desktop\TFM\Zynq\TFM_ZYNQ_ETHERNET\software_TFM\.sdk\launch_scripts\single_application_debug\debugger_software_tfm-default.tcl'
21:13:47 INFO  : Disconnected from the channel tcfchan#4.
21:13:48 INFO  : Connected to target on host '127.0.0.1' and port '3121'.
21:13:49 INFO  : Jtag cable 'Digilent Zybo Z7 210351B0FE1AA' is selected.
21:13:49 INFO  : 'jtag frequency' command is executed.
21:13:49 INFO  : Context for 'APU' is selected.
21:13:49 INFO  : System reset is completed.
21:13:52 INFO  : 'after 3000' command is executed.
21:13:52 INFO  : 'targets -set -filter {jtag_cable_name =~ "Digilent Zybo Z7 210351B0FE1AA" && level==0} -index 1' command is executed.
21:13:53 INFO  : FPGA configured successfully with bitstream "C:/Users/victo/Desktop/TFM/Zynq/TFM_ZYNQ_ETHERNET/software_TFM/software_TFM/_ide/bitstream/TFM_ZYNQ_4_wrapper.bit"
21:13:53 INFO  : Context for 'APU' is selected.
21:13:53 INFO  : Hardware design information is loaded from 'C:/Users/victo/Desktop/TFM/Zynq/TFM_ZYNQ_ETHERNET/software_TFM/TFM_ZYNQ_4_wrapper/export/TFM_ZYNQ_4_wrapper/hw/TFM_ZYNQ_4_wrapper.xsa'.
21:13:53 INFO  : 'configparams force-mem-access 1' command is executed.
21:13:53 INFO  : Context for 'APU' is selected.
21:13:53 INFO  : Sourcing of 'C:/Users/victo/Desktop/TFM/Zynq/TFM_ZYNQ_ETHERNET/software_TFM/software_TFM/_ide/psinit/ps7_init.tcl' is done.
21:13:54 INFO  : 'ps7_init' command is executed.
21:13:54 INFO  : 'ps7_post_config' command is executed.
21:13:54 INFO  : Context for processor 'ps7_cortexa9_0' is selected.
21:13:54 INFO  : The application 'C:/Users/victo/Desktop/TFM/Zynq/TFM_ZYNQ_ETHERNET/software_TFM/software_TFM/Debug/software_TFM.elf' is downloaded to processor 'ps7_cortexa9_0'.
21:13:54 INFO  : 'configparams force-mem-access 0' command is executed.
21:13:54 INFO  : ----------------XSDB Script----------------
connect -url tcp:127.0.0.1:3121
targets -set -nocase -filter {name =~"APU*"}
rst -system
after 3000
targets -set -filter {jtag_cable_name =~ "Digilent Zybo Z7 210351B0FE1AA" && level==0} -index 1
fpga -file C:/Users/victo/Desktop/TFM/Zynq/TFM_ZYNQ_ETHERNET/software_TFM/software_TFM/_ide/bitstream/TFM_ZYNQ_4_wrapper.bit
targets -set -nocase -filter {name =~"APU*"}
loadhw -hw C:/Users/victo/Desktop/TFM/Zynq/TFM_ZYNQ_ETHERNET/software_TFM/TFM_ZYNQ_4_wrapper/export/TFM_ZYNQ_4_wrapper/hw/TFM_ZYNQ_4_wrapper.xsa -mem-ranges [list {0x40000000 0xbfffffff}]
configparams force-mem-access 1
targets -set -nocase -filter {name =~"APU*"}
source C:/Users/victo/Desktop/TFM/Zynq/TFM_ZYNQ_ETHERNET/software_TFM/software_TFM/_ide/psinit/ps7_init.tcl
ps7_init
ps7_post_config
targets -set -nocase -filter {name =~ "*A9*#0"}
dow C:/Users/victo/Desktop/TFM/Zynq/TFM_ZYNQ_ETHERNET/software_TFM/software_TFM/Debug/software_TFM.elf
configparams force-mem-access 0
----------------End of Script----------------

21:13:55 INFO  : Memory regions updated for context APU
21:13:55 INFO  : Context for processor 'ps7_cortexa9_0' is selected.
21:13:55 INFO  : 'con' command is executed.
21:13:55 INFO  : ----------------XSDB Script (After Launch)----------------
targets -set -nocase -filter {name =~ "*A9*#0"}
con
----------------End of Script----------------

21:13:55 INFO  : Launch script is exported to file 'C:\Users\victo\Desktop\TFM\Zynq\TFM_ZYNQ_ETHERNET\software_TFM\.sdk\launch_scripts\single_application_debug\debugger_software_tfm-default.tcl'
22:10:14 INFO  : Checking for BSP changes to sync application flags for project 'software_TFM'...
22:10:34 INFO  : Checking for BSP changes to sync application flags for project 'software_TFM'...
22:11:33 INFO  : Disconnected from the channel tcfchan#5.
22:11:34 INFO  : Connected to target on host '127.0.0.1' and port '3121'.
22:11:34 INFO  : Jtag cable 'Digilent Zybo Z7 210351B0FE1AA' is selected.
22:11:34 INFO  : 'jtag frequency' command is executed.
22:11:34 INFO  : Context for 'APU' is selected.
22:11:34 INFO  : System reset is completed.
22:11:37 INFO  : 'after 3000' command is executed.
22:11:37 INFO  : 'targets -set -filter {jtag_cable_name =~ "Digilent Zybo Z7 210351B0FE1AA" && level==0} -index 1' command is executed.
22:11:38 INFO  : FPGA configured successfully with bitstream "C:/Users/victo/Desktop/TFM/Zynq/TFM_ZYNQ_ETHERNET/software_TFM/software_TFM/_ide/bitstream/TFM_ZYNQ_4_wrapper.bit"
22:11:38 INFO  : Context for 'APU' is selected.
22:11:38 INFO  : Hardware design information is loaded from 'C:/Users/victo/Desktop/TFM/Zynq/TFM_ZYNQ_ETHERNET/software_TFM/TFM_ZYNQ_4_wrapper/export/TFM_ZYNQ_4_wrapper/hw/TFM_ZYNQ_4_wrapper.xsa'.
22:11:38 INFO  : 'configparams force-mem-access 1' command is executed.
22:11:39 INFO  : Context for 'APU' is selected.
22:11:39 INFO  : Sourcing of 'C:/Users/victo/Desktop/TFM/Zynq/TFM_ZYNQ_ETHERNET/software_TFM/software_TFM/_ide/psinit/ps7_init.tcl' is done.
22:11:39 INFO  : 'ps7_init' command is executed.
22:11:39 INFO  : 'ps7_post_config' command is executed.
22:11:39 INFO  : Context for processor 'ps7_cortexa9_0' is selected.
22:11:39 INFO  : The application 'C:/Users/victo/Desktop/TFM/Zynq/TFM_ZYNQ_ETHERNET/software_TFM/software_TFM/Debug/software_TFM.elf' is downloaded to processor 'ps7_cortexa9_0'.
22:11:40 INFO  : 'configparams force-mem-access 0' command is executed.
22:11:40 INFO  : ----------------XSDB Script----------------
connect -url tcp:127.0.0.1:3121
targets -set -nocase -filter {name =~"APU*"}
rst -system
after 3000
targets -set -filter {jtag_cable_name =~ "Digilent Zybo Z7 210351B0FE1AA" && level==0} -index 1
fpga -file C:/Users/victo/Desktop/TFM/Zynq/TFM_ZYNQ_ETHERNET/software_TFM/software_TFM/_ide/bitstream/TFM_ZYNQ_4_wrapper.bit
targets -set -nocase -filter {name =~"APU*"}
loadhw -hw C:/Users/victo/Desktop/TFM/Zynq/TFM_ZYNQ_ETHERNET/software_TFM/TFM_ZYNQ_4_wrapper/export/TFM_ZYNQ_4_wrapper/hw/TFM_ZYNQ_4_wrapper.xsa -mem-ranges [list {0x40000000 0xbfffffff}]
configparams force-mem-access 1
targets -set -nocase -filter {name =~"APU*"}
source C:/Users/victo/Desktop/TFM/Zynq/TFM_ZYNQ_ETHERNET/software_TFM/software_TFM/_ide/psinit/ps7_init.tcl
ps7_init
ps7_post_config
targets -set -nocase -filter {name =~ "*A9*#0"}
dow C:/Users/victo/Desktop/TFM/Zynq/TFM_ZYNQ_ETHERNET/software_TFM/software_TFM/Debug/software_TFM.elf
configparams force-mem-access 0
----------------End of Script----------------

22:11:40 INFO  : Memory regions updated for context APU
22:11:40 INFO  : Context for processor 'ps7_cortexa9_0' is selected.
22:11:40 INFO  : 'con' command is executed.
22:11:40 INFO  : ----------------XSDB Script (After Launch)----------------
targets -set -nocase -filter {name =~ "*A9*#0"}
con
----------------End of Script----------------

22:11:40 INFO  : Launch script is exported to file 'C:\Users\victo\Desktop\TFM\Zynq\TFM_ZYNQ_ETHERNET\software_TFM\.sdk\launch_scripts\single_application_debug\debugger_software_tfm-default.tcl'
22:12:02 INFO  : Disconnected from the channel tcfchan#8.
22:12:03 INFO  : Connected to target on host '127.0.0.1' and port '3121'.
22:12:03 INFO  : Jtag cable 'Digilent Zybo Z7 210351B0FE1AA' is selected.
22:12:03 INFO  : 'jtag frequency' command is executed.
22:12:03 INFO  : Context for 'APU' is selected.
22:12:03 INFO  : System reset is completed.
22:12:06 INFO  : 'after 3000' command is executed.
22:12:06 INFO  : 'targets -set -filter {jtag_cable_name =~ "Digilent Zybo Z7 210351B0FE1AA" && level==0} -index 1' command is executed.
22:12:07 INFO  : FPGA configured successfully with bitstream "C:/Users/victo/Desktop/TFM/Zynq/TFM_ZYNQ_ETHERNET/software_TFM/software_TFM/_ide/bitstream/TFM_ZYNQ_4_wrapper.bit"
22:12:07 INFO  : Context for 'APU' is selected.
22:12:07 INFO  : Hardware design information is loaded from 'C:/Users/victo/Desktop/TFM/Zynq/TFM_ZYNQ_ETHERNET/software_TFM/TFM_ZYNQ_4_wrapper/export/TFM_ZYNQ_4_wrapper/hw/TFM_ZYNQ_4_wrapper.xsa'.
22:12:08 INFO  : 'configparams force-mem-access 1' command is executed.
22:12:08 INFO  : Context for 'APU' is selected.
22:12:08 INFO  : Sourcing of 'C:/Users/victo/Desktop/TFM/Zynq/TFM_ZYNQ_ETHERNET/software_TFM/software_TFM/_ide/psinit/ps7_init.tcl' is done.
22:12:08 INFO  : 'ps7_init' command is executed.
22:12:08 INFO  : 'ps7_post_config' command is executed.
22:12:08 INFO  : Context for processor 'ps7_cortexa9_0' is selected.
22:12:09 INFO  : The application 'C:/Users/victo/Desktop/TFM/Zynq/TFM_ZYNQ_ETHERNET/software_TFM/software_TFM/Debug/software_TFM.elf' is downloaded to processor 'ps7_cortexa9_0'.
22:12:09 INFO  : 'configparams force-mem-access 0' command is executed.
22:12:09 INFO  : ----------------XSDB Script----------------
connect -url tcp:127.0.0.1:3121
targets -set -nocase -filter {name =~"APU*"}
rst -system
after 3000
targets -set -filter {jtag_cable_name =~ "Digilent Zybo Z7 210351B0FE1AA" && level==0} -index 1
fpga -file C:/Users/victo/Desktop/TFM/Zynq/TFM_ZYNQ_ETHERNET/software_TFM/software_TFM/_ide/bitstream/TFM_ZYNQ_4_wrapper.bit
targets -set -nocase -filter {name =~"APU*"}
loadhw -hw C:/Users/victo/Desktop/TFM/Zynq/TFM_ZYNQ_ETHERNET/software_TFM/TFM_ZYNQ_4_wrapper/export/TFM_ZYNQ_4_wrapper/hw/TFM_ZYNQ_4_wrapper.xsa -mem-ranges [list {0x40000000 0xbfffffff}]
configparams force-mem-access 1
targets -set -nocase -filter {name =~"APU*"}
source C:/Users/victo/Desktop/TFM/Zynq/TFM_ZYNQ_ETHERNET/software_TFM/software_TFM/_ide/psinit/ps7_init.tcl
ps7_init
ps7_post_config
targets -set -nocase -filter {name =~ "*A9*#0"}
dow C:/Users/victo/Desktop/TFM/Zynq/TFM_ZYNQ_ETHERNET/software_TFM/software_TFM/Debug/software_TFM.elf
configparams force-mem-access 0
----------------End of Script----------------

22:12:09 INFO  : Memory regions updated for context APU
22:12:09 INFO  : Context for processor 'ps7_cortexa9_0' is selected.
22:12:09 INFO  : 'con' command is executed.
22:12:09 INFO  : ----------------XSDB Script (After Launch)----------------
targets -set -nocase -filter {name =~ "*A9*#0"}
con
----------------End of Script----------------

22:12:09 INFO  : Launch script is exported to file 'C:\Users\victo\Desktop\TFM\Zynq\TFM_ZYNQ_ETHERNET\software_TFM\.sdk\launch_scripts\single_application_debug\debugger_software_tfm-default.tcl'
22:13:54 INFO  : Checking for BSP changes to sync application flags for project 'software_TFM'...
22:14:36 INFO  : Disconnected from the channel tcfchan#9.
22:14:37 INFO  : Connected to target on host '127.0.0.1' and port '3121'.
22:14:37 INFO  : Jtag cable 'Digilent Zybo Z7 210351B0FE1AA' is selected.
22:14:37 INFO  : 'jtag frequency' command is executed.
22:14:37 INFO  : Context for 'APU' is selected.
22:14:37 INFO  : System reset is completed.
22:14:40 INFO  : 'after 3000' command is executed.
22:14:40 INFO  : 'targets -set -filter {jtag_cable_name =~ "Digilent Zybo Z7 210351B0FE1AA" && level==0} -index 1' command is executed.
22:14:42 INFO  : FPGA configured successfully with bitstream "C:/Users/victo/Desktop/TFM/Zynq/TFM_ZYNQ_ETHERNET/software_TFM/software_TFM/_ide/bitstream/TFM_ZYNQ_4_wrapper.bit"
22:14:42 INFO  : Context for 'APU' is selected.
22:14:42 INFO  : Hardware design information is loaded from 'C:/Users/victo/Desktop/TFM/Zynq/TFM_ZYNQ_ETHERNET/software_TFM/TFM_ZYNQ_4_wrapper/export/TFM_ZYNQ_4_wrapper/hw/TFM_ZYNQ_4_wrapper.xsa'.
22:14:42 INFO  : 'configparams force-mem-access 1' command is executed.
22:14:42 INFO  : Context for 'APU' is selected.
22:14:42 INFO  : Sourcing of 'C:/Users/victo/Desktop/TFM/Zynq/TFM_ZYNQ_ETHERNET/software_TFM/software_TFM/_ide/psinit/ps7_init.tcl' is done.
22:14:42 INFO  : 'ps7_init' command is executed.
22:14:42 INFO  : 'ps7_post_config' command is executed.
22:14:42 INFO  : Context for processor 'ps7_cortexa9_0' is selected.
22:14:42 INFO  : The application 'C:/Users/victo/Desktop/TFM/Zynq/TFM_ZYNQ_ETHERNET/software_TFM/software_TFM/Debug/software_TFM.elf' is downloaded to processor 'ps7_cortexa9_0'.
22:14:43 INFO  : 'configparams force-mem-access 0' command is executed.
22:14:43 INFO  : ----------------XSDB Script----------------
connect -url tcp:127.0.0.1:3121
targets -set -nocase -filter {name =~"APU*"}
rst -system
after 3000
targets -set -filter {jtag_cable_name =~ "Digilent Zybo Z7 210351B0FE1AA" && level==0} -index 1
fpga -file C:/Users/victo/Desktop/TFM/Zynq/TFM_ZYNQ_ETHERNET/software_TFM/software_TFM/_ide/bitstream/TFM_ZYNQ_4_wrapper.bit
targets -set -nocase -filter {name =~"APU*"}
loadhw -hw C:/Users/victo/Desktop/TFM/Zynq/TFM_ZYNQ_ETHERNET/software_TFM/TFM_ZYNQ_4_wrapper/export/TFM_ZYNQ_4_wrapper/hw/TFM_ZYNQ_4_wrapper.xsa -mem-ranges [list {0x40000000 0xbfffffff}]
configparams force-mem-access 1
targets -set -nocase -filter {name =~"APU*"}
source C:/Users/victo/Desktop/TFM/Zynq/TFM_ZYNQ_ETHERNET/software_TFM/software_TFM/_ide/psinit/ps7_init.tcl
ps7_init
ps7_post_config
targets -set -nocase -filter {name =~ "*A9*#0"}
dow C:/Users/victo/Desktop/TFM/Zynq/TFM_ZYNQ_ETHERNET/software_TFM/software_TFM/Debug/software_TFM.elf
configparams force-mem-access 0
----------------End of Script----------------

22:14:43 INFO  : Memory regions updated for context APU
22:14:43 INFO  : Context for processor 'ps7_cortexa9_0' is selected.
22:14:43 INFO  : 'con' command is executed.
22:14:43 INFO  : ----------------XSDB Script (After Launch)----------------
targets -set -nocase -filter {name =~ "*A9*#0"}
con
----------------End of Script----------------

22:14:43 INFO  : Launch script is exported to file 'C:\Users\victo\Desktop\TFM\Zynq\TFM_ZYNQ_ETHERNET\software_TFM\.sdk\launch_scripts\single_application_debug\debugger_software_tfm-default.tcl'
22:15:02 INFO  : Disconnected from the channel tcfchan#11.
22:15:03 INFO  : Connected to target on host '127.0.0.1' and port '3121'.
22:15:03 INFO  : Jtag cable 'Digilent Zybo Z7 210351B0FE1AA' is selected.
22:15:03 INFO  : 'jtag frequency' command is executed.
22:15:04 INFO  : Context for 'APU' is selected.
22:15:04 INFO  : System reset is completed.
22:15:07 INFO  : 'after 3000' command is executed.
22:15:07 INFO  : 'targets -set -filter {jtag_cable_name =~ "Digilent Zybo Z7 210351B0FE1AA" && level==0} -index 1' command is executed.
22:15:08 INFO  : FPGA configured successfully with bitstream "C:/Users/victo/Desktop/TFM/Zynq/TFM_ZYNQ_ETHERNET/software_TFM/software_TFM/_ide/bitstream/TFM_ZYNQ_4_wrapper.bit"
22:15:08 INFO  : Context for 'APU' is selected.
22:15:08 INFO  : Hardware design information is loaded from 'C:/Users/victo/Desktop/TFM/Zynq/TFM_ZYNQ_ETHERNET/software_TFM/TFM_ZYNQ_4_wrapper/export/TFM_ZYNQ_4_wrapper/hw/TFM_ZYNQ_4_wrapper.xsa'.
22:15:08 INFO  : 'configparams force-mem-access 1' command is executed.
22:15:08 INFO  : Context for 'APU' is selected.
22:15:08 INFO  : Sourcing of 'C:/Users/victo/Desktop/TFM/Zynq/TFM_ZYNQ_ETHERNET/software_TFM/software_TFM/_ide/psinit/ps7_init.tcl' is done.
22:15:09 INFO  : 'ps7_init' command is executed.
22:15:09 INFO  : 'ps7_post_config' command is executed.
22:15:09 INFO  : Context for processor 'ps7_cortexa9_0' is selected.
22:15:09 INFO  : The application 'C:/Users/victo/Desktop/TFM/Zynq/TFM_ZYNQ_ETHERNET/software_TFM/software_TFM/Debug/software_TFM.elf' is downloaded to processor 'ps7_cortexa9_0'.
22:15:09 INFO  : 'configparams force-mem-access 0' command is executed.
22:15:09 INFO  : ----------------XSDB Script----------------
connect -url tcp:127.0.0.1:3121
targets -set -nocase -filter {name =~"APU*"}
rst -system
after 3000
targets -set -filter {jtag_cable_name =~ "Digilent Zybo Z7 210351B0FE1AA" && level==0} -index 1
fpga -file C:/Users/victo/Desktop/TFM/Zynq/TFM_ZYNQ_ETHERNET/software_TFM/software_TFM/_ide/bitstream/TFM_ZYNQ_4_wrapper.bit
targets -set -nocase -filter {name =~"APU*"}
loadhw -hw C:/Users/victo/Desktop/TFM/Zynq/TFM_ZYNQ_ETHERNET/software_TFM/TFM_ZYNQ_4_wrapper/export/TFM_ZYNQ_4_wrapper/hw/TFM_ZYNQ_4_wrapper.xsa -mem-ranges [list {0x40000000 0xbfffffff}]
configparams force-mem-access 1
targets -set -nocase -filter {name =~"APU*"}
source C:/Users/victo/Desktop/TFM/Zynq/TFM_ZYNQ_ETHERNET/software_TFM/software_TFM/_ide/psinit/ps7_init.tcl
ps7_init
ps7_post_config
targets -set -nocase -filter {name =~ "*A9*#0"}
dow C:/Users/victo/Desktop/TFM/Zynq/TFM_ZYNQ_ETHERNET/software_TFM/software_TFM/Debug/software_TFM.elf
configparams force-mem-access 0
----------------End of Script----------------

22:15:09 INFO  : Memory regions updated for context APU
22:15:09 INFO  : Context for processor 'ps7_cortexa9_0' is selected.
22:15:09 INFO  : 'con' command is executed.
22:15:09 INFO  : ----------------XSDB Script (After Launch)----------------
targets -set -nocase -filter {name =~ "*A9*#0"}
con
----------------End of Script----------------

22:15:09 INFO  : Launch script is exported to file 'C:\Users\victo\Desktop\TFM\Zynq\TFM_ZYNQ_ETHERNET\software_TFM\.sdk\launch_scripts\single_application_debug\debugger_software_tfm-default.tcl'
22:17:27 INFO  : Disconnected from the channel tcfchan#12.
22:17:28 INFO  : Connected to target on host '127.0.0.1' and port '3121'.
22:17:28 INFO  : Jtag cable 'Digilent Zybo Z7 210351B0FE1AA' is selected.
22:17:28 INFO  : 'jtag frequency' command is executed.
22:17:28 INFO  : Context for 'APU' is selected.
22:17:29 INFO  : System reset is completed.
22:17:32 INFO  : 'after 3000' command is executed.
22:17:32 INFO  : 'targets -set -filter {jtag_cable_name =~ "Digilent Zybo Z7 210351B0FE1AA" && level==0} -index 1' command is executed.
22:17:33 INFO  : FPGA configured successfully with bitstream "C:/Users/victo/Desktop/TFM/Zynq/TFM_ZYNQ_ETHERNET/software_TFM/software_TFM/_ide/bitstream/TFM_ZYNQ_4_wrapper.bit"
22:17:33 INFO  : Context for 'APU' is selected.
22:17:33 INFO  : Hardware design information is loaded from 'C:/Users/victo/Desktop/TFM/Zynq/TFM_ZYNQ_ETHERNET/software_TFM/TFM_ZYNQ_4_wrapper/export/TFM_ZYNQ_4_wrapper/hw/TFM_ZYNQ_4_wrapper.xsa'.
22:17:33 INFO  : 'configparams force-mem-access 1' command is executed.
22:17:33 INFO  : Context for 'APU' is selected.
22:17:33 INFO  : Sourcing of 'C:/Users/victo/Desktop/TFM/Zynq/TFM_ZYNQ_ETHERNET/software_TFM/software_TFM/_ide/psinit/ps7_init.tcl' is done.
22:17:33 ERROR : Memory read error at 0xF8006054. Invalid DAP ACK value: 0
22:17:33 INFO  : ----------------XSDB Script----------------
connect -url tcp:127.0.0.1:3121
targets -set -nocase -filter {name =~"APU*"}
rst -system
after 3000
targets -set -filter {jtag_cable_name =~ "Digilent Zybo Z7 210351B0FE1AA" && level==0} -index 1
fpga -file C:/Users/victo/Desktop/TFM/Zynq/TFM_ZYNQ_ETHERNET/software_TFM/software_TFM/_ide/bitstream/TFM_ZYNQ_4_wrapper.bit
targets -set -nocase -filter {name =~"APU*"}
loadhw -hw C:/Users/victo/Desktop/TFM/Zynq/TFM_ZYNQ_ETHERNET/software_TFM/TFM_ZYNQ_4_wrapper/export/TFM_ZYNQ_4_wrapper/hw/TFM_ZYNQ_4_wrapper.xsa -mem-ranges [list {0x40000000 0xbfffffff}]
configparams force-mem-access 1
targets -set -nocase -filter {name =~"APU*"}
source C:/Users/victo/Desktop/TFM/Zynq/TFM_ZYNQ_ETHERNET/software_TFM/software_TFM/_ide/psinit/ps7_init.tcl
ps7_init
----------------End of Script----------------

22:17:33 ERROR : Memory read error at 0xF8006054. Invalid DAP ACK value: 0
22:17:39 INFO  : Connected to target on host '127.0.0.1' and port '3121'.
22:17:40 INFO  : Jtag cable 'Digilent Zybo Z7 210351B0FE1AA' is selected.
22:17:40 INFO  : 'jtag frequency' command is executed.
22:17:40 INFO  : Context for 'APU' is selected.
22:17:40 INFO  : System reset is completed.
22:17:43 INFO  : 'after 3000' command is executed.
22:17:43 INFO  : 'targets -set -filter {jtag_cable_name =~ "Digilent Zybo Z7 210351B0FE1AA" && level==0} -index 1' command is executed.
22:17:44 INFO  : FPGA configured successfully with bitstream "C:/Users/victo/Desktop/TFM/Zynq/TFM_ZYNQ_ETHERNET/software_TFM/software_TFM/_ide/bitstream/TFM_ZYNQ_4_wrapper.bit"
22:17:44 INFO  : Context for 'APU' is selected.
22:17:44 INFO  : Hardware design information is loaded from 'C:/Users/victo/Desktop/TFM/Zynq/TFM_ZYNQ_ETHERNET/software_TFM/TFM_ZYNQ_4_wrapper/export/TFM_ZYNQ_4_wrapper/hw/TFM_ZYNQ_4_wrapper.xsa'.
22:17:44 INFO  : 'configparams force-mem-access 1' command is executed.
22:17:44 INFO  : Context for 'APU' is selected.
22:17:44 INFO  : Sourcing of 'C:/Users/victo/Desktop/TFM/Zynq/TFM_ZYNQ_ETHERNET/software_TFM/software_TFM/_ide/psinit/ps7_init.tcl' is done.
22:17:45 ERROR : Memory read error at 0xF8006054. Invalid DAP IDCODE. Invalid DAP ACK value: 0
22:17:45 INFO  : ----------------XSDB Script----------------
connect -url tcp:127.0.0.1:3121
targets -set -nocase -filter {name =~"APU*"}
rst -system
after 3000
targets -set -filter {jtag_cable_name =~ "Digilent Zybo Z7 210351B0FE1AA" && level==0} -index 1
fpga -file C:/Users/victo/Desktop/TFM/Zynq/TFM_ZYNQ_ETHERNET/software_TFM/software_TFM/_ide/bitstream/TFM_ZYNQ_4_wrapper.bit
targets -set -nocase -filter {name =~"APU*"}
loadhw -hw C:/Users/victo/Desktop/TFM/Zynq/TFM_ZYNQ_ETHERNET/software_TFM/TFM_ZYNQ_4_wrapper/export/TFM_ZYNQ_4_wrapper/hw/TFM_ZYNQ_4_wrapper.xsa -mem-ranges [list {0x40000000 0xbfffffff}]
configparams force-mem-access 1
targets -set -nocase -filter {name =~"APU*"}
source C:/Users/victo/Desktop/TFM/Zynq/TFM_ZYNQ_ETHERNET/software_TFM/software_TFM/_ide/psinit/ps7_init.tcl
ps7_init
----------------End of Script----------------

22:17:45 ERROR : Memory read error at 0xF8006054. Invalid DAP IDCODE. Invalid DAP ACK value: 0
22:18:00 INFO  : Connected to target on host '127.0.0.1' and port '3121'.
22:18:00 INFO  : Jtag cable 'Digilent Zybo Z7 210351B0FE1AA' is selected.
22:18:00 INFO  : 'jtag frequency' command is executed.
22:18:00 INFO  : Context for 'APU' is selected.
22:18:00 INFO  : System reset is completed.
22:18:03 INFO  : 'after 3000' command is executed.
22:18:03 INFO  : 'targets -set -filter {jtag_cable_name =~ "Digilent Zybo Z7 210351B0FE1AA" && level==0} -index 1' command is executed.
22:18:05 INFO  : FPGA configured successfully with bitstream "C:/Users/victo/Desktop/TFM/Zynq/TFM_ZYNQ_ETHERNET/software_TFM/software_TFM/_ide/bitstream/TFM_ZYNQ_4_wrapper.bit"
22:18:05 INFO  : Context for 'APU' is selected.
22:18:05 INFO  : Hardware design information is loaded from 'C:/Users/victo/Desktop/TFM/Zynq/TFM_ZYNQ_ETHERNET/software_TFM/TFM_ZYNQ_4_wrapper/export/TFM_ZYNQ_4_wrapper/hw/TFM_ZYNQ_4_wrapper.xsa'.
22:18:05 INFO  : 'configparams force-mem-access 1' command is executed.
22:18:05 INFO  : Context for 'APU' is selected.
22:18:05 INFO  : Sourcing of 'C:/Users/victo/Desktop/TFM/Zynq/TFM_ZYNQ_ETHERNET/software_TFM/software_TFM/_ide/psinit/ps7_init.tcl' is done.
22:18:05 INFO  : 'ps7_init' command is executed.
22:18:05 INFO  : 'ps7_post_config' command is executed.
22:18:05 INFO  : Context for processor 'ps7_cortexa9_0' is selected.
22:18:06 INFO  : The application 'C:/Users/victo/Desktop/TFM/Zynq/TFM_ZYNQ_ETHERNET/software_TFM/software_TFM/Debug/software_TFM.elf' is downloaded to processor 'ps7_cortexa9_0'.
22:18:06 INFO  : 'configparams force-mem-access 0' command is executed.
22:18:06 INFO  : ----------------XSDB Script----------------
connect -url tcp:127.0.0.1:3121
targets -set -nocase -filter {name =~"APU*"}
rst -system
after 3000
targets -set -filter {jtag_cable_name =~ "Digilent Zybo Z7 210351B0FE1AA" && level==0} -index 1
fpga -file C:/Users/victo/Desktop/TFM/Zynq/TFM_ZYNQ_ETHERNET/software_TFM/software_TFM/_ide/bitstream/TFM_ZYNQ_4_wrapper.bit
targets -set -nocase -filter {name =~"APU*"}
loadhw -hw C:/Users/victo/Desktop/TFM/Zynq/TFM_ZYNQ_ETHERNET/software_TFM/TFM_ZYNQ_4_wrapper/export/TFM_ZYNQ_4_wrapper/hw/TFM_ZYNQ_4_wrapper.xsa -mem-ranges [list {0x40000000 0xbfffffff}]
configparams force-mem-access 1
targets -set -nocase -filter {name =~"APU*"}
source C:/Users/victo/Desktop/TFM/Zynq/TFM_ZYNQ_ETHERNET/software_TFM/software_TFM/_ide/psinit/ps7_init.tcl
ps7_init
ps7_post_config
targets -set -nocase -filter {name =~ "*A9*#0"}
dow C:/Users/victo/Desktop/TFM/Zynq/TFM_ZYNQ_ETHERNET/software_TFM/software_TFM/Debug/software_TFM.elf
configparams force-mem-access 0
----------------End of Script----------------

22:18:06 INFO  : Memory regions updated for context APU
22:18:06 INFO  : Context for processor 'ps7_cortexa9_0' is selected.
22:18:06 INFO  : 'con' command is executed.
22:18:06 INFO  : ----------------XSDB Script (After Launch)----------------
targets -set -nocase -filter {name =~ "*A9*#0"}
con
----------------End of Script----------------

22:18:06 INFO  : Launch script is exported to file 'C:\Users\victo\Desktop\TFM\Zynq\TFM_ZYNQ_ETHERNET\software_TFM\.sdk\launch_scripts\single_application_debug\debugger_software_tfm-default.tcl'
22:18:43 INFO  : Disconnected from the channel tcfchan#13.
22:18:46 INFO  : Connected to target on host '127.0.0.1' and port '3121'.
22:18:47 INFO  : Jtag cable 'Digilent Zybo Z7 210351B0FE1AA' is selected.
22:18:47 INFO  : 'jtag frequency' command is executed.
22:18:47 INFO  : Context for 'APU' is selected.
22:18:47 INFO  : System reset is completed.
22:18:50 INFO  : 'after 3000' command is executed.
22:18:50 INFO  : 'targets -set -filter {jtag_cable_name =~ "Digilent Zybo Z7 210351B0FE1AA" && level==0} -index 1' command is executed.
22:18:51 INFO  : FPGA configured successfully with bitstream "C:/Users/victo/Desktop/TFM/Zynq/TFM_ZYNQ_ETHERNET/software_TFM/software_TFM/_ide/bitstream/TFM_ZYNQ_4_wrapper.bit"
22:18:51 INFO  : Context for 'APU' is selected.
22:18:51 INFO  : Hardware design information is loaded from 'C:/Users/victo/Desktop/TFM/Zynq/TFM_ZYNQ_ETHERNET/software_TFM/TFM_ZYNQ_4_wrapper/export/TFM_ZYNQ_4_wrapper/hw/TFM_ZYNQ_4_wrapper.xsa'.
22:18:51 INFO  : 'configparams force-mem-access 1' command is executed.
22:18:51 INFO  : Context for 'APU' is selected.
22:18:51 INFO  : Sourcing of 'C:/Users/victo/Desktop/TFM/Zynq/TFM_ZYNQ_ETHERNET/software_TFM/software_TFM/_ide/psinit/ps7_init.tcl' is done.
22:18:52 ERROR : Memory read error at 0xF8006054. Invalid DAP ACK value: 0
22:18:52 INFO  : ----------------XSDB Script----------------
connect -url tcp:127.0.0.1:3121
targets -set -nocase -filter {name =~"APU*"}
rst -system
after 3000
targets -set -filter {jtag_cable_name =~ "Digilent Zybo Z7 210351B0FE1AA" && level==0} -index 1
fpga -file C:/Users/victo/Desktop/TFM/Zynq/TFM_ZYNQ_ETHERNET/software_TFM/software_TFM/_ide/bitstream/TFM_ZYNQ_4_wrapper.bit
targets -set -nocase -filter {name =~"APU*"}
loadhw -hw C:/Users/victo/Desktop/TFM/Zynq/TFM_ZYNQ_ETHERNET/software_TFM/TFM_ZYNQ_4_wrapper/export/TFM_ZYNQ_4_wrapper/hw/TFM_ZYNQ_4_wrapper.xsa -mem-ranges [list {0x40000000 0xbfffffff}]
configparams force-mem-access 1
targets -set -nocase -filter {name =~"APU*"}
source C:/Users/victo/Desktop/TFM/Zynq/TFM_ZYNQ_ETHERNET/software_TFM/software_TFM/_ide/psinit/ps7_init.tcl
ps7_init
----------------End of Script----------------

22:18:52 ERROR : Memory read error at 0xF8006054. Invalid DAP ACK value: 0
22:19:02 INFO  : Connected to target on host '127.0.0.1' and port '3121'.
22:19:03 INFO  : Jtag cable 'Digilent Zybo Z7 210351B0FE1AA' is selected.
22:19:03 INFO  : 'jtag frequency' command is executed.
22:19:03 INFO  : Context for 'APU' is selected.
22:19:03 INFO  : System reset is completed.
22:19:06 INFO  : 'after 3000' command is executed.
22:19:06 INFO  : 'targets -set -filter {jtag_cable_name =~ "Digilent Zybo Z7 210351B0FE1AA" && level==0} -index 1' command is executed.
22:19:08 INFO  : FPGA configured successfully with bitstream "C:/Users/victo/Desktop/TFM/Zynq/TFM_ZYNQ_ETHERNET/software_TFM/software_TFM/_ide/bitstream/TFM_ZYNQ_4_wrapper.bit"
22:19:08 INFO  : Context for 'APU' is selected.
22:19:08 INFO  : Hardware design information is loaded from 'C:/Users/victo/Desktop/TFM/Zynq/TFM_ZYNQ_ETHERNET/software_TFM/TFM_ZYNQ_4_wrapper/export/TFM_ZYNQ_4_wrapper/hw/TFM_ZYNQ_4_wrapper.xsa'.
22:19:08 INFO  : 'configparams force-mem-access 1' command is executed.
22:19:08 INFO  : Context for 'APU' is selected.
22:19:08 INFO  : Sourcing of 'C:/Users/victo/Desktop/TFM/Zynq/TFM_ZYNQ_ETHERNET/software_TFM/software_TFM/_ide/psinit/ps7_init.tcl' is done.
22:19:08 INFO  : 'ps7_init' command is executed.
22:19:08 INFO  : 'ps7_post_config' command is executed.
22:19:08 INFO  : Context for processor 'ps7_cortexa9_0' is selected.
22:19:09 INFO  : The application 'C:/Users/victo/Desktop/TFM/Zynq/TFM_ZYNQ_ETHERNET/software_TFM/software_TFM/Debug/software_TFM.elf' is downloaded to processor 'ps7_cortexa9_0'.
22:19:09 INFO  : 'configparams force-mem-access 0' command is executed.
22:19:09 INFO  : ----------------XSDB Script----------------
connect -url tcp:127.0.0.1:3121
targets -set -nocase -filter {name =~"APU*"}
rst -system
after 3000
targets -set -filter {jtag_cable_name =~ "Digilent Zybo Z7 210351B0FE1AA" && level==0} -index 1
fpga -file C:/Users/victo/Desktop/TFM/Zynq/TFM_ZYNQ_ETHERNET/software_TFM/software_TFM/_ide/bitstream/TFM_ZYNQ_4_wrapper.bit
targets -set -nocase -filter {name =~"APU*"}
loadhw -hw C:/Users/victo/Desktop/TFM/Zynq/TFM_ZYNQ_ETHERNET/software_TFM/TFM_ZYNQ_4_wrapper/export/TFM_ZYNQ_4_wrapper/hw/TFM_ZYNQ_4_wrapper.xsa -mem-ranges [list {0x40000000 0xbfffffff}]
configparams force-mem-access 1
targets -set -nocase -filter {name =~"APU*"}
source C:/Users/victo/Desktop/TFM/Zynq/TFM_ZYNQ_ETHERNET/software_TFM/software_TFM/_ide/psinit/ps7_init.tcl
ps7_init
ps7_post_config
targets -set -nocase -filter {name =~ "*A9*#0"}
dow C:/Users/victo/Desktop/TFM/Zynq/TFM_ZYNQ_ETHERNET/software_TFM/software_TFM/Debug/software_TFM.elf
configparams force-mem-access 0
----------------End of Script----------------

22:19:09 INFO  : Memory regions updated for context APU
22:19:09 INFO  : Context for processor 'ps7_cortexa9_0' is selected.
22:19:09 INFO  : 'con' command is executed.
22:19:09 INFO  : ----------------XSDB Script (After Launch)----------------
targets -set -nocase -filter {name =~ "*A9*#0"}
con
----------------End of Script----------------

22:19:09 INFO  : Launch script is exported to file 'C:\Users\victo\Desktop\TFM\Zynq\TFM_ZYNQ_ETHERNET\software_TFM\.sdk\launch_scripts\single_application_debug\debugger_software_tfm-default.tcl'
22:20:23 INFO  : Disconnected from the channel tcfchan#14.
22:20:24 INFO  : Connected to target on host '127.0.0.1' and port '3121'.
22:20:24 INFO  : Jtag cable 'Digilent Zybo Z7 210351B0FE1AA' is selected.
22:20:24 INFO  : 'jtag frequency' command is executed.
22:20:24 INFO  : Context for 'APU' is selected.
22:20:24 INFO  : System reset is completed.
22:20:27 INFO  : 'after 3000' command is executed.
22:20:28 INFO  : 'targets -set -filter {jtag_cable_name =~ "Digilent Zybo Z7 210351B0FE1AA" && level==0} -index 1' command is executed.
22:20:29 INFO  : FPGA configured successfully with bitstream "C:/Users/victo/Desktop/TFM/Zynq/TFM_ZYNQ_ETHERNET/software_TFM/software_TFM/_ide/bitstream/TFM_ZYNQ_4_wrapper.bit"
22:20:29 INFO  : Context for 'APU' is selected.
22:20:29 INFO  : Hardware design information is loaded from 'C:/Users/victo/Desktop/TFM/Zynq/TFM_ZYNQ_ETHERNET/software_TFM/TFM_ZYNQ_4_wrapper/export/TFM_ZYNQ_4_wrapper/hw/TFM_ZYNQ_4_wrapper.xsa'.
22:20:29 INFO  : 'configparams force-mem-access 1' command is executed.
22:20:29 INFO  : Context for 'APU' is selected.
22:20:29 INFO  : Sourcing of 'C:/Users/victo/Desktop/TFM/Zynq/TFM_ZYNQ_ETHERNET/software_TFM/software_TFM/_ide/psinit/ps7_init.tcl' is done.
22:20:29 INFO  : 'ps7_init' command is executed.
22:20:29 INFO  : 'ps7_post_config' command is executed.
22:20:29 INFO  : Context for processor 'ps7_cortexa9_0' is selected.
22:20:30 INFO  : The application 'C:/Users/victo/Desktop/TFM/Zynq/TFM_ZYNQ_ETHERNET/software_TFM/software_TFM/Debug/software_TFM.elf' is downloaded to processor 'ps7_cortexa9_0'.
22:20:30 INFO  : 'configparams force-mem-access 0' command is executed.
22:20:30 INFO  : ----------------XSDB Script----------------
connect -url tcp:127.0.0.1:3121
targets -set -nocase -filter {name =~"APU*"}
rst -system
after 3000
targets -set -filter {jtag_cable_name =~ "Digilent Zybo Z7 210351B0FE1AA" && level==0} -index 1
fpga -file C:/Users/victo/Desktop/TFM/Zynq/TFM_ZYNQ_ETHERNET/software_TFM/software_TFM/_ide/bitstream/TFM_ZYNQ_4_wrapper.bit
targets -set -nocase -filter {name =~"APU*"}
loadhw -hw C:/Users/victo/Desktop/TFM/Zynq/TFM_ZYNQ_ETHERNET/software_TFM/TFM_ZYNQ_4_wrapper/export/TFM_ZYNQ_4_wrapper/hw/TFM_ZYNQ_4_wrapper.xsa -mem-ranges [list {0x40000000 0xbfffffff}]
configparams force-mem-access 1
targets -set -nocase -filter {name =~"APU*"}
source C:/Users/victo/Desktop/TFM/Zynq/TFM_ZYNQ_ETHERNET/software_TFM/software_TFM/_ide/psinit/ps7_init.tcl
ps7_init
ps7_post_config
targets -set -nocase -filter {name =~ "*A9*#0"}
dow C:/Users/victo/Desktop/TFM/Zynq/TFM_ZYNQ_ETHERNET/software_TFM/software_TFM/Debug/software_TFM.elf
configparams force-mem-access 0
----------------End of Script----------------

22:20:30 INFO  : Memory regions updated for context APU
22:20:30 INFO  : Context for processor 'ps7_cortexa9_0' is selected.
22:20:30 INFO  : 'con' command is executed.
22:20:30 INFO  : ----------------XSDB Script (After Launch)----------------
targets -set -nocase -filter {name =~ "*A9*#0"}
con
----------------End of Script----------------

22:20:30 INFO  : Launch script is exported to file 'C:\Users\victo\Desktop\TFM\Zynq\TFM_ZYNQ_ETHERNET\software_TFM\.sdk\launch_scripts\single_application_debug\debugger_software_tfm-default.tcl'
22:22:32 INFO  : Disconnected from the channel tcfchan#15.
22:22:33 INFO  : Connected to target on host '127.0.0.1' and port '3121'.
22:22:33 INFO  : Jtag cable 'Digilent Zybo Z7 210351B0FE1AA' is selected.
22:22:33 INFO  : 'jtag frequency' command is executed.
22:22:33 INFO  : Context for 'APU' is selected.
22:22:33 INFO  : System reset is completed.
22:22:36 INFO  : 'after 3000' command is executed.
22:22:36 INFO  : 'targets -set -filter {jtag_cable_name =~ "Digilent Zybo Z7 210351B0FE1AA" && level==0} -index 1' command is executed.
22:22:37 INFO  : FPGA configured successfully with bitstream "C:/Users/victo/Desktop/TFM/Zynq/TFM_ZYNQ_ETHERNET/software_TFM/software_TFM/_ide/bitstream/TFM_ZYNQ_4_wrapper.bit"
22:22:38 INFO  : Context for 'APU' is selected.
22:22:38 INFO  : Hardware design information is loaded from 'C:/Users/victo/Desktop/TFM/Zynq/TFM_ZYNQ_ETHERNET/software_TFM/TFM_ZYNQ_4_wrapper/export/TFM_ZYNQ_4_wrapper/hw/TFM_ZYNQ_4_wrapper.xsa'.
22:22:38 INFO  : 'configparams force-mem-access 1' command is executed.
22:22:38 INFO  : Context for 'APU' is selected.
22:22:38 INFO  : Sourcing of 'C:/Users/victo/Desktop/TFM/Zynq/TFM_ZYNQ_ETHERNET/software_TFM/software_TFM/_ide/psinit/ps7_init.tcl' is done.
22:22:38 INFO  : 'ps7_init' command is executed.
22:22:38 INFO  : 'ps7_post_config' command is executed.
22:22:38 INFO  : Context for processor 'ps7_cortexa9_0' is selected.
22:22:38 INFO  : The application 'C:/Users/victo/Desktop/TFM/Zynq/TFM_ZYNQ_ETHERNET/software_TFM/software_TFM/Debug/software_TFM.elf' is downloaded to processor 'ps7_cortexa9_0'.
22:22:38 INFO  : 'configparams force-mem-access 0' command is executed.
22:22:38 INFO  : ----------------XSDB Script----------------
connect -url tcp:127.0.0.1:3121
targets -set -nocase -filter {name =~"APU*"}
rst -system
after 3000
targets -set -filter {jtag_cable_name =~ "Digilent Zybo Z7 210351B0FE1AA" && level==0} -index 1
fpga -file C:/Users/victo/Desktop/TFM/Zynq/TFM_ZYNQ_ETHERNET/software_TFM/software_TFM/_ide/bitstream/TFM_ZYNQ_4_wrapper.bit
targets -set -nocase -filter {name =~"APU*"}
loadhw -hw C:/Users/victo/Desktop/TFM/Zynq/TFM_ZYNQ_ETHERNET/software_TFM/TFM_ZYNQ_4_wrapper/export/TFM_ZYNQ_4_wrapper/hw/TFM_ZYNQ_4_wrapper.xsa -mem-ranges [list {0x40000000 0xbfffffff}]
configparams force-mem-access 1
targets -set -nocase -filter {name =~"APU*"}
source C:/Users/victo/Desktop/TFM/Zynq/TFM_ZYNQ_ETHERNET/software_TFM/software_TFM/_ide/psinit/ps7_init.tcl
ps7_init
ps7_post_config
targets -set -nocase -filter {name =~ "*A9*#0"}
dow C:/Users/victo/Desktop/TFM/Zynq/TFM_ZYNQ_ETHERNET/software_TFM/software_TFM/Debug/software_TFM.elf
configparams force-mem-access 0
----------------End of Script----------------

22:22:39 INFO  : Memory regions updated for context APU
22:22:39 INFO  : Context for processor 'ps7_cortexa9_0' is selected.
22:22:39 INFO  : 'con' command is executed.
22:22:39 INFO  : ----------------XSDB Script (After Launch)----------------
targets -set -nocase -filter {name =~ "*A9*#0"}
con
----------------End of Script----------------

22:22:39 INFO  : Launch script is exported to file 'C:\Users\victo\Desktop\TFM\Zynq\TFM_ZYNQ_ETHERNET\software_TFM\.sdk\launch_scripts\single_application_debug\debugger_software_tfm-default.tcl'
22:22:59 INFO  : Disconnected from the channel tcfchan#16.
22:23:00 INFO  : Connected to target on host '127.0.0.1' and port '3121'.
22:23:01 INFO  : Jtag cable 'Digilent Zybo Z7 210351B0FE1AA' is selected.
22:23:01 INFO  : 'jtag frequency' command is executed.
22:23:01 INFO  : Context for 'APU' is selected.
22:23:01 INFO  : System reset is completed.
22:23:04 INFO  : 'after 3000' command is executed.
22:23:04 INFO  : 'targets -set -filter {jtag_cable_name =~ "Digilent Zybo Z7 210351B0FE1AA" && level==0} -index 1' command is executed.
22:23:05 INFO  : FPGA configured successfully with bitstream "C:/Users/victo/Desktop/TFM/Zynq/TFM_ZYNQ_ETHERNET/software_TFM/software_TFM/_ide/bitstream/TFM_ZYNQ_4_wrapper.bit"
22:23:05 INFO  : Context for 'APU' is selected.
22:23:05 INFO  : Hardware design information is loaded from 'C:/Users/victo/Desktop/TFM/Zynq/TFM_ZYNQ_ETHERNET/software_TFM/TFM_ZYNQ_4_wrapper/export/TFM_ZYNQ_4_wrapper/hw/TFM_ZYNQ_4_wrapper.xsa'.
22:23:05 INFO  : 'configparams force-mem-access 1' command is executed.
22:23:05 INFO  : Context for 'APU' is selected.
22:23:05 INFO  : Sourcing of 'C:/Users/victo/Desktop/TFM/Zynq/TFM_ZYNQ_ETHERNET/software_TFM/software_TFM/_ide/psinit/ps7_init.tcl' is done.
22:23:05 INFO  : 'ps7_init' command is executed.
22:23:05 INFO  : 'ps7_post_config' command is executed.
22:23:05 INFO  : Context for processor 'ps7_cortexa9_0' is selected.
22:23:06 INFO  : The application 'C:/Users/victo/Desktop/TFM/Zynq/TFM_ZYNQ_ETHERNET/software_TFM/software_TFM/Debug/software_TFM.elf' is downloaded to processor 'ps7_cortexa9_0'.
22:23:06 INFO  : 'configparams force-mem-access 0' command is executed.
22:23:06 INFO  : ----------------XSDB Script----------------
connect -url tcp:127.0.0.1:3121
targets -set -nocase -filter {name =~"APU*"}
rst -system
after 3000
targets -set -filter {jtag_cable_name =~ "Digilent Zybo Z7 210351B0FE1AA" && level==0} -index 1
fpga -file C:/Users/victo/Desktop/TFM/Zynq/TFM_ZYNQ_ETHERNET/software_TFM/software_TFM/_ide/bitstream/TFM_ZYNQ_4_wrapper.bit
targets -set -nocase -filter {name =~"APU*"}
loadhw -hw C:/Users/victo/Desktop/TFM/Zynq/TFM_ZYNQ_ETHERNET/software_TFM/TFM_ZYNQ_4_wrapper/export/TFM_ZYNQ_4_wrapper/hw/TFM_ZYNQ_4_wrapper.xsa -mem-ranges [list {0x40000000 0xbfffffff}]
configparams force-mem-access 1
targets -set -nocase -filter {name =~"APU*"}
source C:/Users/victo/Desktop/TFM/Zynq/TFM_ZYNQ_ETHERNET/software_TFM/software_TFM/_ide/psinit/ps7_init.tcl
ps7_init
ps7_post_config
targets -set -nocase -filter {name =~ "*A9*#0"}
dow C:/Users/victo/Desktop/TFM/Zynq/TFM_ZYNQ_ETHERNET/software_TFM/software_TFM/Debug/software_TFM.elf
configparams force-mem-access 0
----------------End of Script----------------

22:23:06 INFO  : Memory regions updated for context APU
22:23:06 INFO  : Context for processor 'ps7_cortexa9_0' is selected.
22:23:06 INFO  : 'con' command is executed.
22:23:06 INFO  : ----------------XSDB Script (After Launch)----------------
targets -set -nocase -filter {name =~ "*A9*#0"}
con
----------------End of Script----------------

22:23:06 INFO  : Launch script is exported to file 'C:\Users\victo\Desktop\TFM\Zynq\TFM_ZYNQ_ETHERNET\software_TFM\.sdk\launch_scripts\single_application_debug\debugger_software_tfm-default.tcl'
22:24:55 INFO  : Disconnected from the channel tcfchan#17.
22:25:23 INFO  : Connected to target on host '127.0.0.1' and port '3121'.
22:25:23 INFO  : Jtag cable 'Digilent Zybo Z7 210351B0FE1AA' is selected.
22:25:23 INFO  : 'jtag frequency' command is executed.
22:25:23 INFO  : Context for 'APU' is selected.
22:25:23 INFO  : System reset is completed.
22:25:26 INFO  : 'after 3000' command is executed.
22:25:26 INFO  : 'targets -set -filter {jtag_cable_name =~ "Digilent Zybo Z7 210351B0FE1AA" && level==0} -index 1' command is executed.
22:25:28 INFO  : FPGA configured successfully with bitstream "C:/Users/victo/Desktop/TFM/Zynq/TFM_ZYNQ_ETHERNET/software_TFM/software_TFM/_ide/bitstream/TFM_ZYNQ_4_wrapper.bit"
22:25:28 INFO  : Context for 'APU' is selected.
22:25:28 INFO  : Hardware design information is loaded from 'C:/Users/victo/Desktop/TFM/Zynq/TFM_ZYNQ_ETHERNET/software_TFM/TFM_ZYNQ_4_wrapper/export/TFM_ZYNQ_4_wrapper/hw/TFM_ZYNQ_4_wrapper.xsa'.
22:25:28 INFO  : 'configparams force-mem-access 1' command is executed.
22:25:28 INFO  : Context for 'APU' is selected.
22:25:28 INFO  : Sourcing of 'C:/Users/victo/Desktop/TFM/Zynq/TFM_ZYNQ_ETHERNET/software_TFM/software_TFM/_ide/psinit/ps7_init.tcl' is done.
22:25:28 INFO  : 'ps7_init' command is executed.
22:25:28 INFO  : 'ps7_post_config' command is executed.
22:25:29 INFO  : Context for processor 'ps7_cortexa9_0' is selected.
22:25:29 INFO  : The application 'C:/Users/victo/Desktop/TFM/Zynq/TFM_ZYNQ_ETHERNET/software_TFM/software_TFM/Debug/software_TFM.elf' is downloaded to processor 'ps7_cortexa9_0'.
22:25:29 INFO  : 'configparams force-mem-access 0' command is executed.
22:25:29 INFO  : ----------------XSDB Script----------------
connect -url tcp:127.0.0.1:3121
targets -set -nocase -filter {name =~"APU*"}
rst -system
after 3000
targets -set -filter {jtag_cable_name =~ "Digilent Zybo Z7 210351B0FE1AA" && level==0} -index 1
fpga -file C:/Users/victo/Desktop/TFM/Zynq/TFM_ZYNQ_ETHERNET/software_TFM/software_TFM/_ide/bitstream/TFM_ZYNQ_4_wrapper.bit
targets -set -nocase -filter {name =~"APU*"}
loadhw -hw C:/Users/victo/Desktop/TFM/Zynq/TFM_ZYNQ_ETHERNET/software_TFM/TFM_ZYNQ_4_wrapper/export/TFM_ZYNQ_4_wrapper/hw/TFM_ZYNQ_4_wrapper.xsa -mem-ranges [list {0x40000000 0xbfffffff}]
configparams force-mem-access 1
targets -set -nocase -filter {name =~"APU*"}
source C:/Users/victo/Desktop/TFM/Zynq/TFM_ZYNQ_ETHERNET/software_TFM/software_TFM/_ide/psinit/ps7_init.tcl
ps7_init
ps7_post_config
targets -set -nocase -filter {name =~ "*A9*#0"}
dow C:/Users/victo/Desktop/TFM/Zynq/TFM_ZYNQ_ETHERNET/software_TFM/software_TFM/Debug/software_TFM.elf
configparams force-mem-access 0
----------------End of Script----------------

22:25:29 INFO  : Memory regions updated for context APU
22:25:29 INFO  : Context for processor 'ps7_cortexa9_0' is selected.
22:25:29 INFO  : 'con' command is executed.
22:25:29 INFO  : ----------------XSDB Script (After Launch)----------------
targets -set -nocase -filter {name =~ "*A9*#0"}
con
----------------End of Script----------------

22:25:29 INFO  : Launch script is exported to file 'C:\Users\victo\Desktop\TFM\Zynq\TFM_ZYNQ_ETHERNET\software_TFM\.sdk\launch_scripts\single_application_debug\debugger_software_tfm-default.tcl'
22:26:04 INFO  : Disconnected from the channel tcfchan#18.
22:26:05 INFO  : Connected to target on host '127.0.0.1' and port '3121'.
22:26:05 INFO  : Jtag cable 'Digilent Zybo Z7 210351B0FE1AA' is selected.
22:26:05 INFO  : 'jtag frequency' command is executed.
22:26:05 INFO  : Context for 'APU' is selected.
22:26:05 INFO  : System reset is completed.
22:26:08 INFO  : 'after 3000' command is executed.
22:26:08 INFO  : 'targets -set -filter {jtag_cable_name =~ "Digilent Zybo Z7 210351B0FE1AA" && level==0} -index 1' command is executed.
22:26:10 INFO  : FPGA configured successfully with bitstream "C:/Users/victo/Desktop/TFM/Zynq/TFM_ZYNQ_ETHERNET/software_TFM/software_TFM/_ide/bitstream/TFM_ZYNQ_4_wrapper.bit"
22:26:10 INFO  : Context for 'APU' is selected.
22:26:10 INFO  : Hardware design information is loaded from 'C:/Users/victo/Desktop/TFM/Zynq/TFM_ZYNQ_ETHERNET/software_TFM/TFM_ZYNQ_4_wrapper/export/TFM_ZYNQ_4_wrapper/hw/TFM_ZYNQ_4_wrapper.xsa'.
22:26:10 INFO  : 'configparams force-mem-access 1' command is executed.
22:26:10 INFO  : Context for 'APU' is selected.
22:26:10 INFO  : Sourcing of 'C:/Users/victo/Desktop/TFM/Zynq/TFM_ZYNQ_ETHERNET/software_TFM/software_TFM/_ide/psinit/ps7_init.tcl' is done.
22:26:10 INFO  : 'ps7_init' command is executed.
22:26:10 INFO  : 'ps7_post_config' command is executed.
22:26:10 INFO  : Context for processor 'ps7_cortexa9_0' is selected.
22:26:11 INFO  : The application 'C:/Users/victo/Desktop/TFM/Zynq/TFM_ZYNQ_ETHERNET/software_TFM/software_TFM/Debug/software_TFM.elf' is downloaded to processor 'ps7_cortexa9_0'.
22:26:11 INFO  : 'configparams force-mem-access 0' command is executed.
22:26:11 INFO  : ----------------XSDB Script----------------
connect -url tcp:127.0.0.1:3121
targets -set -nocase -filter {name =~"APU*"}
rst -system
after 3000
targets -set -filter {jtag_cable_name =~ "Digilent Zybo Z7 210351B0FE1AA" && level==0} -index 1
fpga -file C:/Users/victo/Desktop/TFM/Zynq/TFM_ZYNQ_ETHERNET/software_TFM/software_TFM/_ide/bitstream/TFM_ZYNQ_4_wrapper.bit
targets -set -nocase -filter {name =~"APU*"}
loadhw -hw C:/Users/victo/Desktop/TFM/Zynq/TFM_ZYNQ_ETHERNET/software_TFM/TFM_ZYNQ_4_wrapper/export/TFM_ZYNQ_4_wrapper/hw/TFM_ZYNQ_4_wrapper.xsa -mem-ranges [list {0x40000000 0xbfffffff}]
configparams force-mem-access 1
targets -set -nocase -filter {name =~"APU*"}
source C:/Users/victo/Desktop/TFM/Zynq/TFM_ZYNQ_ETHERNET/software_TFM/software_TFM/_ide/psinit/ps7_init.tcl
ps7_init
ps7_post_config
targets -set -nocase -filter {name =~ "*A9*#0"}
dow C:/Users/victo/Desktop/TFM/Zynq/TFM_ZYNQ_ETHERNET/software_TFM/software_TFM/Debug/software_TFM.elf
configparams force-mem-access 0
----------------End of Script----------------

22:26:11 INFO  : Memory regions updated for context APU
22:26:11 INFO  : Context for processor 'ps7_cortexa9_0' is selected.
22:26:11 INFO  : 'con' command is executed.
22:26:11 INFO  : ----------------XSDB Script (After Launch)----------------
targets -set -nocase -filter {name =~ "*A9*#0"}
con
----------------End of Script----------------

22:26:11 INFO  : Launch script is exported to file 'C:\Users\victo\Desktop\TFM\Zynq\TFM_ZYNQ_ETHERNET\software_TFM\.sdk\launch_scripts\single_application_debug\debugger_software_tfm-default.tcl'
22:29:21 INFO  : Checking for BSP changes to sync application flags for project 'software_TFM'...
22:29:25 INFO  : Disconnected from the channel tcfchan#19.
22:29:47 INFO  : Connected to target on host '127.0.0.1' and port '3121'.
22:29:47 INFO  : Jtag cable 'Digilent Zybo Z7 210351B0FE1AA' is selected.
22:29:47 INFO  : 'jtag frequency' command is executed.
22:29:47 INFO  : Context for 'APU' is selected.
22:29:47 INFO  : System reset is completed.
22:29:50 INFO  : 'after 3000' command is executed.
22:29:50 INFO  : 'targets -set -filter {jtag_cable_name =~ "Digilent Zybo Z7 210351B0FE1AA" && level==0} -index 1' command is executed.
22:29:51 INFO  : FPGA configured successfully with bitstream "C:/Users/victo/Desktop/TFM/Zynq/TFM_ZYNQ_ETHERNET/software_TFM/software_TFM/_ide/bitstream/TFM_ZYNQ_4_wrapper.bit"
22:29:52 INFO  : Context for 'APU' is selected.
22:29:52 INFO  : Hardware design information is loaded from 'C:/Users/victo/Desktop/TFM/Zynq/TFM_ZYNQ_ETHERNET/software_TFM/TFM_ZYNQ_4_wrapper/export/TFM_ZYNQ_4_wrapper/hw/TFM_ZYNQ_4_wrapper.xsa'.
22:29:52 INFO  : 'configparams force-mem-access 1' command is executed.
22:29:52 INFO  : Context for 'APU' is selected.
22:29:52 INFO  : Sourcing of 'C:/Users/victo/Desktop/TFM/Zynq/TFM_ZYNQ_ETHERNET/software_TFM/software_TFM/_ide/psinit/ps7_init.tcl' is done.
22:29:52 INFO  : 'ps7_init' command is executed.
22:29:52 INFO  : 'ps7_post_config' command is executed.
22:29:52 INFO  : Context for processor 'ps7_cortexa9_0' is selected.
22:29:53 INFO  : The application 'C:/Users/victo/Desktop/TFM/Zynq/TFM_ZYNQ_ETHERNET/software_TFM/software_TFM/Debug/software_TFM.elf' is downloaded to processor 'ps7_cortexa9_0'.
22:29:53 INFO  : 'configparams force-mem-access 0' command is executed.
22:29:53 INFO  : ----------------XSDB Script----------------
connect -url tcp:127.0.0.1:3121
targets -set -nocase -filter {name =~"APU*"}
rst -system
after 3000
targets -set -filter {jtag_cable_name =~ "Digilent Zybo Z7 210351B0FE1AA" && level==0} -index 1
fpga -file C:/Users/victo/Desktop/TFM/Zynq/TFM_ZYNQ_ETHERNET/software_TFM/software_TFM/_ide/bitstream/TFM_ZYNQ_4_wrapper.bit
targets -set -nocase -filter {name =~"APU*"}
loadhw -hw C:/Users/victo/Desktop/TFM/Zynq/TFM_ZYNQ_ETHERNET/software_TFM/TFM_ZYNQ_4_wrapper/export/TFM_ZYNQ_4_wrapper/hw/TFM_ZYNQ_4_wrapper.xsa -mem-ranges [list {0x40000000 0xbfffffff}]
configparams force-mem-access 1
targets -set -nocase -filter {name =~"APU*"}
source C:/Users/victo/Desktop/TFM/Zynq/TFM_ZYNQ_ETHERNET/software_TFM/software_TFM/_ide/psinit/ps7_init.tcl
ps7_init
ps7_post_config
targets -set -nocase -filter {name =~ "*A9*#0"}
dow C:/Users/victo/Desktop/TFM/Zynq/TFM_ZYNQ_ETHERNET/software_TFM/software_TFM/Debug/software_TFM.elf
configparams force-mem-access 0
----------------End of Script----------------

22:29:53 INFO  : Memory regions updated for context APU
22:29:53 INFO  : Context for processor 'ps7_cortexa9_0' is selected.
22:29:53 INFO  : 'con' command is executed.
22:29:53 INFO  : ----------------XSDB Script (After Launch)----------------
targets -set -nocase -filter {name =~ "*A9*#0"}
con
----------------End of Script----------------

22:29:53 INFO  : Launch script is exported to file 'C:\Users\victo\Desktop\TFM\Zynq\TFM_ZYNQ_ETHERNET\software_TFM\.sdk\launch_scripts\single_application_debug\debugger_software_tfm-default.tcl'
22:30:08 INFO  : Disconnected from the channel tcfchan#21.
22:30:09 INFO  : Connected to target on host '127.0.0.1' and port '3121'.
22:30:10 INFO  : Jtag cable 'Digilent Zybo Z7 210351B0FE1AA' is selected.
22:30:10 INFO  : 'jtag frequency' command is executed.
22:30:10 INFO  : Context for 'APU' is selected.
22:30:10 INFO  : System reset is completed.
22:30:13 INFO  : 'after 3000' command is executed.
22:30:13 INFO  : 'targets -set -filter {jtag_cable_name =~ "Digilent Zybo Z7 210351B0FE1AA" && level==0} -index 1' command is executed.
22:30:14 INFO  : FPGA configured successfully with bitstream "C:/Users/victo/Desktop/TFM/Zynq/TFM_ZYNQ_ETHERNET/software_TFM/software_TFM/_ide/bitstream/TFM_ZYNQ_4_wrapper.bit"
22:30:14 INFO  : Context for 'APU' is selected.
22:30:14 INFO  : Hardware design information is loaded from 'C:/Users/victo/Desktop/TFM/Zynq/TFM_ZYNQ_ETHERNET/software_TFM/TFM_ZYNQ_4_wrapper/export/TFM_ZYNQ_4_wrapper/hw/TFM_ZYNQ_4_wrapper.xsa'.
22:30:14 INFO  : 'configparams force-mem-access 1' command is executed.
22:30:14 INFO  : Context for 'APU' is selected.
22:30:14 INFO  : Sourcing of 'C:/Users/victo/Desktop/TFM/Zynq/TFM_ZYNQ_ETHERNET/software_TFM/software_TFM/_ide/psinit/ps7_init.tcl' is done.
22:30:15 INFO  : 'ps7_init' command is executed.
22:30:15 INFO  : 'ps7_post_config' command is executed.
22:30:15 INFO  : Context for processor 'ps7_cortexa9_0' is selected.
22:30:15 INFO  : The application 'C:/Users/victo/Desktop/TFM/Zynq/TFM_ZYNQ_ETHERNET/software_TFM/software_TFM/Debug/software_TFM.elf' is downloaded to processor 'ps7_cortexa9_0'.
22:30:15 INFO  : 'configparams force-mem-access 0' command is executed.
22:30:15 INFO  : ----------------XSDB Script----------------
connect -url tcp:127.0.0.1:3121
targets -set -nocase -filter {name =~"APU*"}
rst -system
after 3000
targets -set -filter {jtag_cable_name =~ "Digilent Zybo Z7 210351B0FE1AA" && level==0} -index 1
fpga -file C:/Users/victo/Desktop/TFM/Zynq/TFM_ZYNQ_ETHERNET/software_TFM/software_TFM/_ide/bitstream/TFM_ZYNQ_4_wrapper.bit
targets -set -nocase -filter {name =~"APU*"}
loadhw -hw C:/Users/victo/Desktop/TFM/Zynq/TFM_ZYNQ_ETHERNET/software_TFM/TFM_ZYNQ_4_wrapper/export/TFM_ZYNQ_4_wrapper/hw/TFM_ZYNQ_4_wrapper.xsa -mem-ranges [list {0x40000000 0xbfffffff}]
configparams force-mem-access 1
targets -set -nocase -filter {name =~"APU*"}
source C:/Users/victo/Desktop/TFM/Zynq/TFM_ZYNQ_ETHERNET/software_TFM/software_TFM/_ide/psinit/ps7_init.tcl
ps7_init
ps7_post_config
targets -set -nocase -filter {name =~ "*A9*#0"}
dow C:/Users/victo/Desktop/TFM/Zynq/TFM_ZYNQ_ETHERNET/software_TFM/software_TFM/Debug/software_TFM.elf
configparams force-mem-access 0
----------------End of Script----------------

22:30:15 INFO  : Memory regions updated for context APU
22:30:15 INFO  : Context for processor 'ps7_cortexa9_0' is selected.
22:30:15 INFO  : 'con' command is executed.
22:30:15 INFO  : ----------------XSDB Script (After Launch)----------------
targets -set -nocase -filter {name =~ "*A9*#0"}
con
----------------End of Script----------------

22:30:15 INFO  : Launch script is exported to file 'C:\Users\victo\Desktop\TFM\Zynq\TFM_ZYNQ_ETHERNET\software_TFM\.sdk\launch_scripts\single_application_debug\debugger_software_tfm-default.tcl'
22:33:16 INFO  : Checking for BSP changes to sync application flags for project 'software_TFM'...
22:33:44 INFO  : Disconnected from the channel tcfchan#22.
22:33:45 INFO  : Connected to target on host '127.0.0.1' and port '3121'.
22:33:45 INFO  : Jtag cable 'Digilent Zybo Z7 210351B0FE1AA' is selected.
22:33:45 INFO  : 'jtag frequency' command is executed.
22:33:45 INFO  : Context for 'APU' is selected.
22:33:45 INFO  : System reset is completed.
22:33:48 INFO  : 'after 3000' command is executed.
22:33:48 INFO  : 'targets -set -filter {jtag_cable_name =~ "Digilent Zybo Z7 210351B0FE1AA" && level==0} -index 1' command is executed.
22:33:49 INFO  : FPGA configured successfully with bitstream "C:/Users/victo/Desktop/TFM/Zynq/TFM_ZYNQ_ETHERNET/software_TFM/software_TFM/_ide/bitstream/TFM_ZYNQ_4_wrapper.bit"
22:33:49 INFO  : Context for 'APU' is selected.
22:33:49 INFO  : Hardware design information is loaded from 'C:/Users/victo/Desktop/TFM/Zynq/TFM_ZYNQ_ETHERNET/software_TFM/TFM_ZYNQ_4_wrapper/export/TFM_ZYNQ_4_wrapper/hw/TFM_ZYNQ_4_wrapper.xsa'.
22:33:49 INFO  : 'configparams force-mem-access 1' command is executed.
22:33:49 INFO  : Context for 'APU' is selected.
22:33:49 INFO  : Sourcing of 'C:/Users/victo/Desktop/TFM/Zynq/TFM_ZYNQ_ETHERNET/software_TFM/software_TFM/_ide/psinit/ps7_init.tcl' is done.
22:33:50 INFO  : 'ps7_init' command is executed.
22:33:50 INFO  : 'ps7_post_config' command is executed.
22:33:50 INFO  : Context for processor 'ps7_cortexa9_0' is selected.
22:33:50 INFO  : The application 'C:/Users/victo/Desktop/TFM/Zynq/TFM_ZYNQ_ETHERNET/software_TFM/software_TFM/Debug/software_TFM.elf' is downloaded to processor 'ps7_cortexa9_0'.
22:33:50 INFO  : 'configparams force-mem-access 0' command is executed.
22:33:50 INFO  : ----------------XSDB Script----------------
connect -url tcp:127.0.0.1:3121
targets -set -nocase -filter {name =~"APU*"}
rst -system
after 3000
targets -set -filter {jtag_cable_name =~ "Digilent Zybo Z7 210351B0FE1AA" && level==0} -index 1
fpga -file C:/Users/victo/Desktop/TFM/Zynq/TFM_ZYNQ_ETHERNET/software_TFM/software_TFM/_ide/bitstream/TFM_ZYNQ_4_wrapper.bit
targets -set -nocase -filter {name =~"APU*"}
loadhw -hw C:/Users/victo/Desktop/TFM/Zynq/TFM_ZYNQ_ETHERNET/software_TFM/TFM_ZYNQ_4_wrapper/export/TFM_ZYNQ_4_wrapper/hw/TFM_ZYNQ_4_wrapper.xsa -mem-ranges [list {0x40000000 0xbfffffff}]
configparams force-mem-access 1
targets -set -nocase -filter {name =~"APU*"}
source C:/Users/victo/Desktop/TFM/Zynq/TFM_ZYNQ_ETHERNET/software_TFM/software_TFM/_ide/psinit/ps7_init.tcl
ps7_init
ps7_post_config
targets -set -nocase -filter {name =~ "*A9*#0"}
dow C:/Users/victo/Desktop/TFM/Zynq/TFM_ZYNQ_ETHERNET/software_TFM/software_TFM/Debug/software_TFM.elf
configparams force-mem-access 0
----------------End of Script----------------

22:33:50 INFO  : Memory regions updated for context APU
22:33:51 INFO  : Context for processor 'ps7_cortexa9_0' is selected.
22:33:51 INFO  : 'con' command is executed.
22:33:51 INFO  : ----------------XSDB Script (After Launch)----------------
targets -set -nocase -filter {name =~ "*A9*#0"}
con
----------------End of Script----------------

22:33:51 INFO  : Launch script is exported to file 'C:\Users\victo\Desktop\TFM\Zynq\TFM_ZYNQ_ETHERNET\software_TFM\.sdk\launch_scripts\single_application_debug\debugger_software_tfm-default.tcl'
22:34:12 INFO  : Disconnected from the channel tcfchan#24.
22:34:13 INFO  : Connected to target on host '127.0.0.1' and port '3121'.
22:34:13 INFO  : Jtag cable 'Digilent Zybo Z7 210351B0FE1AA' is selected.
22:34:13 INFO  : 'jtag frequency' command is executed.
22:34:13 INFO  : Context for 'APU' is selected.
22:34:13 INFO  : System reset is completed.
22:34:16 INFO  : 'after 3000' command is executed.
22:34:16 INFO  : 'targets -set -filter {jtag_cable_name =~ "Digilent Zybo Z7 210351B0FE1AA" && level==0} -index 1' command is executed.
22:34:18 INFO  : FPGA configured successfully with bitstream "C:/Users/victo/Desktop/TFM/Zynq/TFM_ZYNQ_ETHERNET/software_TFM/software_TFM/_ide/bitstream/TFM_ZYNQ_4_wrapper.bit"
22:34:18 INFO  : Context for 'APU' is selected.
22:34:18 INFO  : Hardware design information is loaded from 'C:/Users/victo/Desktop/TFM/Zynq/TFM_ZYNQ_ETHERNET/software_TFM/TFM_ZYNQ_4_wrapper/export/TFM_ZYNQ_4_wrapper/hw/TFM_ZYNQ_4_wrapper.xsa'.
22:34:18 INFO  : 'configparams force-mem-access 1' command is executed.
22:34:18 INFO  : Context for 'APU' is selected.
22:34:18 INFO  : Sourcing of 'C:/Users/victo/Desktop/TFM/Zynq/TFM_ZYNQ_ETHERNET/software_TFM/software_TFM/_ide/psinit/ps7_init.tcl' is done.
22:34:18 INFO  : 'ps7_init' command is executed.
22:34:18 INFO  : 'ps7_post_config' command is executed.
22:34:18 INFO  : Context for processor 'ps7_cortexa9_0' is selected.
22:34:19 INFO  : The application 'C:/Users/victo/Desktop/TFM/Zynq/TFM_ZYNQ_ETHERNET/software_TFM/software_TFM/Debug/software_TFM.elf' is downloaded to processor 'ps7_cortexa9_0'.
22:34:19 INFO  : 'configparams force-mem-access 0' command is executed.
22:34:19 INFO  : ----------------XSDB Script----------------
connect -url tcp:127.0.0.1:3121
targets -set -nocase -filter {name =~"APU*"}
rst -system
after 3000
targets -set -filter {jtag_cable_name =~ "Digilent Zybo Z7 210351B0FE1AA" && level==0} -index 1
fpga -file C:/Users/victo/Desktop/TFM/Zynq/TFM_ZYNQ_ETHERNET/software_TFM/software_TFM/_ide/bitstream/TFM_ZYNQ_4_wrapper.bit
targets -set -nocase -filter {name =~"APU*"}
loadhw -hw C:/Users/victo/Desktop/TFM/Zynq/TFM_ZYNQ_ETHERNET/software_TFM/TFM_ZYNQ_4_wrapper/export/TFM_ZYNQ_4_wrapper/hw/TFM_ZYNQ_4_wrapper.xsa -mem-ranges [list {0x40000000 0xbfffffff}]
configparams force-mem-access 1
targets -set -nocase -filter {name =~"APU*"}
source C:/Users/victo/Desktop/TFM/Zynq/TFM_ZYNQ_ETHERNET/software_TFM/software_TFM/_ide/psinit/ps7_init.tcl
ps7_init
ps7_post_config
targets -set -nocase -filter {name =~ "*A9*#0"}
dow C:/Users/victo/Desktop/TFM/Zynq/TFM_ZYNQ_ETHERNET/software_TFM/software_TFM/Debug/software_TFM.elf
configparams force-mem-access 0
----------------End of Script----------------

22:34:19 INFO  : Memory regions updated for context APU
22:34:19 INFO  : Context for processor 'ps7_cortexa9_0' is selected.
22:34:19 INFO  : 'con' command is executed.
22:34:19 INFO  : ----------------XSDB Script (After Launch)----------------
targets -set -nocase -filter {name =~ "*A9*#0"}
con
----------------End of Script----------------

22:34:19 INFO  : Launch script is exported to file 'C:\Users\victo\Desktop\TFM\Zynq\TFM_ZYNQ_ETHERNET\software_TFM\.sdk\launch_scripts\single_application_debug\debugger_software_tfm-default.tcl'
23:25:32 INFO  : Disconnected from the channel tcfchan#25.
10:39:51 INFO  : Launching XSCT server: xsct.bat -n  -interactive C:\Users\victo\Desktop\TFM\Zynq\TFM_ZYNQ_ETHERNET\software_TFM\temp_xsdb_launch_script.tcl
10:40:01 INFO  : Registering command handlers for Vitis TCF services
10:40:03 INFO  : XSCT server has started successfully.
10:40:03 INFO  : plnx-install-location is set to ''
10:40:08 INFO  : Successfully done setting XSCT server connection channel  
10:40:08 INFO  : Successfully done query RDI_DATADIR 
10:40:08 INFO  : Successfully done setting workspace for the tool. 
15:27:40 INFO  : Checking for BSP changes to sync application flags for project 'software_TFM'...
15:28:21 ERROR : (XSDB Server)ERROR: [Hsi 55-1571] The design file C:/Users/victo/Desktop/TFM/Zynq/TFM_ZYNQ_ETHERNET/software_TFM/TFM_ZYNQ_4_wrapper/export/TFM_ZYNQ_4_wrapper/hw/TFM_ZYNQ_4_wrapper.xsa is already opened

15:30:07 INFO  : Connected to target on host '127.0.0.1' and port '3121'.
15:30:08 INFO  : Jtag cable 'Digilent Zybo Z7 210351B0FE1AA' is selected.
15:30:08 INFO  : 'jtag frequency' command is executed.
15:30:08 INFO  : Context for 'APU' is selected.
15:30:08 INFO  : System reset is completed.
15:30:11 INFO  : 'after 3000' command is executed.
15:30:11 INFO  : 'targets -set -filter {jtag_cable_name =~ "Digilent Zybo Z7 210351B0FE1AA" && level==0} -index 1' command is executed.
15:30:13 INFO  : FPGA configured successfully with bitstream "C:/Users/victo/Desktop/TFM/Zynq/TFM_ZYNQ_ETHERNET/software_TFM/software_TFM/_ide/bitstream/TFM_ZYNQ_4_wrapper.bit"
15:30:13 INFO  : Context for 'APU' is selected.
15:30:14 INFO  : Hardware design information is loaded from 'C:/Users/victo/Desktop/TFM/Zynq/TFM_ZYNQ_ETHERNET/software_TFM/TFM_ZYNQ_4_wrapper/export/TFM_ZYNQ_4_wrapper/hw/TFM_ZYNQ_4_wrapper.xsa'.
15:30:14 INFO  : 'configparams force-mem-access 1' command is executed.
15:30:14 INFO  : Context for 'APU' is selected.
15:30:14 INFO  : Sourcing of 'C:/Users/victo/Desktop/TFM/Zynq/TFM_ZYNQ_ETHERNET/software_TFM/software_TFM/_ide/psinit/ps7_init.tcl' is done.
15:30:15 INFO  : 'ps7_init' command is executed.
15:30:15 INFO  : 'ps7_post_config' command is executed.
15:30:15 INFO  : Context for processor 'ps7_cortexa9_0' is selected.
15:30:16 INFO  : The application 'C:/Users/victo/Desktop/TFM/Zynq/TFM_ZYNQ_ETHERNET/software_TFM/software_TFM/Debug/software_TFM.elf' is downloaded to processor 'ps7_cortexa9_0'.
15:30:16 INFO  : 'configparams force-mem-access 0' command is executed.
15:30:16 INFO  : ----------------XSDB Script----------------
connect -url tcp:127.0.0.1:3121
targets -set -nocase -filter {name =~"APU*"}
rst -system
after 3000
targets -set -filter {jtag_cable_name =~ "Digilent Zybo Z7 210351B0FE1AA" && level==0} -index 1
fpga -file C:/Users/victo/Desktop/TFM/Zynq/TFM_ZYNQ_ETHERNET/software_TFM/software_TFM/_ide/bitstream/TFM_ZYNQ_4_wrapper.bit
targets -set -nocase -filter {name =~"APU*"}
loadhw -hw C:/Users/victo/Desktop/TFM/Zynq/TFM_ZYNQ_ETHERNET/software_TFM/TFM_ZYNQ_4_wrapper/export/TFM_ZYNQ_4_wrapper/hw/TFM_ZYNQ_4_wrapper.xsa -mem-ranges [list {0x40000000 0xbfffffff}]
configparams force-mem-access 1
targets -set -nocase -filter {name =~"APU*"}
source C:/Users/victo/Desktop/TFM/Zynq/TFM_ZYNQ_ETHERNET/software_TFM/software_TFM/_ide/psinit/ps7_init.tcl
ps7_init
ps7_post_config
targets -set -nocase -filter {name =~ "*A9*#0"}
dow C:/Users/victo/Desktop/TFM/Zynq/TFM_ZYNQ_ETHERNET/software_TFM/software_TFM/Debug/software_TFM.elf
configparams force-mem-access 0
----------------End of Script----------------

15:30:16 INFO  : Memory regions updated for context APU
15:30:16 INFO  : Context for processor 'ps7_cortexa9_0' is selected.
15:30:16 INFO  : 'con' command is executed.
15:30:16 INFO  : ----------------XSDB Script (After Launch)----------------
targets -set -nocase -filter {name =~ "*A9*#0"}
con
----------------End of Script----------------

15:30:16 INFO  : Launch script is exported to file 'C:\Users\victo\Desktop\TFM\Zynq\TFM_ZYNQ_ETHERNET\software_TFM\.sdk\launch_scripts\single_application_debug\debugger_software_tfm-default.tcl'
15:30:53 INFO  : Disconnected from the channel tcfchan#2.
15:30:54 INFO  : Connected to target on host '127.0.0.1' and port '3121'.
15:30:55 INFO  : Jtag cable 'Digilent Zybo Z7 210351B0FE1AA' is selected.
15:30:55 INFO  : 'jtag frequency' command is executed.
15:30:55 INFO  : Context for 'APU' is selected.
15:30:55 INFO  : System reset is completed.
15:30:58 INFO  : 'after 3000' command is executed.
15:30:58 INFO  : 'targets -set -filter {jtag_cable_name =~ "Digilent Zybo Z7 210351B0FE1AA" && level==0} -index 1' command is executed.
15:31:00 INFO  : FPGA configured successfully with bitstream "C:/Users/victo/Desktop/TFM/Zynq/TFM_ZYNQ_ETHERNET/software_TFM/software_TFM/_ide/bitstream/TFM_ZYNQ_4_wrapper.bit"
15:31:00 INFO  : Context for 'APU' is selected.
15:31:12 INFO  : Hardware design information is loaded from 'C:/Users/victo/Desktop/TFM/Zynq/TFM_ZYNQ_ETHERNET/software_TFM/TFM_ZYNQ_4_wrapper/export/TFM_ZYNQ_4_wrapper/hw/TFM_ZYNQ_4_wrapper.xsa'.
15:31:12 INFO  : 'configparams force-mem-access 1' command is executed.
15:31:12 INFO  : Context for 'APU' is selected.
15:31:12 INFO  : Sourcing of 'C:/Users/victo/Desktop/TFM/Zynq/TFM_ZYNQ_ETHERNET/software_TFM/software_TFM/_ide/psinit/ps7_init.tcl' is done.
15:31:13 INFO  : 'ps7_init' command is executed.
15:31:13 INFO  : 'ps7_post_config' command is executed.
15:31:13 INFO  : Context for processor 'ps7_cortexa9_0' is selected.
15:31:14 INFO  : The application 'C:/Users/victo/Desktop/TFM/Zynq/TFM_ZYNQ_ETHERNET/software_TFM/software_TFM/Debug/software_TFM.elf' is downloaded to processor 'ps7_cortexa9_0'.
15:31:14 INFO  : 'configparams force-mem-access 0' command is executed.
15:31:14 INFO  : ----------------XSDB Script----------------
connect -url tcp:127.0.0.1:3121
targets -set -nocase -filter {name =~"APU*"}
rst -system
after 3000
targets -set -filter {jtag_cable_name =~ "Digilent Zybo Z7 210351B0FE1AA" && level==0} -index 1
fpga -file C:/Users/victo/Desktop/TFM/Zynq/TFM_ZYNQ_ETHERNET/software_TFM/software_TFM/_ide/bitstream/TFM_ZYNQ_4_wrapper.bit
targets -set -nocase -filter {name =~"APU*"}
loadhw -hw C:/Users/victo/Desktop/TFM/Zynq/TFM_ZYNQ_ETHERNET/software_TFM/TFM_ZYNQ_4_wrapper/export/TFM_ZYNQ_4_wrapper/hw/TFM_ZYNQ_4_wrapper.xsa -mem-ranges [list {0x40000000 0xbfffffff}]
configparams force-mem-access 1
targets -set -nocase -filter {name =~"APU*"}
source C:/Users/victo/Desktop/TFM/Zynq/TFM_ZYNQ_ETHERNET/software_TFM/software_TFM/_ide/psinit/ps7_init.tcl
ps7_init
ps7_post_config
targets -set -nocase -filter {name =~ "*A9*#0"}
dow C:/Users/victo/Desktop/TFM/Zynq/TFM_ZYNQ_ETHERNET/software_TFM/software_TFM/Debug/software_TFM.elf
configparams force-mem-access 0
----------------End of Script----------------

15:31:14 INFO  : Memory regions updated for context APU
15:31:15 INFO  : Context for processor 'ps7_cortexa9_0' is selected.
15:31:15 INFO  : 'con' command is executed.
15:31:15 INFO  : ----------------XSDB Script (After Launch)----------------
targets -set -nocase -filter {name =~ "*A9*#0"}
con
----------------End of Script----------------

15:31:15 INFO  : Launch script is exported to file 'C:\Users\victo\Desktop\TFM\Zynq\TFM_ZYNQ_ETHERNET\software_TFM\.sdk\launch_scripts\single_application_debug\debugger_software_tfm-default.tcl'
17:17:28 INFO  : Checking for BSP changes to sync application flags for project 'software_TFM'...
17:17:35 ERROR : (XSDB Server)ERROR: [Hsi 55-1571] The design file C:/Users/victo/Desktop/TFM/Zynq/TFM_ZYNQ_ETHERNET/software_TFM/TFM_ZYNQ_4_wrapper/export/TFM_ZYNQ_4_wrapper/hw/TFM_ZYNQ_4_wrapper.xsa is already opened

17:26:33 INFO  : Checking for BSP changes to sync application flags for project 'software_TFM'...
17:26:39 ERROR : (XSDB Server)ERROR: [Hsi 55-1571] The design file C:/Users/victo/Desktop/TFM/Zynq/TFM_ZYNQ_ETHERNET/software_TFM/TFM_ZYNQ_4_wrapper/export/TFM_ZYNQ_4_wrapper/hw/TFM_ZYNQ_4_wrapper.xsa is already opened

17:27:05 INFO  : Disconnected from the channel tcfchan#3.
17:27:06 INFO  : Connected to target on host '127.0.0.1' and port '3121'.
17:27:06 INFO  : Jtag cable 'Digilent Zybo Z7 210351B0FE1AA' is selected.
17:27:06 INFO  : 'jtag frequency' command is executed.
17:27:06 INFO  : Context for 'APU' is selected.
17:27:06 INFO  : System reset is completed.
17:27:09 INFO  : 'after 3000' command is executed.
17:27:09 INFO  : 'targets -set -filter {jtag_cable_name =~ "Digilent Zybo Z7 210351B0FE1AA" && level==0} -index 1' command is executed.
17:27:11 INFO  : FPGA configured successfully with bitstream "C:/Users/victo/Desktop/TFM/Zynq/TFM_ZYNQ_ETHERNET/software_TFM/software_TFM/_ide/bitstream/TFM_ZYNQ_4_wrapper.bit"
17:27:11 INFO  : Context for 'APU' is selected.
17:27:15 INFO  : Hardware design information is loaded from 'C:/Users/victo/Desktop/TFM/Zynq/TFM_ZYNQ_ETHERNET/software_TFM/TFM_ZYNQ_4_wrapper/export/TFM_ZYNQ_4_wrapper/hw/TFM_ZYNQ_4_wrapper.xsa'.
17:27:15 INFO  : 'configparams force-mem-access 1' command is executed.
17:27:16 INFO  : Context for 'APU' is selected.
17:27:16 INFO  : Sourcing of 'C:/Users/victo/Desktop/TFM/Zynq/TFM_ZYNQ_ETHERNET/software_TFM/software_TFM/_ide/psinit/ps7_init.tcl' is done.
17:27:16 INFO  : 'ps7_init' command is executed.
17:27:16 INFO  : 'ps7_post_config' command is executed.
17:27:16 INFO  : Context for processor 'ps7_cortexa9_0' is selected.
17:27:16 INFO  : The application 'C:/Users/victo/Desktop/TFM/Zynq/TFM_ZYNQ_ETHERNET/software_TFM/software_TFM/Debug/software_TFM.elf' is downloaded to processor 'ps7_cortexa9_0'.
17:27:16 INFO  : 'configparams force-mem-access 0' command is executed.
17:27:16 INFO  : ----------------XSDB Script----------------
connect -url tcp:127.0.0.1:3121
targets -set -nocase -filter {name =~"APU*"}
rst -system
after 3000
targets -set -filter {jtag_cable_name =~ "Digilent Zybo Z7 210351B0FE1AA" && level==0} -index 1
fpga -file C:/Users/victo/Desktop/TFM/Zynq/TFM_ZYNQ_ETHERNET/software_TFM/software_TFM/_ide/bitstream/TFM_ZYNQ_4_wrapper.bit
targets -set -nocase -filter {name =~"APU*"}
loadhw -hw C:/Users/victo/Desktop/TFM/Zynq/TFM_ZYNQ_ETHERNET/software_TFM/TFM_ZYNQ_4_wrapper/export/TFM_ZYNQ_4_wrapper/hw/TFM_ZYNQ_4_wrapper.xsa -mem-ranges [list {0x40000000 0xbfffffff}]
configparams force-mem-access 1
targets -set -nocase -filter {name =~"APU*"}
source C:/Users/victo/Desktop/TFM/Zynq/TFM_ZYNQ_ETHERNET/software_TFM/software_TFM/_ide/psinit/ps7_init.tcl
ps7_init
ps7_post_config
targets -set -nocase -filter {name =~ "*A9*#0"}
dow C:/Users/victo/Desktop/TFM/Zynq/TFM_ZYNQ_ETHERNET/software_TFM/software_TFM/Debug/software_TFM.elf
configparams force-mem-access 0
----------------End of Script----------------

17:27:17 INFO  : Memory regions updated for context APU
17:27:17 INFO  : Context for processor 'ps7_cortexa9_0' is selected.
17:27:17 INFO  : 'con' command is executed.
17:27:17 INFO  : ----------------XSDB Script (After Launch)----------------
targets -set -nocase -filter {name =~ "*A9*#0"}
con
----------------End of Script----------------

17:27:17 INFO  : Launch script is exported to file 'C:\Users\victo\Desktop\TFM\Zynq\TFM_ZYNQ_ETHERNET\software_TFM\.sdk\launch_scripts\single_application_debug\debugger_software_tfm-default.tcl'
17:37:43 INFO  : Checking for BSP changes to sync application flags for project 'software_TFM'...
17:37:55 ERROR : (XSDB Server)ERROR: [Hsi 55-1571] The design file C:/Users/victo/Desktop/TFM/Zynq/TFM_ZYNQ_ETHERNET/software_TFM/TFM_ZYNQ_4_wrapper/export/TFM_ZYNQ_4_wrapper/hw/TFM_ZYNQ_4_wrapper.xsa is already opened

20:41:17 INFO  : Disconnected from the channel tcfchan#6.
17:45:34 INFO  : Launching XSCT server: xsct.bat -n  -interactive C:\Users\victo\Desktop\TFM\Zynq\TFM_ZYNQ_ETHERNET\software_TFM\temp_xsdb_launch_script.tcl
17:45:45 INFO  : Registering command handlers for Vitis TCF services
17:45:47 INFO  : XSCT server has started successfully.
17:45:53 INFO  : plnx-install-location is set to ''
17:45:53 INFO  : Successfully done setting XSCT server connection channel  
17:45:53 INFO  : Successfully done query RDI_DATADIR 
17:45:53 INFO  : Successfully done setting workspace for the tool. 
17:53:54 INFO  : Checking for BSP changes to sync application flags for project 'software_TFM'...
17:54:15 ERROR : (XSDB Server)ERROR: [Hsi 55-1571] The design file C:/Users/victo/Desktop/TFM/Zynq/TFM_ZYNQ_ETHERNET/software_TFM/TFM_ZYNQ_4_wrapper/export/TFM_ZYNQ_4_wrapper/hw/TFM_ZYNQ_4_wrapper.xsa is already opened

18:01:13 INFO  : Connected to target on host '127.0.0.1' and port '3121'.
18:01:14 INFO  : Jtag cable 'Digilent Zybo Z7 210351B0FE1AA' is selected.
18:01:14 INFO  : 'jtag frequency' command is executed.
18:01:14 INFO  : Context for 'APU' is selected.
18:01:14 INFO  : System reset is completed.
18:01:17 INFO  : 'after 3000' command is executed.
18:01:17 INFO  : 'targets -set -filter {jtag_cable_name =~ "Digilent Zybo Z7 210351B0FE1AA" && level==0} -index 1' command is executed.
18:01:19 INFO  : FPGA configured successfully with bitstream "C:/Users/victo/Desktop/TFM/Zynq/TFM_ZYNQ_ETHERNET/software_TFM/software_TFM/_ide/bitstream/TFM_ZYNQ_4_wrapper.bit"
18:01:19 INFO  : Context for 'APU' is selected.
18:01:19 INFO  : Hardware design information is loaded from 'C:/Users/victo/Desktop/TFM/Zynq/TFM_ZYNQ_ETHERNET/software_TFM/TFM_ZYNQ_4_wrapper/export/TFM_ZYNQ_4_wrapper/hw/TFM_ZYNQ_4_wrapper.xsa'.
18:01:19 INFO  : 'configparams force-mem-access 1' command is executed.
18:01:19 INFO  : Context for 'APU' is selected.
18:01:19 INFO  : Sourcing of 'C:/Users/victo/Desktop/TFM/Zynq/TFM_ZYNQ_ETHERNET/software_TFM/software_TFM/_ide/psinit/ps7_init.tcl' is done.
18:01:19 INFO  : 'ps7_init' command is executed.
18:01:19 INFO  : 'ps7_post_config' command is executed.
18:01:19 INFO  : Context for processor 'ps7_cortexa9_0' is selected.
18:01:20 INFO  : The application 'C:/Users/victo/Desktop/TFM/Zynq/TFM_ZYNQ_ETHERNET/software_TFM/software_TFM/Debug/software_TFM.elf' is downloaded to processor 'ps7_cortexa9_0'.
18:01:20 INFO  : 'configparams force-mem-access 0' command is executed.
18:01:20 INFO  : ----------------XSDB Script----------------
connect -url tcp:127.0.0.1:3121
targets -set -nocase -filter {name =~"APU*"}
rst -system
after 3000
targets -set -filter {jtag_cable_name =~ "Digilent Zybo Z7 210351B0FE1AA" && level==0} -index 1
fpga -file C:/Users/victo/Desktop/TFM/Zynq/TFM_ZYNQ_ETHERNET/software_TFM/software_TFM/_ide/bitstream/TFM_ZYNQ_4_wrapper.bit
targets -set -nocase -filter {name =~"APU*"}
loadhw -hw C:/Users/victo/Desktop/TFM/Zynq/TFM_ZYNQ_ETHERNET/software_TFM/TFM_ZYNQ_4_wrapper/export/TFM_ZYNQ_4_wrapper/hw/TFM_ZYNQ_4_wrapper.xsa -mem-ranges [list {0x40000000 0xbfffffff}]
configparams force-mem-access 1
targets -set -nocase -filter {name =~"APU*"}
source C:/Users/victo/Desktop/TFM/Zynq/TFM_ZYNQ_ETHERNET/software_TFM/software_TFM/_ide/psinit/ps7_init.tcl
ps7_init
ps7_post_config
targets -set -nocase -filter {name =~ "*A9*#0"}
dow C:/Users/victo/Desktop/TFM/Zynq/TFM_ZYNQ_ETHERNET/software_TFM/software_TFM/Debug/software_TFM.elf
configparams force-mem-access 0
----------------End of Script----------------

18:01:20 INFO  : Memory regions updated for context APU
18:01:20 INFO  : Context for processor 'ps7_cortexa9_0' is selected.
18:01:20 INFO  : 'con' command is executed.
18:01:20 INFO  : ----------------XSDB Script (After Launch)----------------
targets -set -nocase -filter {name =~ "*A9*#0"}
con
----------------End of Script----------------

18:01:20 INFO  : Launch script is exported to file 'C:\Users\victo\Desktop\TFM\Zynq\TFM_ZYNQ_ETHERNET\software_TFM\.sdk\launch_scripts\single_application_debug\debugger_software_tfm-default.tcl'
18:01:59 INFO  : Connected to target on host '127.0.0.1' and port '3121'.
18:02:00 INFO  : Jtag cable 'Digilent Zybo Z7 210351B0FE1AA' is selected.
18:02:00 INFO  : 'jtag frequency' command is executed.
18:02:00 INFO  : Context for 'APU' is selected.
18:02:00 INFO  : System reset is completed.
18:02:03 INFO  : 'after 3000' command is executed.
18:02:03 INFO  : 'targets -set -filter {jtag_cable_name =~ "Digilent Zybo Z7 210351B0FE1AA" && level==0} -index 1' command is executed.
18:02:04 INFO  : FPGA configured successfully with bitstream "C:/Users/victo/Desktop/TFM/Zynq/TFM_ZYNQ_ETHERNET/software_TFM/software_TFM/_ide/bitstream/TFM_ZYNQ_4_wrapper.bit"
18:02:04 INFO  : Context for 'APU' is selected.
18:02:04 INFO  : Hardware design information is loaded from 'C:/Users/victo/Desktop/TFM/Zynq/TFM_ZYNQ_ETHERNET/software_TFM/TFM_ZYNQ_4_wrapper/export/TFM_ZYNQ_4_wrapper/hw/TFM_ZYNQ_4_wrapper.xsa'.
18:02:04 INFO  : 'configparams force-mem-access 1' command is executed.
18:02:04 INFO  : Context for 'APU' is selected.
18:02:04 INFO  : Sourcing of 'C:/Users/victo/Desktop/TFM/Zynq/TFM_ZYNQ_ETHERNET/software_TFM/software_TFM/_ide/psinit/ps7_init.tcl' is done.
18:02:05 INFO  : 'ps7_init' command is executed.
18:02:05 INFO  : 'ps7_post_config' command is executed.
18:02:05 INFO  : Context for processor 'ps7_cortexa9_0' is selected.
18:02:05 INFO  : The application 'C:/Users/victo/Desktop/TFM/Zynq/TFM_ZYNQ_ETHERNET/software_TFM/software_TFM/Debug/software_TFM.elf' is downloaded to processor 'ps7_cortexa9_0'.
18:02:05 INFO  : 'configparams force-mem-access 0' command is executed.
18:02:05 INFO  : ----------------XSDB Script----------------
connect -url tcp:127.0.0.1:3121
targets -set -nocase -filter {name =~"APU*"}
rst -system
after 3000
targets -set -filter {jtag_cable_name =~ "Digilent Zybo Z7 210351B0FE1AA" && level==0} -index 1
fpga -file C:/Users/victo/Desktop/TFM/Zynq/TFM_ZYNQ_ETHERNET/software_TFM/software_TFM/_ide/bitstream/TFM_ZYNQ_4_wrapper.bit
targets -set -nocase -filter {name =~"APU*"}
loadhw -hw C:/Users/victo/Desktop/TFM/Zynq/TFM_ZYNQ_ETHERNET/software_TFM/TFM_ZYNQ_4_wrapper/export/TFM_ZYNQ_4_wrapper/hw/TFM_ZYNQ_4_wrapper.xsa -mem-ranges [list {0x40000000 0xbfffffff}]
configparams force-mem-access 1
targets -set -nocase -filter {name =~"APU*"}
source C:/Users/victo/Desktop/TFM/Zynq/TFM_ZYNQ_ETHERNET/software_TFM/software_TFM/_ide/psinit/ps7_init.tcl
ps7_init
ps7_post_config
targets -set -nocase -filter {name =~ "*A9*#0"}
dow C:/Users/victo/Desktop/TFM/Zynq/TFM_ZYNQ_ETHERNET/software_TFM/software_TFM/Debug/software_TFM.elf
configparams force-mem-access 0
----------------End of Script----------------

18:02:05 INFO  : Memory regions updated for context APU
18:02:05 INFO  : Context for processor 'ps7_cortexa9_0' is selected.
18:02:05 INFO  : 'con' command is executed.
18:02:05 INFO  : ----------------XSDB Script (After Launch)----------------
targets -set -nocase -filter {name =~ "*A9*#0"}
con
----------------End of Script----------------

18:02:05 INFO  : Launch script is exported to file 'C:\Users\victo\Desktop\TFM\Zynq\TFM_ZYNQ_ETHERNET\software_TFM\.sdk\launch_scripts\single_application_debug\debugger_software_tfm-default_(1).tcl'
18:02:09 INFO  : Disconnected from the channel tcfchan#2.
18:02:10 INFO  : Connected to target on host '127.0.0.1' and port '3121'.
18:02:10 INFO  : Jtag cable 'Digilent Zybo Z7 210351B0FE1AA' is selected.
18:02:10 INFO  : 'jtag frequency' command is executed.
18:02:10 INFO  : Context for 'APU' is selected.
18:02:11 INFO  : System reset is completed.
18:02:14 INFO  : 'after 3000' command is executed.
18:02:14 INFO  : 'targets -set -filter {jtag_cable_name =~ "Digilent Zybo Z7 210351B0FE1AA" && level==0} -index 1' command is executed.
18:02:15 INFO  : FPGA configured successfully with bitstream "C:/Users/victo/Desktop/TFM/Zynq/TFM_ZYNQ_ETHERNET/software_TFM/software_TFM/_ide/bitstream/TFM_ZYNQ_4_wrapper.bit"
18:02:15 INFO  : Context for 'APU' is selected.
18:02:21 INFO  : Hardware design information is loaded from 'C:/Users/victo/Desktop/TFM/Zynq/TFM_ZYNQ_ETHERNET/software_TFM/TFM_ZYNQ_4_wrapper/export/TFM_ZYNQ_4_wrapper/hw/TFM_ZYNQ_4_wrapper.xsa'.
18:02:21 INFO  : 'configparams force-mem-access 1' command is executed.
18:02:21 INFO  : Context for 'APU' is selected.
18:02:21 INFO  : Sourcing of 'C:/Users/victo/Desktop/TFM/Zynq/TFM_ZYNQ_ETHERNET/software_TFM/software_TFM/_ide/psinit/ps7_init.tcl' is done.
18:02:21 INFO  : 'ps7_init' command is executed.
18:02:21 INFO  : 'ps7_post_config' command is executed.
18:02:21 INFO  : Context for processor 'ps7_cortexa9_0' is selected.
18:02:22 INFO  : The application 'C:/Users/victo/Desktop/TFM/Zynq/TFM_ZYNQ_ETHERNET/software_TFM/software_TFM/Debug/software_TFM.elf' is downloaded to processor 'ps7_cortexa9_0'.
18:02:22 INFO  : 'configparams force-mem-access 0' command is executed.
18:02:22 INFO  : ----------------XSDB Script----------------
connect -url tcp:127.0.0.1:3121
targets -set -nocase -filter {name =~"APU*"}
rst -system
after 3000
targets -set -filter {jtag_cable_name =~ "Digilent Zybo Z7 210351B0FE1AA" && level==0} -index 1
fpga -file C:/Users/victo/Desktop/TFM/Zynq/TFM_ZYNQ_ETHERNET/software_TFM/software_TFM/_ide/bitstream/TFM_ZYNQ_4_wrapper.bit
targets -set -nocase -filter {name =~"APU*"}
loadhw -hw C:/Users/victo/Desktop/TFM/Zynq/TFM_ZYNQ_ETHERNET/software_TFM/TFM_ZYNQ_4_wrapper/export/TFM_ZYNQ_4_wrapper/hw/TFM_ZYNQ_4_wrapper.xsa -mem-ranges [list {0x40000000 0xbfffffff}]
configparams force-mem-access 1
targets -set -nocase -filter {name =~"APU*"}
source C:/Users/victo/Desktop/TFM/Zynq/TFM_ZYNQ_ETHERNET/software_TFM/software_TFM/_ide/psinit/ps7_init.tcl
ps7_init
ps7_post_config
targets -set -nocase -filter {name =~ "*A9*#0"}
dow C:/Users/victo/Desktop/TFM/Zynq/TFM_ZYNQ_ETHERNET/software_TFM/software_TFM/Debug/software_TFM.elf
configparams force-mem-access 0
----------------End of Script----------------

18:02:22 INFO  : Memory regions updated for context APU
18:02:22 INFO  : Context for processor 'ps7_cortexa9_0' is selected.
18:02:22 INFO  : 'con' command is executed.
18:02:22 INFO  : ----------------XSDB Script (After Launch)----------------
targets -set -nocase -filter {name =~ "*A9*#0"}
con
----------------End of Script----------------

18:02:22 INFO  : Launch script is exported to file 'C:\Users\victo\Desktop\TFM\Zynq\TFM_ZYNQ_ETHERNET\software_TFM\.sdk\launch_scripts\single_application_debug\debugger_software_tfm-default.tcl'
18:24:48 INFO  : Checking for BSP changes to sync application flags for project 'software_TFM'...
18:24:54 ERROR : (XSDB Server)ERROR: [Hsi 55-1571] The design file C:/Users/victo/Desktop/TFM/Zynq/TFM_ZYNQ_ETHERNET/software_TFM/TFM_ZYNQ_4_wrapper/export/TFM_ZYNQ_4_wrapper/hw/TFM_ZYNQ_4_wrapper.xsa is already opened

22:27:49 WARN  : channel "tcfchan#2" closed
22:27:49 INFO  : Disconnected from the channel tcfchan#3.
