13:31:03 INFO  : Launching XSCT server: xsct.bat -n  -interactive C:\Users\victo\Desktop\TFM\Zynq\TFM_ZINQ\zynq_swr\temp_xsdb_launch_script.tcl
13:31:09 INFO  : XSCT server has started successfully.
13:31:11 INFO  : Registering command handlers for Vitis TCF services
13:31:15 INFO  : plnx-install-location is set to ''
13:31:15 INFO  : Successfully done setting XSCT server connection channel  
13:31:15 INFO  : Successfully done query RDI_DATADIR 
13:31:15 INFO  : Successfully done setting workspace for the tool. 
13:34:27 INFO  : Checking for BSP changes to sync application flags for project 'TFM_ZINQ'...
13:35:58 ERROR : Failed to openhw "C:/Users/victo/Desktop/TFM/Zynq/TFM_ZINQ/zynq_swr/TFM_ZYNQ_wrapper/export/TFM_ZYNQ_wrapper/hw/TFM_ZYNQ_wrapper.xsa"
Reason: ERROR: [Common 17-39] 'hsi::open_hw_design' failed due to earlier errors.

13:35:58 ERROR : Failed to openhw "C:/Users/victo/Desktop/TFM/Zynq/TFM_ZINQ/zynq_swr/TFM_ZYNQ_wrapper/export/TFM_ZYNQ_wrapper/hw/TFM_ZYNQ_wrapper.xsa"
Reason: ERROR: [Common 17-39] 'hsi::open_hw_design' failed due to earlier errors.

13:35:59 ERROR : Failed to openhw "C:/Users/victo/Desktop/TFM/Zynq/TFM_ZINQ/zynq_swr/TFM_ZYNQ_wrapper/export/TFM_ZYNQ_wrapper/hw/TFM_ZYNQ_wrapper.xsa"
Reason: ERROR: [Common 17-39] 'hsi::open_hw_design' failed due to earlier errors.

13:35:59 ERROR : Failed to openhw "C:/Users/victo/Desktop/TFM/Zynq/TFM_ZINQ/zynq_swr/TFM_ZYNQ_wrapper/export/TFM_ZYNQ_wrapper/hw/TFM_ZYNQ_wrapper.xsa"
Reason: ERROR: [Common 17-39] 'hsi::open_hw_design' failed due to earlier errors.

13:37:20 INFO  : Checking for BSP changes to sync application flags for project 'TFM_ZINQ'...
13:38:39 INFO  : Connected to target on host '127.0.0.1' and port '3121'.
13:38:40 INFO  : Jtag cable 'Digilent Zybo Z7 210351B0FE1AA' is selected.
13:38:40 INFO  : 'jtag frequency' command is executed.
13:38:40 INFO  : Context for 'APU' is selected.
13:38:40 INFO  : System reset is completed.
13:38:43 INFO  : 'after 3000' command is executed.
13:38:44 INFO  : 'targets -set -filter {jtag_cable_name =~ "Digilent Zybo Z7 210351B0FE1AA" && level==0} -index 1' command is executed.
13:38:45 INFO  : FPGA configured successfully with bitstream "C:/Users/victo/Desktop/TFM/Zynq/TFM_ZINQ/zynq_swr/TFM_ZINQ/_ide/bitstream/TFM_ZYNQ_wrapper.bit"
13:38:45 INFO  : Context for 'APU' is selected.
13:38:45 INFO  : Hardware design information is loaded from 'C:/Users/victo/Desktop/TFM/Zynq/TFM_ZINQ/zynq_swr/TFM_ZYNQ_wrapper/export/TFM_ZYNQ_wrapper/hw/TFM_ZYNQ_wrapper.xsa'.
13:38:45 INFO  : 'configparams force-mem-access 1' command is executed.
13:38:45 INFO  : Context for 'APU' is selected.
13:38:45 INFO  : Sourcing of 'C:/Users/victo/Desktop/TFM/Zynq/TFM_ZINQ/zynq_swr/TFM_ZINQ/_ide/psinit/ps7_init.tcl' is done.
13:38:46 INFO  : 'ps7_init' command is executed.
13:38:46 INFO  : 'ps7_post_config' command is executed.
13:38:46 INFO  : Context for processor 'ps7_cortexa9_0' is selected.
13:38:46 INFO  : The application 'C:/Users/victo/Desktop/TFM/Zynq/TFM_ZINQ/zynq_swr/TFM_ZINQ/Debug/TFM_ZINQ.elf' is downloaded to processor 'ps7_cortexa9_0'.
13:38:46 INFO  : 'configparams force-mem-access 0' command is executed.
13:38:46 INFO  : ----------------XSDB Script----------------
connect -url tcp:127.0.0.1:3121
targets -set -nocase -filter {name =~"APU*"}
rst -system
after 3000
targets -set -filter {jtag_cable_name =~ "Digilent Zybo Z7 210351B0FE1AA" && level==0} -index 1
fpga -file C:/Users/victo/Desktop/TFM/Zynq/TFM_ZINQ/zynq_swr/TFM_ZINQ/_ide/bitstream/TFM_ZYNQ_wrapper.bit
targets -set -nocase -filter {name =~"APU*"}
loadhw -hw C:/Users/victo/Desktop/TFM/Zynq/TFM_ZINQ/zynq_swr/TFM_ZYNQ_wrapper/export/TFM_ZYNQ_wrapper/hw/TFM_ZYNQ_wrapper.xsa -mem-ranges [list {0x40000000 0xbfffffff}]
configparams force-mem-access 1
targets -set -nocase -filter {name =~"APU*"}
source C:/Users/victo/Desktop/TFM/Zynq/TFM_ZINQ/zynq_swr/TFM_ZINQ/_ide/psinit/ps7_init.tcl
ps7_init
ps7_post_config
targets -set -nocase -filter {name =~ "*A9*#0"}
dow C:/Users/victo/Desktop/TFM/Zynq/TFM_ZINQ/zynq_swr/TFM_ZINQ/Debug/TFM_ZINQ.elf
configparams force-mem-access 0
----------------End of Script----------------

13:38:46 INFO  : Memory regions updated for context APU
13:38:46 INFO  : Context for processor 'ps7_cortexa9_0' is selected.
13:38:46 INFO  : 'con' command is executed.
13:38:46 INFO  : ----------------XSDB Script (After Launch)----------------
targets -set -nocase -filter {name =~ "*A9*#0"}
con
----------------End of Script----------------

13:38:46 INFO  : Launch script is exported to file 'C:\Users\victo\Desktop\TFM\Zynq\TFM_ZINQ\zynq_swr\.sdk\launch_scripts\single_application_debug\systemdebugger_tfm_zinq_system_standalone.tcl'
13:41:07 INFO  : Connected to target on host '127.0.0.1' and port '3121'.
13:41:07 INFO  : Jtag cable 'Digilent Zybo Z7 210351B0FE1AA' is selected.
13:41:07 INFO  : 'jtag frequency' command is executed.
13:41:07 INFO  : Context for 'APU' is selected.
13:41:07 INFO  : System reset is completed.
13:41:10 INFO  : 'after 3000' command is executed.
13:41:10 INFO  : 'targets -set -filter {jtag_cable_name =~ "Digilent Zybo Z7 210351B0FE1AA" && level==0} -index 1' command is executed.
13:41:12 INFO  : FPGA configured successfully with bitstream "C:/Users/victo/Desktop/TFM/Zynq/TFM_ZINQ/zynq_swr/TFM_ZINQ/_ide/bitstream/TFM_ZYNQ_wrapper.bit"
13:41:12 INFO  : Context for 'APU' is selected.
13:41:12 INFO  : Hardware design information is loaded from 'C:/Users/victo/Desktop/TFM/Zynq/TFM_ZINQ/zynq_swr/TFM_ZYNQ_wrapper/export/TFM_ZYNQ_wrapper/hw/TFM_ZYNQ_wrapper.xsa'.
13:41:12 INFO  : 'configparams force-mem-access 1' command is executed.
13:41:12 INFO  : Context for 'APU' is selected.
13:41:12 INFO  : Sourcing of 'C:/Users/victo/Desktop/TFM/Zynq/TFM_ZINQ/zynq_swr/TFM_ZINQ/_ide/psinit/ps7_init.tcl' is done.
13:41:12 INFO  : 'ps7_init' command is executed.
13:41:12 INFO  : 'ps7_post_config' command is executed.
13:41:12 INFO  : Context for processor 'ps7_cortexa9_0' is selected.
13:41:13 INFO  : The application 'C:/Users/victo/Desktop/TFM/Zynq/TFM_ZINQ/zynq_swr/TFM_ZINQ/Debug/TFM_ZINQ.elf' is downloaded to processor 'ps7_cortexa9_0'.
13:41:13 INFO  : 'configparams force-mem-access 0' command is executed.
13:41:13 INFO  : ----------------XSDB Script----------------
connect -url tcp:127.0.0.1:3121
targets -set -nocase -filter {name =~"APU*"}
rst -system
after 3000
targets -set -filter {jtag_cable_name =~ "Digilent Zybo Z7 210351B0FE1AA" && level==0} -index 1
fpga -file C:/Users/victo/Desktop/TFM/Zynq/TFM_ZINQ/zynq_swr/TFM_ZINQ/_ide/bitstream/TFM_ZYNQ_wrapper.bit
targets -set -nocase -filter {name =~"APU*"}
loadhw -hw C:/Users/victo/Desktop/TFM/Zynq/TFM_ZINQ/zynq_swr/TFM_ZYNQ_wrapper/export/TFM_ZYNQ_wrapper/hw/TFM_ZYNQ_wrapper.xsa -mem-ranges [list {0x40000000 0xbfffffff}]
configparams force-mem-access 1
targets -set -nocase -filter {name =~"APU*"}
source C:/Users/victo/Desktop/TFM/Zynq/TFM_ZINQ/zynq_swr/TFM_ZINQ/_ide/psinit/ps7_init.tcl
ps7_init
ps7_post_config
targets -set -nocase -filter {name =~ "*A9*#0"}
dow C:/Users/victo/Desktop/TFM/Zynq/TFM_ZINQ/zynq_swr/TFM_ZINQ/Debug/TFM_ZINQ.elf
configparams force-mem-access 0
----------------End of Script----------------

13:41:13 INFO  : Context for processor 'ps7_cortexa9_0' is selected.
13:41:13 INFO  : 'con' command is executed.
13:41:13 INFO  : ----------------XSDB Script (After Launch)----------------
targets -set -nocase -filter {name =~ "*A9*#0"}
con
----------------End of Script----------------

13:41:13 INFO  : Disconnected from the channel tcfchan#6.
13:41:46 INFO  : Connected to target on host '127.0.0.1' and port '3121'.
13:41:46 INFO  : Jtag cable 'Digilent Zybo Z7 210351B0FE1AA' is selected.
13:41:46 INFO  : 'jtag frequency' command is executed.
13:41:46 INFO  : Context for 'APU' is selected.
13:41:46 INFO  : System reset is completed.
13:41:49 INFO  : 'after 3000' command is executed.
13:41:50 INFO  : 'targets -set -filter {jtag_cable_name =~ "Digilent Zybo Z7 210351B0FE1AA" && level==0} -index 1' command is executed.
13:41:51 INFO  : FPGA configured successfully with bitstream "C:/Users/victo/Desktop/TFM/Zynq/TFM_ZINQ/zynq_swr/TFM_ZINQ/_ide/bitstream/TFM_ZYNQ_wrapper.bit"
13:41:51 INFO  : Context for 'APU' is selected.
13:41:51 INFO  : Hardware design information is loaded from 'C:/Users/victo/Desktop/TFM/Zynq/TFM_ZINQ/zynq_swr/TFM_ZYNQ_wrapper/export/TFM_ZYNQ_wrapper/hw/TFM_ZYNQ_wrapper.xsa'.
13:41:51 INFO  : 'configparams force-mem-access 1' command is executed.
13:41:51 INFO  : Context for 'APU' is selected.
13:41:51 INFO  : Sourcing of 'C:/Users/victo/Desktop/TFM/Zynq/TFM_ZINQ/zynq_swr/TFM_ZINQ/_ide/psinit/ps7_init.tcl' is done.
13:41:52 INFO  : 'ps7_init' command is executed.
13:41:52 INFO  : 'ps7_post_config' command is executed.
13:41:52 INFO  : Context for processor 'ps7_cortexa9_0' is selected.
13:41:52 INFO  : The application 'C:/Users/victo/Desktop/TFM/Zynq/TFM_ZINQ/zynq_swr/TFM_ZINQ/Debug/TFM_ZINQ.elf' is downloaded to processor 'ps7_cortexa9_0'.
13:41:52 INFO  : 'configparams force-mem-access 0' command is executed.
13:41:52 INFO  : ----------------XSDB Script----------------
connect -url tcp:127.0.0.1:3121
targets -set -nocase -filter {name =~"APU*"}
rst -system
after 3000
targets -set -filter {jtag_cable_name =~ "Digilent Zybo Z7 210351B0FE1AA" && level==0} -index 1
fpga -file C:/Users/victo/Desktop/TFM/Zynq/TFM_ZINQ/zynq_swr/TFM_ZINQ/_ide/bitstream/TFM_ZYNQ_wrapper.bit
targets -set -nocase -filter {name =~"APU*"}
loadhw -hw C:/Users/victo/Desktop/TFM/Zynq/TFM_ZINQ/zynq_swr/TFM_ZYNQ_wrapper/export/TFM_ZYNQ_wrapper/hw/TFM_ZYNQ_wrapper.xsa -mem-ranges [list {0x40000000 0xbfffffff}]
configparams force-mem-access 1
targets -set -nocase -filter {name =~"APU*"}
source C:/Users/victo/Desktop/TFM/Zynq/TFM_ZINQ/zynq_swr/TFM_ZINQ/_ide/psinit/ps7_init.tcl
ps7_init
ps7_post_config
targets -set -nocase -filter {name =~ "*A9*#0"}
dow C:/Users/victo/Desktop/TFM/Zynq/TFM_ZINQ/zynq_swr/TFM_ZINQ/Debug/TFM_ZINQ.elf
configparams force-mem-access 0
----------------End of Script----------------

13:41:52 INFO  : Context for processor 'ps7_cortexa9_0' is selected.
13:41:52 INFO  : 'con' command is executed.
13:41:52 INFO  : ----------------XSDB Script (After Launch)----------------
targets -set -nocase -filter {name =~ "*A9*#0"}
con
----------------End of Script----------------

13:41:52 INFO  : Disconnected from the channel tcfchan#7.
13:42:11 INFO  : Connected to target on host '127.0.0.1' and port '3121'.
13:42:12 INFO  : Jtag cable 'Digilent Zybo Z7 210351B0FE1AA' is selected.
13:42:12 INFO  : 'jtag frequency' command is executed.
13:42:12 INFO  : Context for 'APU' is selected.
13:42:12 INFO  : System reset is completed.
13:42:15 INFO  : 'after 3000' command is executed.
13:42:15 INFO  : 'targets -set -filter {jtag_cable_name =~ "Digilent Zybo Z7 210351B0FE1AA" && level==0} -index 1' command is executed.
13:42:16 INFO  : FPGA configured successfully with bitstream "C:/Users/victo/Desktop/TFM/Zynq/TFM_ZINQ/zynq_swr/TFM_ZINQ/_ide/bitstream/TFM_ZYNQ_wrapper.bit"
13:42:16 INFO  : Context for 'APU' is selected.
13:42:16 INFO  : Hardware design information is loaded from 'C:/Users/victo/Desktop/TFM/Zynq/TFM_ZINQ/zynq_swr/TFM_ZYNQ_wrapper/export/TFM_ZYNQ_wrapper/hw/TFM_ZYNQ_wrapper.xsa'.
13:42:16 INFO  : 'configparams force-mem-access 1' command is executed.
13:42:16 INFO  : Context for 'APU' is selected.
13:42:16 INFO  : Sourcing of 'C:/Users/victo/Desktop/TFM/Zynq/TFM_ZINQ/zynq_swr/TFM_ZINQ/_ide/psinit/ps7_init.tcl' is done.
13:42:17 INFO  : 'ps7_init' command is executed.
13:42:17 INFO  : 'ps7_post_config' command is executed.
13:42:17 INFO  : Context for processor 'ps7_cortexa9_0' is selected.
13:42:17 INFO  : The application 'C:/Users/victo/Desktop/TFM/Zynq/TFM_ZINQ/zynq_swr/TFM_ZINQ/Debug/TFM_ZINQ.elf' is downloaded to processor 'ps7_cortexa9_0'.
13:42:17 INFO  : 'configparams force-mem-access 0' command is executed.
13:42:17 INFO  : ----------------XSDB Script----------------
connect -url tcp:127.0.0.1:3121
targets -set -nocase -filter {name =~"APU*"}
rst -system
after 3000
targets -set -filter {jtag_cable_name =~ "Digilent Zybo Z7 210351B0FE1AA" && level==0} -index 1
fpga -file C:/Users/victo/Desktop/TFM/Zynq/TFM_ZINQ/zynq_swr/TFM_ZINQ/_ide/bitstream/TFM_ZYNQ_wrapper.bit
targets -set -nocase -filter {name =~"APU*"}
loadhw -hw C:/Users/victo/Desktop/TFM/Zynq/TFM_ZINQ/zynq_swr/TFM_ZYNQ_wrapper/export/TFM_ZYNQ_wrapper/hw/TFM_ZYNQ_wrapper.xsa -mem-ranges [list {0x40000000 0xbfffffff}]
configparams force-mem-access 1
targets -set -nocase -filter {name =~"APU*"}
source C:/Users/victo/Desktop/TFM/Zynq/TFM_ZINQ/zynq_swr/TFM_ZINQ/_ide/psinit/ps7_init.tcl
ps7_init
ps7_post_config
targets -set -nocase -filter {name =~ "*A9*#0"}
dow C:/Users/victo/Desktop/TFM/Zynq/TFM_ZINQ/zynq_swr/TFM_ZINQ/Debug/TFM_ZINQ.elf
configparams force-mem-access 0
----------------End of Script----------------

13:42:17 INFO  : Context for processor 'ps7_cortexa9_0' is selected.
13:42:17 INFO  : 'con' command is executed.
13:42:17 INFO  : ----------------XSDB Script (After Launch)----------------
targets -set -nocase -filter {name =~ "*A9*#0"}
con
----------------End of Script----------------

13:42:17 INFO  : Disconnected from the channel tcfchan#8.
14:53:46 WARN  : channel "tcfchan#6" closed
10:53:22 INFO  : Launching XSCT server: xsct.bat -n  -interactive C:\Users\victo\Desktop\TFM\Zynq\TFM_ZINQ\zynq_swr\temp_xsdb_launch_script.tcl
10:53:34 INFO  : Registering command handlers for Vitis TCF services
10:53:34 INFO  : XSCT server has started successfully.
10:53:34 INFO  : plnx-install-location is set to ''
10:53:42 INFO  : Successfully done setting XSCT server connection channel  
10:53:42 INFO  : Successfully done query RDI_DATADIR 
10:53:42 INFO  : Successfully done setting workspace for the tool. 
12:00:54 INFO  : Checking for BSP changes to sync application flags for project 'TFM_ZINQ'...
12:01:11 ERROR : (XSDB Server)ERROR: [Hsi 55-1571] The design file C:/Users/victo/Desktop/TFM/Zynq/TFM_ZINQ/zynq_swr/TFM_ZYNQ_wrapper/export/TFM_ZYNQ_wrapper/hw/TFM_ZYNQ_wrapper.xsa is already opened

12:02:43 INFO  : Connected to target on host '127.0.0.1' and port '3121'.
12:02:43 INFO  : Jtag cable 'Digilent Zybo Z7 210351B0FE1AA' is selected.
12:02:43 INFO  : 'jtag frequency' command is executed.
12:02:43 INFO  : Context for 'APU' is selected.
12:02:43 INFO  : System reset is completed.
12:02:46 INFO  : 'after 3000' command is executed.
12:02:46 INFO  : 'targets -set -filter {jtag_cable_name =~ "Digilent Zybo Z7 210351B0FE1AA" && level==0} -index 1' command is executed.
12:02:48 INFO  : FPGA configured successfully with bitstream "C:/Users/victo/Desktop/TFM/Zynq/TFM_ZINQ/zynq_swr/TFM_ZINQ/_ide/bitstream/TFM_ZYNQ_wrapper.bit"
12:02:48 INFO  : Context for 'APU' is selected.
12:02:48 INFO  : Hardware design information is loaded from 'C:/Users/victo/Desktop/TFM/Zynq/TFM_ZINQ/zynq_swr/TFM_ZYNQ_wrapper/export/TFM_ZYNQ_wrapper/hw/TFM_ZYNQ_wrapper.xsa'.
12:02:48 INFO  : 'configparams force-mem-access 1' command is executed.
12:02:48 INFO  : Context for 'APU' is selected.
12:02:48 INFO  : Sourcing of 'C:/Users/victo/Desktop/TFM/Zynq/TFM_ZINQ/zynq_swr/TFM_ZINQ/_ide/psinit/ps7_init.tcl' is done.
12:02:48 INFO  : 'ps7_init' command is executed.
12:02:48 INFO  : 'ps7_post_config' command is executed.
12:02:48 INFO  : Context for processor 'ps7_cortexa9_0' is selected.
12:02:49 INFO  : The application 'C:/Users/victo/Desktop/TFM/Zynq/TFM_ZINQ/zynq_swr/TFM_ZINQ/Debug/TFM_ZINQ.elf' is downloaded to processor 'ps7_cortexa9_0'.
12:02:49 INFO  : 'configparams force-mem-access 0' command is executed.
12:02:49 INFO  : ----------------XSDB Script----------------
connect -url tcp:127.0.0.1:3121
targets -set -nocase -filter {name =~"APU*"}
rst -system
after 3000
targets -set -filter {jtag_cable_name =~ "Digilent Zybo Z7 210351B0FE1AA" && level==0} -index 1
fpga -file C:/Users/victo/Desktop/TFM/Zynq/TFM_ZINQ/zynq_swr/TFM_ZINQ/_ide/bitstream/TFM_ZYNQ_wrapper.bit
targets -set -nocase -filter {name =~"APU*"}
loadhw -hw C:/Users/victo/Desktop/TFM/Zynq/TFM_ZINQ/zynq_swr/TFM_ZYNQ_wrapper/export/TFM_ZYNQ_wrapper/hw/TFM_ZYNQ_wrapper.xsa -mem-ranges [list {0x40000000 0xbfffffff}]
configparams force-mem-access 1
targets -set -nocase -filter {name =~"APU*"}
source C:/Users/victo/Desktop/TFM/Zynq/TFM_ZINQ/zynq_swr/TFM_ZINQ/_ide/psinit/ps7_init.tcl
ps7_init
ps7_post_config
targets -set -nocase -filter {name =~ "*A9*#0"}
dow C:/Users/victo/Desktop/TFM/Zynq/TFM_ZINQ/zynq_swr/TFM_ZINQ/Debug/TFM_ZINQ.elf
configparams force-mem-access 0
----------------End of Script----------------

12:02:49 INFO  : Context for processor 'ps7_cortexa9_0' is selected.
12:02:49 INFO  : 'con' command is executed.
12:02:49 INFO  : ----------------XSDB Script (After Launch)----------------
targets -set -nocase -filter {name =~ "*A9*#0"}
con
----------------End of Script----------------

12:02:49 INFO  : Disconnected from the channel tcfchan#2.
12:04:51 INFO  : Connected to target on host '127.0.0.1' and port '3121'.
12:04:52 INFO  : Jtag cable 'Digilent Zybo Z7 210351B0FE1AA' is selected.
12:04:52 INFO  : 'jtag frequency' command is executed.
12:04:52 INFO  : Context for 'APU' is selected.
12:04:52 INFO  : System reset is completed.
12:04:55 INFO  : 'after 3000' command is executed.
12:04:55 INFO  : 'targets -set -filter {jtag_cable_name =~ "Digilent Zybo Z7 210351B0FE1AA" && level==0} -index 1' command is executed.
12:04:56 INFO  : FPGA configured successfully with bitstream "C:/Users/victo/Desktop/TFM/Zynq/TFM_ZINQ/zynq_swr/TFM_ZINQ/_ide/bitstream/TFM_ZYNQ_wrapper.bit"
12:04:56 INFO  : Context for 'APU' is selected.
12:05:00 INFO  : Hardware design information is loaded from 'C:/Users/victo/Desktop/TFM/Zynq/TFM_ZINQ/zynq_swr/TFM_ZYNQ_wrapper/export/TFM_ZYNQ_wrapper/hw/TFM_ZYNQ_wrapper.xsa'.
12:05:00 INFO  : 'configparams force-mem-access 1' command is executed.
12:05:00 INFO  : Context for 'APU' is selected.
12:05:00 INFO  : Sourcing of 'C:/Users/victo/Desktop/TFM/Zynq/TFM_ZINQ/zynq_swr/TFM_ZINQ/_ide/psinit/ps7_init.tcl' is done.
12:05:01 INFO  : 'ps7_init' command is executed.
12:05:01 INFO  : 'ps7_post_config' command is executed.
12:05:01 INFO  : Context for processor 'ps7_cortexa9_0' is selected.
12:05:01 INFO  : The application 'C:/Users/victo/Desktop/TFM/Zynq/TFM_ZINQ/zynq_swr/TFM_ZINQ/Debug/TFM_ZINQ.elf' is downloaded to processor 'ps7_cortexa9_0'.
12:05:01 INFO  : 'configparams force-mem-access 0' command is executed.
12:05:01 INFO  : ----------------XSDB Script----------------
connect -url tcp:127.0.0.1:3121
targets -set -nocase -filter {name =~"APU*"}
rst -system
after 3000
targets -set -filter {jtag_cable_name =~ "Digilent Zybo Z7 210351B0FE1AA" && level==0} -index 1
fpga -file C:/Users/victo/Desktop/TFM/Zynq/TFM_ZINQ/zynq_swr/TFM_ZINQ/_ide/bitstream/TFM_ZYNQ_wrapper.bit
targets -set -nocase -filter {name =~"APU*"}
loadhw -hw C:/Users/victo/Desktop/TFM/Zynq/TFM_ZINQ/zynq_swr/TFM_ZYNQ_wrapper/export/TFM_ZYNQ_wrapper/hw/TFM_ZYNQ_wrapper.xsa -mem-ranges [list {0x40000000 0xbfffffff}]
configparams force-mem-access 1
targets -set -nocase -filter {name =~"APU*"}
source C:/Users/victo/Desktop/TFM/Zynq/TFM_ZINQ/zynq_swr/TFM_ZINQ/_ide/psinit/ps7_init.tcl
ps7_init
ps7_post_config
targets -set -nocase -filter {name =~ "*A9*#0"}
dow C:/Users/victo/Desktop/TFM/Zynq/TFM_ZINQ/zynq_swr/TFM_ZINQ/Debug/TFM_ZINQ.elf
configparams force-mem-access 0
----------------End of Script----------------

12:05:01 INFO  : Context for processor 'ps7_cortexa9_0' is selected.
12:05:01 INFO  : 'con' command is executed.
12:05:01 INFO  : ----------------XSDB Script (After Launch)----------------
targets -set -nocase -filter {name =~ "*A9*#0"}
con
----------------End of Script----------------

12:05:01 INFO  : Disconnected from the channel tcfchan#3.
12:21:04 INFO  : Checking for BSP changes to sync application flags for project 'TFM_ZINQ'...
12:21:14 ERROR : (XSDB Server)ERROR: [Hsi 55-1571] The design file C:/Users/victo/Desktop/TFM/Zynq/TFM_ZINQ/zynq_swr/TFM_ZYNQ_wrapper/export/TFM_ZYNQ_wrapper/hw/TFM_ZYNQ_wrapper.xsa is already opened

12:22:10 INFO  : Connected to target on host '127.0.0.1' and port '3121'.
12:22:10 INFO  : Jtag cable 'Digilent Zybo Z7 210351B0FE1AA' is selected.
12:22:10 INFO  : 'jtag frequency' command is executed.
12:22:10 INFO  : Context for 'APU' is selected.
12:22:10 INFO  : System reset is completed.
12:22:13 INFO  : 'after 3000' command is executed.
12:22:13 INFO  : 'targets -set -filter {jtag_cable_name =~ "Digilent Zybo Z7 210351B0FE1AA" && level==0} -index 1' command is executed.
12:22:15 INFO  : FPGA configured successfully with bitstream "C:/Users/victo/Desktop/TFM/Zynq/TFM_ZINQ/zynq_swr/TFM_ZINQ/_ide/bitstream/TFM_ZYNQ_wrapper.bit"
12:22:15 INFO  : Context for 'APU' is selected.
12:22:15 INFO  : Hardware design information is loaded from 'C:/Users/victo/Desktop/TFM/Zynq/TFM_ZINQ/zynq_swr/TFM_ZYNQ_wrapper/export/TFM_ZYNQ_wrapper/hw/TFM_ZYNQ_wrapper.xsa'.
12:22:15 INFO  : 'configparams force-mem-access 1' command is executed.
12:22:15 INFO  : Context for 'APU' is selected.
12:22:15 INFO  : Sourcing of 'C:/Users/victo/Desktop/TFM/Zynq/TFM_ZINQ/zynq_swr/TFM_ZINQ/_ide/psinit/ps7_init.tcl' is done.
12:22:15 INFO  : 'ps7_init' command is executed.
12:22:16 INFO  : 'ps7_post_config' command is executed.
12:22:16 INFO  : Context for processor 'ps7_cortexa9_0' is selected.
12:22:16 INFO  : The application 'C:/Users/victo/Desktop/TFM/Zynq/TFM_ZINQ/zynq_swr/TFM_ZINQ/Debug/TFM_ZINQ.elf' is downloaded to processor 'ps7_cortexa9_0'.
12:22:16 INFO  : 'configparams force-mem-access 0' command is executed.
12:22:16 INFO  : ----------------XSDB Script----------------
connect -url tcp:127.0.0.1:3121
targets -set -nocase -filter {name =~"APU*"}
rst -system
after 3000
targets -set -filter {jtag_cable_name =~ "Digilent Zybo Z7 210351B0FE1AA" && level==0} -index 1
fpga -file C:/Users/victo/Desktop/TFM/Zynq/TFM_ZINQ/zynq_swr/TFM_ZINQ/_ide/bitstream/TFM_ZYNQ_wrapper.bit
targets -set -nocase -filter {name =~"APU*"}
loadhw -hw C:/Users/victo/Desktop/TFM/Zynq/TFM_ZINQ/zynq_swr/TFM_ZYNQ_wrapper/export/TFM_ZYNQ_wrapper/hw/TFM_ZYNQ_wrapper.xsa -mem-ranges [list {0x40000000 0xbfffffff}]
configparams force-mem-access 1
targets -set -nocase -filter {name =~"APU*"}
source C:/Users/victo/Desktop/TFM/Zynq/TFM_ZINQ/zynq_swr/TFM_ZINQ/_ide/psinit/ps7_init.tcl
ps7_init
ps7_post_config
targets -set -nocase -filter {name =~ "*A9*#0"}
dow C:/Users/victo/Desktop/TFM/Zynq/TFM_ZINQ/zynq_swr/TFM_ZINQ/Debug/TFM_ZINQ.elf
configparams force-mem-access 0
----------------End of Script----------------

12:22:16 INFO  : Context for processor 'ps7_cortexa9_0' is selected.
12:22:16 INFO  : 'con' command is executed.
12:22:16 INFO  : ----------------XSDB Script (After Launch)----------------
targets -set -nocase -filter {name =~ "*A9*#0"}
con
----------------End of Script----------------

12:22:16 INFO  : Disconnected from the channel tcfchan#5.
12:26:35 INFO  : Checking for BSP changes to sync application flags for project 'TFM_ZINQ'...
12:26:46 ERROR : (XSDB Server)ERROR: [Hsi 55-1571] The design file C:/Users/victo/Desktop/TFM/Zynq/TFM_ZINQ/zynq_swr/TFM_ZYNQ_wrapper/export/TFM_ZYNQ_wrapper/hw/TFM_ZYNQ_wrapper.xsa is already opened

12:27:02 INFO  : Connected to target on host '127.0.0.1' and port '3121'.
12:27:02 INFO  : Jtag cable 'Digilent Zybo Z7 210351B0FE1AA' is selected.
12:27:02 INFO  : 'jtag frequency' command is executed.
12:27:02 INFO  : Context for 'APU' is selected.
12:27:02 INFO  : System reset is completed.
12:27:05 INFO  : 'after 3000' command is executed.
12:27:05 INFO  : 'targets -set -filter {jtag_cable_name =~ "Digilent Zybo Z7 210351B0FE1AA" && level==0} -index 1' command is executed.
12:27:07 INFO  : FPGA configured successfully with bitstream "C:/Users/victo/Desktop/TFM/Zynq/TFM_ZINQ/zynq_swr/TFM_ZINQ/_ide/bitstream/TFM_ZYNQ_wrapper.bit"
12:27:07 INFO  : Context for 'APU' is selected.
12:27:07 INFO  : Hardware design information is loaded from 'C:/Users/victo/Desktop/TFM/Zynq/TFM_ZINQ/zynq_swr/TFM_ZYNQ_wrapper/export/TFM_ZYNQ_wrapper/hw/TFM_ZYNQ_wrapper.xsa'.
12:27:07 INFO  : 'configparams force-mem-access 1' command is executed.
12:27:07 INFO  : Context for 'APU' is selected.
12:27:07 INFO  : Sourcing of 'C:/Users/victo/Desktop/TFM/Zynq/TFM_ZINQ/zynq_swr/TFM_ZINQ/_ide/psinit/ps7_init.tcl' is done.
12:27:07 INFO  : 'ps7_init' command is executed.
12:27:07 INFO  : 'ps7_post_config' command is executed.
12:27:07 INFO  : Context for processor 'ps7_cortexa9_0' is selected.
12:27:08 INFO  : The application 'C:/Users/victo/Desktop/TFM/Zynq/TFM_ZINQ/zynq_swr/TFM_ZINQ/Debug/TFM_ZINQ.elf' is downloaded to processor 'ps7_cortexa9_0'.
12:27:08 INFO  : 'configparams force-mem-access 0' command is executed.
12:27:08 INFO  : ----------------XSDB Script----------------
connect -url tcp:127.0.0.1:3121
targets -set -nocase -filter {name =~"APU*"}
rst -system
after 3000
targets -set -filter {jtag_cable_name =~ "Digilent Zybo Z7 210351B0FE1AA" && level==0} -index 1
fpga -file C:/Users/victo/Desktop/TFM/Zynq/TFM_ZINQ/zynq_swr/TFM_ZINQ/_ide/bitstream/TFM_ZYNQ_wrapper.bit
targets -set -nocase -filter {name =~"APU*"}
loadhw -hw C:/Users/victo/Desktop/TFM/Zynq/TFM_ZINQ/zynq_swr/TFM_ZYNQ_wrapper/export/TFM_ZYNQ_wrapper/hw/TFM_ZYNQ_wrapper.xsa -mem-ranges [list {0x40000000 0xbfffffff}]
configparams force-mem-access 1
targets -set -nocase -filter {name =~"APU*"}
source C:/Users/victo/Desktop/TFM/Zynq/TFM_ZINQ/zynq_swr/TFM_ZINQ/_ide/psinit/ps7_init.tcl
ps7_init
ps7_post_config
targets -set -nocase -filter {name =~ "*A9*#0"}
dow C:/Users/victo/Desktop/TFM/Zynq/TFM_ZINQ/zynq_swr/TFM_ZINQ/Debug/TFM_ZINQ.elf
configparams force-mem-access 0
----------------End of Script----------------

12:27:08 INFO  : Context for processor 'ps7_cortexa9_0' is selected.
12:27:08 INFO  : 'con' command is executed.
12:27:08 INFO  : ----------------XSDB Script (After Launch)----------------
targets -set -nocase -filter {name =~ "*A9*#0"}
con
----------------End of Script----------------

12:27:08 INFO  : Disconnected from the channel tcfchan#7.
12:27:25 INFO  : Connected to target on host '127.0.0.1' and port '3121'.
12:27:26 INFO  : Jtag cable 'Digilent Zybo Z7 210351B0FE1AA' is selected.
12:27:26 INFO  : 'jtag frequency' command is executed.
12:27:26 INFO  : Context for 'APU' is selected.
12:27:26 INFO  : System reset is completed.
12:27:29 INFO  : 'after 3000' command is executed.
12:27:29 INFO  : 'targets -set -filter {jtag_cable_name =~ "Digilent Zybo Z7 210351B0FE1AA" && level==0} -index 1' command is executed.
12:27:30 INFO  : FPGA configured successfully with bitstream "C:/Users/victo/Desktop/TFM/Zynq/TFM_ZINQ/zynq_swr/TFM_ZINQ/_ide/bitstream/TFM_ZYNQ_wrapper.bit"
12:27:30 INFO  : Context for 'APU' is selected.
12:27:34 INFO  : Hardware design information is loaded from 'C:/Users/victo/Desktop/TFM/Zynq/TFM_ZINQ/zynq_swr/TFM_ZYNQ_wrapper/export/TFM_ZYNQ_wrapper/hw/TFM_ZYNQ_wrapper.xsa'.
12:27:34 INFO  : 'configparams force-mem-access 1' command is executed.
12:27:35 INFO  : Context for 'APU' is selected.
12:27:35 INFO  : Sourcing of 'C:/Users/victo/Desktop/TFM/Zynq/TFM_ZINQ/zynq_swr/TFM_ZINQ/_ide/psinit/ps7_init.tcl' is done.
12:27:35 INFO  : 'ps7_init' command is executed.
12:27:35 INFO  : 'ps7_post_config' command is executed.
12:27:35 INFO  : Context for processor 'ps7_cortexa9_0' is selected.
12:27:35 INFO  : The application 'C:/Users/victo/Desktop/TFM/Zynq/TFM_ZINQ/zynq_swr/TFM_ZINQ/Debug/TFM_ZINQ.elf' is downloaded to processor 'ps7_cortexa9_0'.
12:27:35 INFO  : 'configparams force-mem-access 0' command is executed.
12:27:35 INFO  : ----------------XSDB Script----------------
connect -url tcp:127.0.0.1:3121
targets -set -nocase -filter {name =~"APU*"}
rst -system
after 3000
targets -set -filter {jtag_cable_name =~ "Digilent Zybo Z7 210351B0FE1AA" && level==0} -index 1
fpga -file C:/Users/victo/Desktop/TFM/Zynq/TFM_ZINQ/zynq_swr/TFM_ZINQ/_ide/bitstream/TFM_ZYNQ_wrapper.bit
targets -set -nocase -filter {name =~"APU*"}
loadhw -hw C:/Users/victo/Desktop/TFM/Zynq/TFM_ZINQ/zynq_swr/TFM_ZYNQ_wrapper/export/TFM_ZYNQ_wrapper/hw/TFM_ZYNQ_wrapper.xsa -mem-ranges [list {0x40000000 0xbfffffff}]
configparams force-mem-access 1
targets -set -nocase -filter {name =~"APU*"}
source C:/Users/victo/Desktop/TFM/Zynq/TFM_ZINQ/zynq_swr/TFM_ZINQ/_ide/psinit/ps7_init.tcl
ps7_init
ps7_post_config
targets -set -nocase -filter {name =~ "*A9*#0"}
dow C:/Users/victo/Desktop/TFM/Zynq/TFM_ZINQ/zynq_swr/TFM_ZINQ/Debug/TFM_ZINQ.elf
configparams force-mem-access 0
----------------End of Script----------------

12:27:35 INFO  : Context for processor 'ps7_cortexa9_0' is selected.
12:27:35 INFO  : 'con' command is executed.
12:27:35 INFO  : ----------------XSDB Script (After Launch)----------------
targets -set -nocase -filter {name =~ "*A9*#0"}
con
----------------End of Script----------------

12:27:35 INFO  : Disconnected from the channel tcfchan#8.
12:28:02 INFO  : Connected to target on host '127.0.0.1' and port '3121'.
12:28:02 INFO  : Jtag cable 'Digilent Zybo Z7 210351B0FE1AA' is selected.
12:28:02 INFO  : 'jtag frequency' command is executed.
12:28:02 INFO  : Context for 'APU' is selected.
12:28:02 INFO  : System reset is completed.
12:28:05 INFO  : 'after 3000' command is executed.
12:28:05 INFO  : 'targets -set -filter {jtag_cable_name =~ "Digilent Zybo Z7 210351B0FE1AA" && level==0} -index 1' command is executed.
12:28:06 INFO  : FPGA configured successfully with bitstream "C:/Users/victo/Desktop/TFM/Zynq/TFM_ZINQ/zynq_swr/TFM_ZINQ/_ide/bitstream/TFM_ZYNQ_wrapper.bit"
12:28:07 INFO  : Context for 'APU' is selected.
12:28:11 INFO  : Hardware design information is loaded from 'C:/Users/victo/Desktop/TFM/Zynq/TFM_ZINQ/zynq_swr/TFM_ZYNQ_wrapper/export/TFM_ZYNQ_wrapper/hw/TFM_ZYNQ_wrapper.xsa'.
12:28:11 INFO  : 'configparams force-mem-access 1' command is executed.
12:28:11 INFO  : Context for 'APU' is selected.
12:28:11 INFO  : Sourcing of 'C:/Users/victo/Desktop/TFM/Zynq/TFM_ZINQ/zynq_swr/TFM_ZINQ/_ide/psinit/ps7_init.tcl' is done.
12:28:11 INFO  : 'ps7_init' command is executed.
12:28:11 INFO  : 'ps7_post_config' command is executed.
12:28:11 INFO  : Context for processor 'ps7_cortexa9_0' is selected.
12:28:12 INFO  : The application 'C:/Users/victo/Desktop/TFM/Zynq/TFM_ZINQ/zynq_swr/TFM_ZINQ/Debug/TFM_ZINQ.elf' is downloaded to processor 'ps7_cortexa9_0'.
12:28:12 INFO  : 'configparams force-mem-access 0' command is executed.
12:28:12 INFO  : ----------------XSDB Script----------------
connect -url tcp:127.0.0.1:3121
targets -set -nocase -filter {name =~"APU*"}
rst -system
after 3000
targets -set -filter {jtag_cable_name =~ "Digilent Zybo Z7 210351B0FE1AA" && level==0} -index 1
fpga -file C:/Users/victo/Desktop/TFM/Zynq/TFM_ZINQ/zynq_swr/TFM_ZINQ/_ide/bitstream/TFM_ZYNQ_wrapper.bit
targets -set -nocase -filter {name =~"APU*"}
loadhw -hw C:/Users/victo/Desktop/TFM/Zynq/TFM_ZINQ/zynq_swr/TFM_ZYNQ_wrapper/export/TFM_ZYNQ_wrapper/hw/TFM_ZYNQ_wrapper.xsa -mem-ranges [list {0x40000000 0xbfffffff}]
configparams force-mem-access 1
targets -set -nocase -filter {name =~"APU*"}
source C:/Users/victo/Desktop/TFM/Zynq/TFM_ZINQ/zynq_swr/TFM_ZINQ/_ide/psinit/ps7_init.tcl
ps7_init
ps7_post_config
targets -set -nocase -filter {name =~ "*A9*#0"}
dow C:/Users/victo/Desktop/TFM/Zynq/TFM_ZINQ/zynq_swr/TFM_ZINQ/Debug/TFM_ZINQ.elf
configparams force-mem-access 0
----------------End of Script----------------

12:28:12 INFO  : Context for processor 'ps7_cortexa9_0' is selected.
12:28:12 INFO  : 'con' command is executed.
12:28:12 INFO  : ----------------XSDB Script (After Launch)----------------
targets -set -nocase -filter {name =~ "*A9*#0"}
con
----------------End of Script----------------

12:28:12 INFO  : Disconnected from the channel tcfchan#9.
12:29:42 INFO  : Checking for BSP changes to sync application flags for project 'TFM_ZINQ'...
12:29:53 ERROR : (XSDB Server)ERROR: [Hsi 55-1571] The design file C:/Users/victo/Desktop/TFM/Zynq/TFM_ZINQ/zynq_swr/TFM_ZYNQ_wrapper/export/TFM_ZYNQ_wrapper/hw/TFM_ZYNQ_wrapper.xsa is already opened

12:30:10 INFO  : Connected to target on host '127.0.0.1' and port '3121'.
12:30:10 INFO  : Jtag cable 'Digilent Zybo Z7 210351B0FE1AA' is selected.
12:30:10 INFO  : 'jtag frequency' command is executed.
12:30:10 INFO  : Context for 'APU' is selected.
12:30:10 INFO  : System reset is completed.
12:30:13 INFO  : 'after 3000' command is executed.
12:30:14 INFO  : 'targets -set -filter {jtag_cable_name =~ "Digilent Zybo Z7 210351B0FE1AA" && level==0} -index 1' command is executed.
12:30:15 INFO  : FPGA configured successfully with bitstream "C:/Users/victo/Desktop/TFM/Zynq/TFM_ZINQ/zynq_swr/TFM_ZINQ/_ide/bitstream/TFM_ZYNQ_wrapper.bit"
12:30:15 INFO  : Context for 'APU' is selected.
12:30:15 INFO  : Hardware design information is loaded from 'C:/Users/victo/Desktop/TFM/Zynq/TFM_ZINQ/zynq_swr/TFM_ZYNQ_wrapper/export/TFM_ZYNQ_wrapper/hw/TFM_ZYNQ_wrapper.xsa'.
12:30:15 INFO  : 'configparams force-mem-access 1' command is executed.
12:30:15 INFO  : Context for 'APU' is selected.
12:30:15 INFO  : Sourcing of 'C:/Users/victo/Desktop/TFM/Zynq/TFM_ZINQ/zynq_swr/TFM_ZINQ/_ide/psinit/ps7_init.tcl' is done.
12:30:15 INFO  : 'ps7_init' command is executed.
12:30:15 INFO  : 'ps7_post_config' command is executed.
12:30:16 INFO  : Context for processor 'ps7_cortexa9_0' is selected.
12:30:16 INFO  : The application 'C:/Users/victo/Desktop/TFM/Zynq/TFM_ZINQ/zynq_swr/TFM_ZINQ/Debug/TFM_ZINQ.elf' is downloaded to processor 'ps7_cortexa9_0'.
12:30:16 INFO  : 'configparams force-mem-access 0' command is executed.
12:30:16 INFO  : ----------------XSDB Script----------------
connect -url tcp:127.0.0.1:3121
targets -set -nocase -filter {name =~"APU*"}
rst -system
after 3000
targets -set -filter {jtag_cable_name =~ "Digilent Zybo Z7 210351B0FE1AA" && level==0} -index 1
fpga -file C:/Users/victo/Desktop/TFM/Zynq/TFM_ZINQ/zynq_swr/TFM_ZINQ/_ide/bitstream/TFM_ZYNQ_wrapper.bit
targets -set -nocase -filter {name =~"APU*"}
loadhw -hw C:/Users/victo/Desktop/TFM/Zynq/TFM_ZINQ/zynq_swr/TFM_ZYNQ_wrapper/export/TFM_ZYNQ_wrapper/hw/TFM_ZYNQ_wrapper.xsa -mem-ranges [list {0x40000000 0xbfffffff}]
configparams force-mem-access 1
targets -set -nocase -filter {name =~"APU*"}
source C:/Users/victo/Desktop/TFM/Zynq/TFM_ZINQ/zynq_swr/TFM_ZINQ/_ide/psinit/ps7_init.tcl
ps7_init
ps7_post_config
targets -set -nocase -filter {name =~ "*A9*#0"}
dow C:/Users/victo/Desktop/TFM/Zynq/TFM_ZINQ/zynq_swr/TFM_ZINQ/Debug/TFM_ZINQ.elf
configparams force-mem-access 0
----------------End of Script----------------

12:30:16 INFO  : Context for processor 'ps7_cortexa9_0' is selected.
12:30:16 INFO  : 'con' command is executed.
12:30:16 INFO  : ----------------XSDB Script (After Launch)----------------
targets -set -nocase -filter {name =~ "*A9*#0"}
con
----------------End of Script----------------

12:30:16 INFO  : Disconnected from the channel tcfchan#11.
12:40:48 INFO  : Checking for BSP changes to sync application flags for project 'TFM_ZINQ'...
12:40:57 ERROR : (XSDB Server)ERROR: [Hsi 55-1571] The design file C:/Users/victo/Desktop/TFM/Zynq/TFM_ZINQ/zynq_swr/TFM_ZYNQ_wrapper/export/TFM_ZYNQ_wrapper/hw/TFM_ZYNQ_wrapper.xsa is already opened

12:46:17 INFO  : Connected to target on host '127.0.0.1' and port '3121'.
12:46:18 INFO  : Jtag cable 'Digilent Zybo Z7 210351B0FE1AA' is selected.
12:46:18 INFO  : 'jtag frequency' command is executed.
12:46:18 INFO  : Context for 'APU' is selected.
12:46:18 INFO  : System reset is completed.
12:46:21 INFO  : 'after 3000' command is executed.
12:46:21 INFO  : 'targets -set -filter {jtag_cable_name =~ "Digilent Zybo Z7 210351B0FE1AA" && level==0} -index 1' command is executed.
12:46:22 INFO  : FPGA configured successfully with bitstream "C:/Users/victo/Desktop/TFM/Zynq/TFM_ZINQ/zynq_swr/TFM_ZINQ/_ide/bitstream/TFM_ZYNQ_wrapper.bit"
12:46:22 INFO  : Context for 'APU' is selected.
12:46:22 INFO  : Hardware design information is loaded from 'C:/Users/victo/Desktop/TFM/Zynq/TFM_ZINQ/zynq_swr/TFM_ZYNQ_wrapper/export/TFM_ZYNQ_wrapper/hw/TFM_ZYNQ_wrapper.xsa'.
12:46:22 INFO  : 'configparams force-mem-access 1' command is executed.
12:46:22 INFO  : Context for 'APU' is selected.
12:46:22 INFO  : Sourcing of 'C:/Users/victo/Desktop/TFM/Zynq/TFM_ZINQ/zynq_swr/TFM_ZINQ/_ide/psinit/ps7_init.tcl' is done.
12:46:23 INFO  : 'ps7_init' command is executed.
12:46:23 INFO  : 'ps7_post_config' command is executed.
12:46:23 INFO  : Context for processor 'ps7_cortexa9_0' is selected.
12:46:23 INFO  : The application 'C:/Users/victo/Desktop/TFM/Zynq/TFM_ZINQ/zynq_swr/TFM_ZINQ/Debug/TFM_ZINQ.elf' is downloaded to processor 'ps7_cortexa9_0'.
12:46:23 INFO  : 'configparams force-mem-access 0' command is executed.
12:46:23 INFO  : ----------------XSDB Script----------------
connect -url tcp:127.0.0.1:3121
targets -set -nocase -filter {name =~"APU*"}
rst -system
after 3000
targets -set -filter {jtag_cable_name =~ "Digilent Zybo Z7 210351B0FE1AA" && level==0} -index 1
fpga -file C:/Users/victo/Desktop/TFM/Zynq/TFM_ZINQ/zynq_swr/TFM_ZINQ/_ide/bitstream/TFM_ZYNQ_wrapper.bit
targets -set -nocase -filter {name =~"APU*"}
loadhw -hw C:/Users/victo/Desktop/TFM/Zynq/TFM_ZINQ/zynq_swr/TFM_ZYNQ_wrapper/export/TFM_ZYNQ_wrapper/hw/TFM_ZYNQ_wrapper.xsa -mem-ranges [list {0x40000000 0xbfffffff}]
configparams force-mem-access 1
targets -set -nocase -filter {name =~"APU*"}
source C:/Users/victo/Desktop/TFM/Zynq/TFM_ZINQ/zynq_swr/TFM_ZINQ/_ide/psinit/ps7_init.tcl
ps7_init
ps7_post_config
targets -set -nocase -filter {name =~ "*A9*#0"}
dow C:/Users/victo/Desktop/TFM/Zynq/TFM_ZINQ/zynq_swr/TFM_ZINQ/Debug/TFM_ZINQ.elf
configparams force-mem-access 0
----------------End of Script----------------

12:46:23 INFO  : Context for processor 'ps7_cortexa9_0' is selected.
12:46:23 INFO  : 'con' command is executed.
12:46:23 INFO  : ----------------XSDB Script (After Launch)----------------
targets -set -nocase -filter {name =~ "*A9*#0"}
con
----------------End of Script----------------

12:46:23 INFO  : Disconnected from the channel tcfchan#13.
13:13:26 INFO  : Checking for BSP changes to sync application flags for project 'TFM_ZINQ'...
13:13:37 ERROR : (XSDB Server)ERROR: [Hsi 55-1571] The design file C:/Users/victo/Desktop/TFM/Zynq/TFM_ZINQ/zynq_swr/TFM_ZYNQ_wrapper/export/TFM_ZYNQ_wrapper/hw/TFM_ZYNQ_wrapper.xsa is already opened

13:14:17 INFO  : Connected to target on host '127.0.0.1' and port '3121'.
13:14:18 INFO  : Jtag cable 'Digilent Zybo Z7 210351B0FE1AA' is selected.
13:14:18 INFO  : 'jtag frequency' command is executed.
13:14:18 INFO  : Context for 'APU' is selected.
13:14:18 INFO  : System reset is completed.
13:14:21 INFO  : 'after 3000' command is executed.
13:14:21 INFO  : 'targets -set -filter {jtag_cable_name =~ "Digilent Zybo Z7 210351B0FE1AA" && level==0} -index 1' command is executed.
13:14:22 INFO  : FPGA configured successfully with bitstream "C:/Users/victo/Desktop/TFM/Zynq/TFM_ZINQ/zynq_swr/TFM_ZINQ/_ide/bitstream/TFM_ZYNQ_wrapper.bit"
13:14:22 INFO  : Context for 'APU' is selected.
13:14:23 INFO  : Hardware design information is loaded from 'C:/Users/victo/Desktop/TFM/Zynq/TFM_ZINQ/zynq_swr/TFM_ZYNQ_wrapper/export/TFM_ZYNQ_wrapper/hw/TFM_ZYNQ_wrapper.xsa'.
13:14:23 INFO  : 'configparams force-mem-access 1' command is executed.
13:14:23 INFO  : Context for 'APU' is selected.
13:14:23 INFO  : Sourcing of 'C:/Users/victo/Desktop/TFM/Zynq/TFM_ZINQ/zynq_swr/TFM_ZINQ/_ide/psinit/ps7_init.tcl' is done.
13:14:23 INFO  : 'ps7_init' command is executed.
13:14:23 INFO  : 'ps7_post_config' command is executed.
13:14:23 INFO  : Context for processor 'ps7_cortexa9_0' is selected.
13:14:23 INFO  : The application 'C:/Users/victo/Desktop/TFM/Zynq/TFM_ZINQ/zynq_swr/TFM_ZINQ/Debug/TFM_ZINQ.elf' is downloaded to processor 'ps7_cortexa9_0'.
13:14:23 INFO  : 'configparams force-mem-access 0' command is executed.
13:14:23 INFO  : ----------------XSDB Script----------------
connect -url tcp:127.0.0.1:3121
targets -set -nocase -filter {name =~"APU*"}
rst -system
after 3000
targets -set -filter {jtag_cable_name =~ "Digilent Zybo Z7 210351B0FE1AA" && level==0} -index 1
fpga -file C:/Users/victo/Desktop/TFM/Zynq/TFM_ZINQ/zynq_swr/TFM_ZINQ/_ide/bitstream/TFM_ZYNQ_wrapper.bit
targets -set -nocase -filter {name =~"APU*"}
loadhw -hw C:/Users/victo/Desktop/TFM/Zynq/TFM_ZINQ/zynq_swr/TFM_ZYNQ_wrapper/export/TFM_ZYNQ_wrapper/hw/TFM_ZYNQ_wrapper.xsa -mem-ranges [list {0x40000000 0xbfffffff}]
configparams force-mem-access 1
targets -set -nocase -filter {name =~"APU*"}
source C:/Users/victo/Desktop/TFM/Zynq/TFM_ZINQ/zynq_swr/TFM_ZINQ/_ide/psinit/ps7_init.tcl
ps7_init
ps7_post_config
targets -set -nocase -filter {name =~ "*A9*#0"}
dow C:/Users/victo/Desktop/TFM/Zynq/TFM_ZINQ/zynq_swr/TFM_ZINQ/Debug/TFM_ZINQ.elf
configparams force-mem-access 0
----------------End of Script----------------

13:14:23 INFO  : Context for processor 'ps7_cortexa9_0' is selected.
13:14:23 INFO  : 'con' command is executed.
13:14:23 INFO  : ----------------XSDB Script (After Launch)----------------
targets -set -nocase -filter {name =~ "*A9*#0"}
con
----------------End of Script----------------

13:14:24 INFO  : Disconnected from the channel tcfchan#15.
